19984.2114962
19890.7450633
19984.2114962
19984.2114962
19763.1724432
19597.6143018
19984.2114962
19384.3492718
18212.6984702
19593.0949954
19984.2114962
19414.6616895
19984.2114962
14445.4575532
19984.2114962
17851.3904399
19910.7114962
17808.9912021
19984.2114962
19984.2114962
19984.2114962
16534.9782012
19952.6344886
19984.2114962
19984.2114962
19984.2114962
19984.2114962
19984.2114962
18760.5253813
18961.5120618
19984.2114962
19984.2114962
19984.2114962
19639.3935926
19391.5842417
19984.2114962
19889.4804735
19984.2114962
19952.6344886
19984.2114962
19416.6518162
19494.527421
16518.4262563
19889.4804735
19984.2114962
19984.2114962
19984.2114962
13781.9040655
19064.8863459
19984.2114962
19984.2114962
19870.7786305
19842.1149621
19890.7450633
19984.2114962
19921.0574811
19711.0471676
19984.2114962
19984.2114962
20000.0
19651.147869
19984.2114962
16431.3788078
19984.2114962
19984.2114962
19984.2114962
19011.2211746
19819.23519
19921.0574811
19984.2114962
19608.7172399
19577.647869
19984.2114962
19199.208857
19952.6344886
19984.2114962
19889.4804735
19984.2114962
19316.8196519
19984.2114962
19984.2114962
19984.2114962
19921.0574811
19577.3064916
19984.2114962
11030.4626093
18375.3523637
19889.4804735
19984.2114962
19984.2114962
19984.2114962
19268.3872263
19269.5081146
19952.6344886
19984.2114962
19984.2114962
19747.7253167
19984.2114962
19984.2114962
19952.6344886
19984.2114962
19984.2114962
19984.2114962
19561.5179879
19890.7450633
19984.2114962
15917.19202
19630.1145219
19984.2114962
19064.401267
19785.6680558
19732.8600255
19984.2114962
19984.2114962
19952.6344886
19457.8492718
19952.6344886
19984.2114962
19777.3121976
19779.3023243
19984.2114962
19984.2114962
19815.9804735
19984.2114962
19984.2114962
19984.2114962
19984.2114962
19847.5574811
17519.8406939
18729.241179
17458.179604
19984.2114962
19984.2114962
19952.6344886
10975.5279471
19488.0179879
19984.2114962
19260.1750698
19968.4229924
19870.7786305
19921.0574811
19984.2114962
19984.2114962
19921.0574811
18130.0131497
19984.2114962
19984.2114962
19984.2114962
17970.9757821
19719.4030257
19984.2114962
19984.2114962
19984.2114962
19984.2114962
18783.5372943
19659.5037271
19984.2114962
19131.7332112
19984.2114962
19984.2114962
19756.0811749
19921.0574811
19984.2114962
19984.2114962
19984.2114962
11331.0909769
19984.2114962
19889.4804735
19921.0574811
19984.2114962
17824.03864
19910.7114962
19984.2114962
18810.3537808
20000.0
15232.45352
19984.2114962
19984.2114962
19984.2114962
19807.6246153
19711.0471676
17185.9682922
12137.4643827
19984.2114962
19984.2114962
18972.7780205
19984.2114962
19921.0574811
19787.6581825
19984.2114962
19316.6759502
19984.2114962
19984.2114962
19921.0574811
16989.8466221
19952.6344886
19952.6344886
19732.8600255
19984.2114962
19614.3260181
19484.7632713
19839.2016229
19984.2114962
19716.1483092
19984.2114962
19952.6344886
19952.6344886
19984.2114962
19984.2114962
19952.6344886
19984.2114962
19437.6873265
19984.2114962
18971.9985096
19850.8121976
19984.2114962
19827.5910482
19984.2114962
19984.2114962
19952.6344886
19468.051555
19984.2114962
18900.7946018
16591.765399
19850.8121976
19984.2114962
19984.2114962
19642.3069319
19984.2114962
19984.2114962
19732.9459652
19984.2114962
16631.320069
19984.2114962
19984.2114962
17307.7317585
19984.2114962
19952.6344886
16028.7779345
19984.2114962
19870.7786305
19984.2114962
13244.6605806
17342.7004889
19984.2114962
19689.7137937
19488.0179879
19984.2114962
19069.7898118
19984.2114962
19492.1959169
19889.4804735
19984.2114962
19548.9517089
19984.2114962
19984.2114962
19774.8689576
19859.1680558
19707.792451
19921.0574811
20000.0
19796.0140406
19156.9444873
19984.2114962
19304.2858646
18630.7259645
19984.2114962
19984.2114962
19910.7114962
19984.2114962
19952.6344886
19770.9464662
17546.8198238
19984.2114962
19794.7908013
19984.2114962
19984.2114962
19750.9800333
19447.8527788
17561.6057135
19984.2114962
19921.0574811
19984.2114962
19952.6344886
19984.2114962
19399.7963982
19533.6829391
20000.0
19984.2114962
19921.0574811
19984.2114962
18042.222665
19910.7114962
19984.2114962
19889.4804735
19984.2114962
19839.2016229
19984.2114962
19984.2114962
18432.182524
19984.2114962
19984.2114962
19984.2114962
19952.6344886
19984.2114962
19657.5136004
19984.2114962
18183.9415421
18657.9773459
19168.6987636
16018.1620836
19984.2114962
19677.4800333
19889.4804735
19952.6344886
19857.9034659
19984.2114962
19984.2114962
19509.2710421
19984.2114962
19830.8457648
19815.9804735
19889.4804735
19984.2114962
17582.8510075
18632.8597928
18113.0892517
19984.2114962
19984.2114962
19984.2114962
19984.2114962
19984.2114962
19984.2114962
19790.912899
19984.2114962
19952.6344886
19719.4030257
19889.4804735
19984.2114962
19984.2114962
19148.466959
19496.5175476
19984.2114962
18223.041449
19984.2114962
19109.1814361
19984.2114962
19984.2114962
19879.1344886
19597.6143018
19556.3144951
19984.2114962
19554.4267195
19952.6344886
19984.2114962
19764.4370331
17550.548463
19984.2114962
19261.1522564
19984.2114962
19185.464454
19952.6344886
19984.2114962
19088.8330322
19889.4804735
19103.5546218
19984.2114962
19984.2114962
19810.8793319
19984.2114962
19870.7786305
19905.2689773
19984.2114962
18900.1340862
19984.2114962
19393.2869651
19921.0574811
19863.3459849
18273.8838535
19984.2114962
17186.401573
20000.0
19731.0136004
19952.6344886
19361.1281224
19952.6344886
19921.0574811
19984.2114962
19984.2114962
12469.122626
19984.2114962
19759.3358914
19984.2114962
19770.9464662
19921.0574811
19984.2114962
15456.8432241
19038.5541816
19120.2470066
19984.2114962
19866.2114962
19183.4203533
19910.7114962
19526.1044285
19984.2114962
19022.7122551
19866.2114962
19952.6344886
19889.4804735
19889.4804735
19984.2114962
19673.8807007
17245.4431918
18359.2665226
19984.2114962
19870.7786305
19984.2114962
19060.2233379
16394.6042504
19756.0811749
19984.2114962
19984.2114962
19984.2114962
19859.1680558
19984.2114962
19984.2114962
19847.5574811
18659.5178055
19654.2588839
18356.5766785
19674.2253167
19984.2114962
19984.2114962
19984.2114962
19200.2080751
19984.2114962
19839.2016229
19984.2114962
19984.2114962
18863.9574274
19984.2114962
19764.4370331
19984.2114962
19795.0908281
19984.2114962
19984.2114962
19984.2114962
19690.9370331
18148.1866054
19984.2114962
19984.2114962
19425.9308869
19660.6246153
19870.7786305
18598.9996604
19890.7450633
19984.2114962
19984.2114962
19984.2114962
19984.2114962
19984.2114962
17917.0707293
18756.3402307
19383.9539078
19921.0574811
19984.2114962
20000.0
19843.379552
19739.3694586
19984.2114962
19651.147869
19755.1579624
19718.3361116
19984.2114962
19479.8058313
19984.2114962
19952.6344886
19984.2114962
19984.2114962
19984.2114962
19984.2114962
19819.23519
19984.2114962
19905.2689773
18411.7498051
19921.0574811
19921.0574811
19984.2114962
18126.5179753
19827.5910482
19984.2114962
19984.2114962
18194.5214823
19952.6344886
19984.2114962
19984.2114962
19697.4464662
19984.2114962
19984.2114962
19984.2114962
20000.0
19984.2114962
19984.2114962
19984.2114962
17563.5443083
19754.0910482
19984.2114962
19745.73519
14215.9564988
19984.2114962
19984.2114962
17603.4946001
10976.3416121
19984.2114962
15600.6386686
19952.6344886
19687.8260181
19819.23519
19984.2114962
19984.2114962
19952.6344886
19984.2114962
19599.4607269
19984.2114962
19921.0574811
19921.0574811
16918.570178
19984.2114962
19206.6415027
19283.108816
19879.1344886
19889.4804735
19984.2114962
19984.2114962
19984.2114962
19537.5713016
19984.2114962
19984.2114962
19984.2114962
19921.0574811
19984.2114962
19879.1344886
19115.1651965
19377.696137
17033.5534982
19984.2114962
19984.2114962
19984.2114962
19984.2114962
19984.2114962
19984.2114962
19984.2114962
19984.2114962
18972.199424
19984.2114962
19984.2114962
19984.2114962
19142.4205734
19984.2114962
19952.6344886
19984.2114962
19910.7114962
19984.2114962
19306.473667
18972.2891515
19705.8023243
17435.7073058
19270.377353
19984.2114962
19984.2114962
19984.2114962
19061.3442261
19984.2114962
19952.6344886
19448.2288238
19774.8689576
19750.9800333
19984.2114962
19547.9172865
19984.2114962
20000.0
19984.2114962
19699.4365929
19984.2114962
19786.5241215
13404.2183279
19984.2114962
19984.2114962
19984.2114962
19984.2114962
19984.2114962
19747.7253167
18923.5693227
18864.6152682
19952.6344886
19984.2114962
19431.3734058
19984.2114962
19952.6344886
19411.0655956
19890.7450633
19984.2114962
19984.2114962
19984.2114962
19952.6344886
19984.2114962
19984.2114962
19984.2114962
19621.6815828
19810.8793319
19952.6344886
19672.9607269
19984.2114962
19984.2114962
19984.2114962
19984.2114962
19952.6344886
19952.6344886
19984.2114962
19459.8393985
19725.7687572
19591.2485704
19984.2114962
19708.3264584
19984.2114962
19846.2896525
19984.2114962
19419.7628311
17725.1081934
19984.2114962
19984.2114962
19984.2114962
19984.2114962
19984.2114962
18936.5204929
19984.2114962
19952.6344886
19819.23519
18288.7284339
19984.2114962
19984.2114962
19356.4172865
19984.2114962
19984.2114962
19984.2114962
19984.2114962
19910.7114962
19984.2114962
19984.2114962
19008.6766588
19984.2114962
19984.2114962
19984.2114962
19691.0807347
19984.2114962
19984.2114962
19768.6149621
19984.2114962
19984.2114962
19984.2114962
19309.5846819
19984.2114962
19952.6344886
19984.2114962
19984.2114962
19952.6344886
19806.4459652
19747.3839394
19984.2114962
19984.2114962
19984.2114962
19810.8793319
19984.2114962
19952.6344886
19092.0877487
19984.2114962
19787.6581825
19952.6344886
19984.2114962
19984.2114962
19984.2114962
19984.2114962
20000.0
19984.2114962
19984.2114962
19984.2114962
19952.6344886
19815.9804735
19879.1344886
19029.3119293
19890.7450633
19984.2114962
19984.2114962
19952.6344886
19984.2114962
19910.7114962
19984.2114962
19857.9034659
19866.2114962
19952.6344886
19984.2114962
19984.2114962
18175.7299117
19984.2114962
19585.4482626
19984.2114962
19984.2114962
19984.2114962
19696.1818763
19952.6344886
19984.2114962
19921.0574811
19984.2114962
19750.9800333
19984.2114962
19984.2114962
19984.2114962
19952.6344886
17127.9785554
19952.6344886
18195.3031439
19984.2114962
19780.2255368
19857.9034659
19737.3793319
20000.0
19984.2114962
19796.0140406
19890.7450633
19984.2114962
19984.2114962
19984.2114962
19839.2016229
19984.2114962
19984.2114962
18094.8869937
19704.5377345
20000.0
13888.99377
19984.2114962
15788.3499468
19873.6919697
18921.7228977
19536.4504134
19890.7450633
19689.6724432
19952.6344886
19984.2114962
20000.0
19784.4034659
19984.2114962
19839.2016229
19677.4800333
18740.7147475
19827.5910482
17513.4088805
19984.2114962
18006.4319748
19984.2114962
19984.2114962
19921.0574811
19890.7450633
19984.2114962
19984.2114962
19984.2114962
14223.1865929
19952.6344886
19984.2114962
16484.8452428
19653.958857
18913.3670395
19984.2114962
19098.4534802
19619.5708614
19984.2114962
19952.6344886
19984.2114962
19984.2114962
19859.1680558
19984.2114962
14558.0031423
19952.6344886
13720.686203
19952.6344886
19984.2114962
19665.8694586
19728.6820964
18972.3044751
19890.7450633
19707.792451
18262.6869115
19750.9800333
17105.4133162
19984.2114962
19536.3480622
19984.2114962
19984.2114962
19984.2114962
19984.2114962
19984.2114962
19636.4802534
19984.2114962
18847.2457111
19873.6919697
19952.6344886
19984.2114962
19952.6344886
19482.4505601
19952.6344886
19984.2114962
19984.2114962
19984.2114962
19984.2114962
19790.912899
19984.2114962
15213.9367647
19984.2114962
19984.2114962
19433.5612082
19952.6344886
19984.2114962
18798.6986169
19984.2114962
19984.2114962
19984.2114962
10066.8301855
17523.9288955
19984.2114962
19984.2114962
17847.8571536
19651.147869
19251.3440542
19984.2114962
19587.8501522
19984.2114962
19675.2597391
19579.6379957
19984.2114962
19704.5377345
18136.8099861
19870.7786305
19831.7689773
18715.8365392
19830.8457648
19984.2114962
19984.2114962
17681.5292426
19984.2114962
19984.2114962
19984.2114962
19952.6344886
19984.2114962
19984.2114962
19984.2114962
19984.2114962
19984.2114962
19594.3595853
19368.1170395
18062.8788812
19332.7926585
19839.2016229
19952.6344886
19905.2689773
19984.2114962
18949.7550834
19984.2114962
19576.2395775
