19052.154883
19794.7908013
19807.6246153
19172.2892626
16549.5061105
13834.2270168
19531.3492718
19984.2114962
19151.9870473
19984.2114962
19984.2114962
19952.6344886
19984.2114962
19984.2114962
19711.7149424
19952.6344886
17117.0778649
19984.2114962
19984.2114962
19984.2114962
17114.0565776
19984.2114962
19984.2114962
19041.9977403
19600.7253167
19984.2114962
17729.1254706
19870.7786305
19889.4804735
19810.8793319
19622.6818763
19003.5787558
19231.7090772
19984.2114962
11581.2879944
19984.2114962
19984.2114962
19984.2114962
19984.2114962
19984.2114962
19984.2114962
19984.2114962
19273.7526643
19984.2114962
19921.0574811
19075.2323308
19984.2114962
18344.4949418
19638.2149424
19795.0908281
19819.23519
19984.2114962
19268.530928
19984.2114962
19236.0846819
20000.0
19890.7450633
19984.2114962
19984.2114962
19679.47016
19984.2114962
19984.2114962
19984.2114962
19984.2114962
19984.2114962
19150.4318155
19847.5574811
13160.4874896
19921.0574811
18406.3913685
19984.2114962
19984.2114962
19984.2114962
19984.2114962
19651.9494114
12846.5035594
19952.6344886
19984.2114962
19984.2114962
19984.2114962
19248.5644951
19890.7450633
18381.2209188
19984.2114962
19984.2114962
19984.2114962
18773.4010951
19984.2114962
19984.2114962
19748.6485293
19567.3838409
19847.5574811
19984.2114962
18852.2345675
15941.5153361
19744.4706002
19984.2114962
14479.8417567
19826.3678088
17394.2850722
19859.1680558
19984.2114962
19890.7450633
19984.2114962
19507.0612082
18913.3670395
19984.2114962
19984.2114962
19984.2114962
19984.2114962
19799.2687572
19274.8966594
19984.2114962
19984.2114962
19984.2114962
19725.7687572
19850.8121976
19984.2114962
17791.6936698
19685.8358914
19984.2114962
16018.143471
18052.9640012
18103.2302303
18976.1796773
19830.8457648
19984.2114962
19984.2114962
19984.2114962
19984.2114962
19921.0574811
19984.2114962
19952.6344886
19984.2114962
19984.2114962
19984.2114962
19528.8740661
19338.0506746
19984.2114962
18496.2057777
18120.0982698
19984.2114962
19984.2114962
19952.6344886
19984.2114962
19554.4267195
19984.2114962
19984.2114962
19873.6919697
19952.6344886
19984.2114962
19826.3264584
19984.2114962
14564.9848001
19984.2114962
19704.5377345
19984.2114962
20000.0
13315.0885327
19984.2114962
19458.7724843
19984.2114962
19870.7786305
19952.6344886
19984.2114962
19984.2114962
19252.6526966
19984.2114962
19459.6186159
19984.2114962
19984.2114962
19819.23519
19952.6344886
19984.2114962
19984.2114962
19984.2114962
19794.7908013
18977.9952101
16739.3931168
19984.2114962
19984.2114962
19952.6344886
19889.4804735
19984.2114962
19042.6104405
19737.3793319
19739.3694586
17639.9277593
19984.2114962
17201.8884128
19968.4229924
19549.1818763
19984.2114962
19984.2114962
17666.0864323
19984.2114962
18673.7698451
19381.3102796
19467.4069122
19952.6344886
19984.2114962
19617.5807347
19791.8361116
19952.6344886
19797.2786305
18586.4934996
19300.1079355
19984.2114962
19559.6138008
19783.4802534
19984.2114962
19231.5653755
19952.6344886
15654.2952998
19086.5555022
19984.2114962
19850.8121976
19622.6818763
19889.4804735
19952.6344886
19921.0574811
19952.6344886
19984.2114962
19842.1149621
19648.6022778
19984.2114962
19847.5574811
19984.2114962
19984.2114962
18129.6521222
18978.5111814
19984.2114962
15188.7254886
19921.0574811
19984.2114962
17352.0558439
19984.2114962
19577.5041673
19170.7428644
19984.2114962
15030.2717779
18369.0285089
19984.2114962
17516.6939255
19910.7114962
19984.2114962
19984.2114962
19984.2114962
19952.6344886
19984.2114962
19123.5909015
19984.2114962
19984.2114962
19952.6344886
19984.2114962
19984.2114962
19984.2114962
19952.6344886
19984.2114962
19984.2114962
16842.2465664
19952.6344886
19790.912899
19984.2114962
19984.2114962
16934.4532496
19984.2114962
19921.0574811
19952.6344886
19984.2114962
19556.4168462
19711.0471676
19984.2114962
19968.4229924
19984.2114962
19984.2114962
19984.2114962
19736.114742
19651.0041673
14938.8470498
19984.2114962
19984.2114962
19565.8935926
18394.0960834
19763.1724432
19984.2114962
19826.3678088
19984.2114962
19921.0574811
19984.2114962
19827.5910482
19984.2114962
19952.6344886
19921.0574811
19984.2114962
19859.1680558
19952.6344886
15857.1484936
19984.2114962
19984.2114962
19952.6344886
19850.8121976
19587.8469135
17832.0686499
19830.8457648
19120.4100397
19638.6680558
19952.6344886
20000.0
19952.6344886
19077.2224575
19910.7114962
19889.4804735
19890.7450633
19984.2114962
19984.2114962
19984.2114962
19984.2114962
19423.551555
19952.6344886
18047.9657621
19984.2114962
19766.6022778
19984.2114962
19531.2055701
19984.2114962
19984.2114962
19984.2114962
18641.215651
19699.4365929
19447.8527788
19952.6344886
19557.6814361
19850.8121976
14144.6110778
19984.2114962
19984.2114962
19984.2114962
19984.2114962
19591.2485704
19984.2114962
19301.6229048
19984.2114962
19952.6344886
19826.3678088
18619.4020237
19984.2114962
19984.2114962
19602.7154434
19984.2114962
19601.7597391
19984.2114962
19984.2114962
19984.2114962
19984.2114962
19910.7114962
19790.912899
19984.2114962
19159.3695089
19984.2114962
19179.3391805
19952.6344886
19984.2114962
19921.0574811
19984.2114962
19984.2114962
19301.8965986
19827.5910482
19890.7450633
19984.2114962
19984.2114962
19984.2114962
19471.4499732
19984.2114962
19984.2114962
19709.6356374
19984.2114962
17466.1634252
19859.1680558
19796.0140406
19952.6344886
19205.4021705
19984.2114962
19984.2114962
18798.6986169
19984.2114962
19952.6344886
19984.2114962
20000.0
19790.912899
19921.0574811
19952.6344886
19984.2114962
19161.3200921
19952.6344886
19952.6344886
19921.0574811
19984.2114962
17381.0391285
19921.0574811
19631.1814361
19311.7185102
19984.2114962
19984.2114962
19984.2114962
19879.1344886
19984.2114962
18293.4304341
19984.2114962
17501.3975294
18548.3817887
19968.4229924
19984.2114962
19984.2114962
19984.2114962
19984.2114962
19850.8121976
19739.9034659
20000.0
19984.2114962
19921.0574811
18451.0280687
19984.2114962
19984.2114962
19369.0176944
19984.2114962
19921.0574811
19984.2114962
19857.9034659
19984.2114962
19984.2114962
19839.2016229
19619.5708614
19984.2114962
19984.2114962
19815.9804735
19984.2114962
17845.3693244
19952.6344886
19763.1724432
19826.3264584
19984.2114962
19786.5241215
19256.9010217
19699.4365929
19984.2114962
19910.7114962
19952.6344886
19850.8121976
19799.2687572
19984.2114962
19984.2114962
19952.6344886
19890.7450633
19984.2114962
19984.2114962
19984.2114962
18404.7294715
19984.2114962
19952.6344886
19508.9076333
19984.2114962
19984.2114962
19811.8025444
18648.8849666
19984.2114962
12391.0888262
19984.2114962
19984.2114962
19984.2114962
19514.4938538
16148.9134503
19921.0574811
19984.2114962
19123.265617
19984.2114962
19984.2114962
19634.292451
19984.2114962
19984.2114962
19910.7114962
19032.0447485
19984.2114962
19984.2114962
20000.0
19870.7786305
13270.7988718
19984.2114962
19984.2114962
19984.2114962
19984.2114962
17789.523023
19984.2114962
19984.2114962
19799.2687572
19325.907193
19984.2114962
19046.9100397
14243.8828766
19952.6344886
19984.2114962
19984.2114962
17340.1427981
17797.1890979
19834.6344886
19921.0574811
19625.9365929
19952.6344886
19952.6344886
19952.6344886
19910.7114962
19984.2114962
19839.2016229
18113.1577318
19984.2114962
19984.2114962
19984.2114962
17995.7803662
19859.1680558
19500.8413417
19984.2114962
19984.2114962
19750.9800333
19984.2114962
19756.0811749
19984.2114962
19984.2114962
19952.6344886
19498.9030257
19984.2114962
19984.2114962
19984.2114962
19984.2114962
19984.2114962
19984.2114962
18176.7098108
19591.2485704
19859.1680558
19984.2114962
19984.2114962
15598.7597287
19531.3492718
19756.0811749
19984.2114962
19952.6344886
19984.2114962
19527.9508536
17825.9103227
19839.2016229
18247.8635199
19984.2114962
19028.7900319
13331.0653147
19984.2114962
19724.5041673
19850.8121976
19546.0708614
19984.2114962
19784.4034659
19984.2114962
19984.2114962
19984.2114962
19984.2114962
19679.3264584
19984.2114962
12936.7461199
19984.2114962
19984.2114962
19640.2942475
19984.2114962
19984.2114962
18206.563164
19984.2114962
19984.2114962
19984.2114962
19984.2114962
19984.2114962
19984.2114962
19984.2114962
19889.4804735
19240.4998302
19754.0910482
19984.2114962
19921.0574811
19968.4229924
19444.8717561
16742.0912453
19952.6344886
19984.2114962
19984.2114962
19910.7114962
19952.6344886
19984.2114962
19984.2114962
19058.3769128
19952.6344886
19984.2114962
19562.7825777
19437.7391373
19846.2896525
19984.2114962
19984.2114962
19952.6344886
19984.2114962
19952.6344886
18361.6498373
18968.5015156
19984.2114962
19952.6344886
19952.6344886
19952.6344886
19984.2114962
19952.6344886
19847.5574811
19984.2114962
19984.2114962
19984.2114962
19984.2114962
19952.6344886
19280.1415027
19921.0574811
19984.2114962
20000.0
18764.2332112
19790.912899
19984.2114962
19984.2114962
19984.2114962
19984.2114962
19890.7450633
19745.73519
19984.2114962
19984.2114962
19910.7114962
19984.2114962
19984.2114962
19889.4804735
19984.2114962
19819.23519
19984.2114962
19952.6344886
19952.6344886
19209.608816
18926.4133392
19560.4510737
19597.6143018
19452.2630512
19620.6917496
19984.2114962
19984.2114962
19952.6344886
19984.2114962
19984.2114962
19889.4804735
19984.2114962
19984.2114962
19779.3023243
19984.2114962
19774.8689576
19984.2114962
19352.3538059
19984.2114962
19984.2114962
18854.4860705
19984.2114962
18732.6022296
19879.1344886
19984.2114962
19984.2114962
19984.2114962
19984.2114962
19427.3931524
19984.2114962
19984.2114962
19984.2114962
17967.9308512
19952.6344886
19866.2114962
19984.2114962
19921.0574811
19850.8121976
19984.2114962
19984.2114962
19952.6344886
19350.0993829
19984.2114962
19707.792451
19952.6344886
19984.2114962
15181.4156032
19984.2114962
19984.2114962
19952.6344886
19952.6344886
19261.295958
19984.2114962
19650.0809548
19810.8793319
17637.7966435
19633.0278612
19952.6344886
19984.2114962
19984.2114962
12591.4354085
19984.2114962
19984.2114962
19984.2114962
19984.2114962
19984.2114962
19952.6344886
19921.0574811
19827.5910482
16526.6741663
19921.0574811
19984.2114962
19587.3056846
19984.2114962
19241.1858235
19001.3716219
17922.1906386
19984.2114962
19984.2114962
19984.2114962
18712.7255243
19984.2114962
20000.0
19952.6344886
19984.2114962
19984.2114962
19984.2114962
19984.2114962
19677.4800333
19984.2114962
19984.2114962
19984.2114962
19921.0574811
19952.6344886
16169.0901321
19984.2114962
19952.6344886
19984.2114962
18812.5576886
19984.2114962
19984.2114962
18027.3573737
18683.8284267
19984.2114962
19984.2114962
19731.0136004
19984.2114962
19984.2114962
19719.4030257
19984.2114962
19984.2114962
19984.2114962
18425.5167658
19419.6191295
19984.2114962
19984.2114962
19952.6344886
19984.2114962
19171.9534802
19984.2114962
19984.2114962
19952.6344886
19984.2114962
14898.6786628
19984.2114962
19984.2114962
19218.6423831
19984.2114962
20000.0
19719.9816222
15309.8327177
19984.2114962
19984.2114962
19495.4506335
19984.2114962
19984.2114962
19984.2114962
18077.7385776
19984.2114962
19519.7386971
19921.0574811
19984.2114962
19721.2494508
19984.2114962
19984.2114962
19984.2114962
19984.2114962
19768.6149621
19984.2114962
19847.5574811
19984.2114962
19691.0807347
19984.2114962
19984.2114962
19984.2114962
19984.2114962
19952.6344886
19984.2114962
19984.2114962
19177.213647
19984.2114962
19984.2114962
18082.1555307
19984.2114962
19984.2114962
19984.2114962
19984.2114962
19052.0111814
19984.2114962
19921.0574811
19984.2114962
19984.2114962
19984.2114962
18859.7794983
19984.2114962
19952.6344886
19910.7114962
19984.2114962
19984.2114962
15782.7610346
19984.2114962
19656.2490106
19984.2114962
19984.2114962
19984.2114962
19890.7450633
19952.6344886
19984.2114962
19984.2114962
14515.3092901
19984.2114962
19952.6344886
19984.2114962
19984.2114962
19984.2114962
19446.8618828
19790.912899
19984.2114962
18652.4931579
19984.2114962
19984.2114962
19984.2114962
19984.2114962
17957.2971445
19984.2114962
19984.2114962
19842.1563126
19921.0574811
18556.9759288
19805.6344886
19807.6246153
19984.2114962
17842.5583363
