1209.45605901
1034.94653106
2434.73471163
2097.2526922
1540.47823206
2817.92120911
441.632505455
2264.34810537
2483.43532518
1224.86157069
583.982872539
1261.34444583
902.449822486
2672.86675884
1356.98817318
2618.81435301
970.619403104
2406.72364851
1530.82782813
2368.99490737
1777.49771438
1891.34296938
1811.71869495
614.694447923
2083.87929077
2243.67933291
2673.23759277
1033.54278724
1187.31577428
2667.63651555
1494.45619944
2503.55008848
2495.80946227
1654.64190599
2371.99463911
1510.09856045
2198.30406647
2238.76742882
1525.14621564
475.819061023
1227.06775169
2299.6395245
2526.94498651
1113.22381125
589.678642893
1068.13288345
1856.95917453
1153.84310566
1706.19481887
211.654924358
2849.90495298
1860.58446619
2252.21647041
1036.46402884
283.019005393
1780.78141369
1300.58331569
1396.67135158
685.067124274
1332.46975061
651.402183072
2341.39089322
1614.84265845
2525.01826522
2342.18002819
2127.23771533
2703.25495973
1874.00441409
1698.61772265
1491.63270628
2857.28060689
2309.69568091
2647.48870535
1242.15997254
1279.72426863
1756.58618658
2853.64609031
2381.19846609
1416.51211299
1883.60355876
2370.36772015
2454.18871961
2298.33285075
2607.11361866
875.096990514
1969.13818721
836.991168582
778.496903542
2541.11977785
669.214579566
385.804939888
1603.10478451
2567.64521867
2638.40844369
1208.66936092
988.264546575
1808.00272852
794.324048188
2880.07304515
2480.3851314
466.669748358
954.828894418
549.838028081
2549.92073988
2125.90637681
1604.67445027
1185.74347235
1413.14701659
1457.72237054
2720.32784143
1711.09734979
2412.63036495
2625.29267356
1830.07786287
2410.85082885
936.704639702
2732.3218667
1419.76141144
803.819893996
2278.97293301
603.559765629
1136.17206497
2074.12051937
1439.57735382
1216.48176168
2009.17893717
736.74016362
1304.84223495
1993.21544824
1749.79335083
2218.62049339
1444.90342472
1941.72417049
1900.94639575
559.647152967
463.54882558
2984.21149621
2451.16366386
1384.27333403
2569.08019326
1345.51785215
1511.66117064
2035.69453716
1828.74015792
2552.42263256
