26813.2760639
26459.8566406
22717.6734967
26631.8799452
25488.0118107
26593.8261313
25459.9361256
20927.6170167
20804.1232263
21412.9531414
25785.267917
29040.9688062
25821.3687368
27494.70159
20223.7613164
25585.7588778
19653.790595
28587.3665838
27274.1852034
22925.2654215
27971.8329889
24668.4112813
25195.8184014
27080.8980949
25031.9568162
25077.135662
19793.8356396
19353.5729021
27183.975724
25082.7167645
22797.4510727
28171.4776994
24369.2456153
25147.1588243
27438.1535508
22637.120443
28268.1423209
27767.9924482
25031.8667578
23526.1279169
22587.5770151
22196.4025858
24618.92962
25424.519276
19201.6632741
26580.2739298
24007.3134029
27309.222243
27375.332344
16942.9420267
20788.0009447
27417.6254111
15567.4671916
24468.9396177
21081.105675
23658.0121089
23212.9339667
19348.9366589
24893.8539505
25393.6900296
24787.2800587
27136.578387
27361.9834775
17807.7799455
25329.4790763
29250.7977117
20588.9872701
26628.2405561
23367.1337377
28000.6781879
25984.9700215
25532.5040327
27125.1055536
23903.6444018
20874.9120412
19523.5441464
27404.2487119
22883.2355966
23300.1270025
26304.5842426
26988.4423661
26330.9322541
25993.5601772
20933.0214368
25421.7937204
21692.2735201
25708.6232742
25913.9383646
28952.7436009
24836.2183637
24460.0883582
21514.3758743
24119.4376495
21249.8026735
21376.9423295
28719.2720783
28209.3334303
23251.4732063
20329.4023303
23919.1351284
27132.122934
28016.2405869
23572.1221844
24185.4166445
23170.6829418
17095.5238058
27524.3991564
