12.0595706555
11.595689578
10.3541439847
3.64057838942
7.84842305472
9.02824372748
10.4935621074
6.63202674076
4.72718502335
4.59964573254
3.85843094154
0.0849521298659
0.391163360988
7.28970484458
9.91479569897
9.82208951126
12.1768998647
0.855296474952
9.41180090644
2.07605014483
6.06930052311
11.5771790619
3.26508583922
1.12310855024
8.69024929437
11.9093975104
4.70796817029
9.74107892335
12.3541897861
9.14631357967
1.64648533062
7.9308032547
2.04011816353
2.01910913349
2.56917211521
8.79145734191
3.04192854252
2.40275156471
8.9966653941
7.73087271965
0.463253647644
0.450356187882
9.87870778145
3.15776097698
10.1312915871
4.34299107606
8.42500285493
2.68310632531
7.89646659372
2.06259933339
3.15432870727
7.25513032372
7.59316113365
8.04293776292
4.57917172362
10.5311749457
0.255356649191
5.2441950651
8.43303990814
3.45320251819
6.25337858367
6.21579642977
1.81096090029
4.13385719474
1.05466473752
5.70846187246
10.5859910619
4.24469987338
4.76089207648
6.74825097463
10.6507554659
8.02926356276
4.38180199765
12.1307925876
2.69109253798
0.630565309582
1.88798324747
7.74394882031
11.8463612828
5.6346427983
8.17565352094
0.909584409553
6.31526002021
5.15194426231
6.35832345308
4.90846385789
2.08269321103
11.133383564
4.684248886
5.4174884873
2.49604881242
5.61615816868
1.39042140393
6.42226373261
7.43968568044
7.20900571403
7.18217948869
3.17129016236
5.69416525363
8.53268592643
9.7268555265
2.88088655798
2.57963307893
10.1049591531
11.8631080466
4.45160164241
5.63291402099
12.3414620066
10.404297804
4.2931201442
4.60825839013
9.51521792815
7.3622161026
1.77938106182
8.21441963747
6.96027503989
11.2286999821
4.49570019933
1.51892859233
4.75199681234
8.23553126665
10.0179177954
1.70751084144
9.96904548904
1.31921117579
4.42170522192
0.157364810553
3.84796271668
6.3504832345
6.51656594819
3.73109345223
6.48548452866
7.67347974777
12.3868625394
6.74928830974
7.24806781959
4.35140900011
7.06911840106
9.86082415439
5.89035129733
4.437393955
5.03158024389
0.454151143529
12.3672266171
10.1610557696
0.953587923762
12.2413258563
7.78639764195
0.760852605789
8.45675965483
1.15143776274
2.69137279525
10.6112832083
9.72915619979
1.89865333448
6.31287813369
8.11344588265
8.34001596827
4.7024400091
5.04244246275
4.2806065521
2.79937180597
2.29326114913
6.86490782602
2.57771277538
7.27667102845
7.96276398864
9.2713921999
11.7109537372
0.824552924203
8.03808608485
7.64062303304
10.4087648624
10.3651424438
7.77558454337
2.49728063499
6.13074324961
7.02514141242
0.433850888938
9.42884288371
10.6858019977
6.89311252889
7.73010489012
0.393818094717
8.33745971003
7.52401917506
2.31983873996
2.19196005122
6.05416785652
10.6284193434
0.185115878675
8.46848219265
3.49261198441
7.69159944519
5.90300934352
5.58846437981
5.80733873252
0.872512591806
12.0024796631
1.88103780857
12.1170970611
9.56217260929
5.7347651605
8.87099569675
2.12015706023
11.0500981376
0.651169284842
4.23213993735
3.293572362
5.53343563511
2.47204524601
3.47524324901
9.12133740001
10.8429552481
2.79756254243
4.56156432609
12.2381015798
5.772758023
12.1856122001
0.963053329667
7.12314506029
4.8766097142
8.67583173265
0.521267793905
10.040530959
11.6333229915
5.55206260362
3.7331271118
12.4081706782
7.89214404989
12.3927621931
7.46755642096
3.58277327537
1.19982846287
5.43036117024
0.330852281153
6.90040138978
3.17358375587
2.64159391614
7.51816024051
10.6465878145
10.3751736917
11.8672781763
5.65802585176
8.44365643517
3.981852599
8.81610219308
9.17565625272
3.68220652553
2.61732714158
3.82242329241
10.9039048289
9.74695401373
9.2881669288
11.825343376
10.1523005833
2.62845865414
9.04591654511
9.84706690169
3.54739372345
9.25435369931
8.75397879004
5.18851127346
5.98692419361
7.51188928582
9.67046095524
1.13909520169
12.461721534
5.96933704227
4.76970997166
3.76780188792
12.141491486
10.9841976076
0.593921979135
1.74528408647
1.3541047513
1.96429602068
9.23662133598
12.4670635046
10.0537770541
11.1668820052
11.1201606708
8.13896033757
10.1833156947
2.35163272488
4.52323476047
9.7642600678
0.912810417085
12.3716291156
6.46933842264
5.56723634262
6.4460100219
7.39388591582
6.53315405074
9.18813073693
2.97132242847
3.91088932411
9.20466140608
12.4998259118
6.95198201388
7.67832113522
8.78303764077
1.24203881387
3.01937438975
11.5509516894
2.18835932028
5.76207785299
12.0173439736
11.9058552931
7.09334189029
1.64148491368
9.41778709123
7.62327457367
5.18656539034
4.82047704974
8.72292686186
5.13480884065
11.0465936195
3.44116720261
1.45489121621
12.3034432453
5.93678321521
9.29794474645
10.7540875201
10.8175392988
9.56282463532
1.01050891431
8.67933122129
1.67650109554
5.21480414062
9.23801707401
11.0451305545
6.71859728261
8.49784032528
3.84344353996
6.80099287015
10.2834470017
6.31253700149
9.89519951168
6.32630709489
0.124677798552
8.31201807096
9.56628874506
0.236769291483
4.68654387658
7.69808734478
11.3722050962
8.9100207721
5.94915393446
2.8691739763
9.15818584092
11.5992156831
0.0361842053448
7.28528304144
6.30130691377
2.01757159963
2.50483215423
7.66296499825
9.83480185039
4.68039502941
6.68402781588
10.9327307354
5.49388406864
8.59119321013
8.1143718694
1.68947649234
1.12752799083
6.59125003186
9.97777459288
9.24088420845
2.19035762459
4.93444974243
11.0838559752
0.482302120737
3.84546233698
7.64022087289
8.51154654478
10.141996944
3.1242132236
9.25503236896
4.16630978508
10.6411641321
5.43157158268
7.64923084392
6.21025456676
1.00518025208
7.18648953957
1.16871205628
0.201854437096
6.31136919956
6.60034100514
8.3513326233
10.2322047934
1.7198553797
6.46500382637
4.02452362368
10.4543378148
10.0768485312
9.22900697104
9.99442208585
8.50578165419
10.0106182543
7.71895798822
2.6848109632
2.19510075212
4.91392087323
7.53938994023
3.23544075257
8.84302571873
8.51906014146
7.87499693893
11.4009180051
0.252575139829
3.73424848973
11.9527861797
11.4073304558
3.9090817787
1.95751892341
10.9746822612
11.4839440317
0.318369167135
6.59258220297
1.65877885164
0.168535341177
2.8784491178
8.01471163304
1.80095409473
6.94104352338
10.2522749043
9.45139393639
3.80087705526
4.35015360724
1.34657684934
0.602497493805
9.85332870756
11.7837053639
4.16578607826
1.26940479843
10.329780019
7.59572159081
11.7280347596
0.360574692742
11.1562754456
2.95455621256
2.95406548735
3.04934289647
10.5503626673
7.68328533462
11.3383685486
1.53480642739
0.938920974601
6.34006612678
5.49271259534
0.0429077865283
7.32685663092
6.4085132479
8.25052374055
12.4737029607
4.8550490689
8.23709421836
1.21057457292
1.92247733489
3.73845027147
0.909937961751
10.3570567724
12.2860584985
5.07743705789
2.48886096118
10.3244101104
12.1372862238
4.87129468724
12.4675109443
