2.60262149007
0.135960008473
5.56932701256
1.86831589587
4.40354894925
2.47312114402
1.68228975203
3.09782568876
3.44159696713
2.32922091244
1.65162786392
5.90483434256
3.11881764611
5.84887011497
1.14792042225
5.74847837103
1.64078830979
3.36356680859
2.42228871018
5.74922419765
3.7146390418
0.19772204654
2.88116856228
0.532357873145
6.26130049918
1.14439956569
3.40564957175
6.10531981659
4.26613979795
2.71968824254
2.01912822527
5.7861342528
5.44407623145
0.754060439132
2.65389178933
2.97420395351
3.80768164776
5.89780424276
3.80704774267
4.78170019196
1.90140572916
3.56766787056
1.44380585833
2.29259743777
6.17971940838
5.69050263977
1.79419991604
1.76155189199
5.9391602743
2.02393040754
5.61075718174
5.81312942706
3.30011190567
5.68914599659
0.919231479417
2.50827554037
4.72156195438
5.45180409915
5.64175361116
4.66410909295
5.34626925384
2.35912513664
5.5732801323
