2.7289576216
0.513887467658
1.22187731758
2.62402143343
0.786449173676
4.09737908971
1.34079753693
5.11507635824
0.74121681649
2.4266775211
2.88787697692
4.80845728687
0.879436201123
2.41383753256
5.43197914053
1.2635614875
4.02121954828
3.41834248734
1.07079489938
1.41390177047
4.96575659936
5.63990988407
2.71031865436
4.6597790808
2.22164361723
1.11760239979
3.80465863131
1.077911953
4.51557875619
0.459940052541
1.37091367806
3.62259307589
2.06642206489
4.61864565061
5.24044166034
0.717082577927
4.71793066985
6.2418473721
1.3713306092
0.269211510158
1.12542644476
4.8149749276
5.61867116066
3.72818286632
2.00998633807
2.04209626717
1.54099527489
5.3977735399
2.95087143286
2.87344113348
3.21045320499
5.14033024848
5.17804426459
1.51028981709
1.95993132389
4.52861805093
0.559534551733
4.26648645532
2.57833968994
1.31541545013
4.62494020026
1.69539713136
5.1056285359
2.2873415208
4.60855176787
5.99175731429
3.29599562413
5.32108190224
5.1420849748
3.74054616821
3.09144463686
1.87290878776
5.77161849463
4.39985261497
3.10334683403
5.75804022885
4.71665757776
5.93612250096
1.64765341145
2.940296464
2.47073613352
0.938024230751
5.29415771798
3.86154699385
1.86992950962
4.32799817512
2.35337654566
6.17335064858
1.68253780718
1.69358691425
6.11071410206
4.69018763552
5.42675276432
5.63991759873
4.6121567142
0.611761460065
2.65115138418
0.0419565360516
4.6363973325
4.36806001027
3.73532812184
3.60574593968
2.53371700242
4.0514748122
1.37092581051
2.70296686697
0.459564381097
4.94293809602
5.44426923483
0.286055565781
4.81824867954
3.13260435087
1.29345077032
2.24898061226
3.46951337195
2.38571686058
1.77788286711
5.35957150932
3.56621313115
1.54758660622
0.112584862299
3.28322404784
1.72701658081
5.98054132154
3.18899380626
6.27392714455
1.34678823671
5.60991243168
4.85556097648
5.39229528296
4.72556195521
2.98550250228
4.04403891884
4.29905124693
0.15002260011
1.62774049872
0.683829909135
1.57268596278
4.05287349403
3.86416857027
3.11578723198
1.13818046512
5.19808270678
6.0825916089
2.64595958319
3.76990435448
6.17921562825
1.72261560132
1.77118549275
5.53965070216
0.0167212639167
3.35855441942
4.78229231023
5.57675675391
1.1657344429
3.09361071797
0.187108709209
1.48669566606
5.09354725293
3.40222408389
4.66834790473
0.0209999229663
4.05392366005
2.59056297798
1.00917200459
3.82129000458
4.31418300567
0.114072135542
4.34689529057
4.74956077299
1.67881780328
1.96622963262
5.48880419164
5.6320832754
5.43871118509
3.96274968994
3.97540406581
3.72809013746
4.20033126905
5.57352180462
3.53047193617
0.259798525503
4.50080974065
4.44632032248
0.38275899351
5.77095029286
5.78363926176
5.46766308912
4.15401146223
5.63528688877
0.736357928616
1.51459361546
4.38054412423
2.20716767809
4.91598304819
5.61473523067
2.99835158849
4.95400808061
3.47838444525
3.20535968386
2.76245224978
5.94736378223
6.09115338497
4.29721717563
1.11907548748
0.0331780654266
3.02843415447
2.19816164344
4.1162104902
0.212728367712
1.75824331625
2.85197752039
4.46751121871
4.37845875802
2.52253117056
5.82062151733
2.6042047546
5.115665912
4.7103020391
3.10690774567
0.509742726242
5.87734712151
1.65286882167
5.08150994826
2.27669260908
5.22924556774
4.66588384316
5.08283428172
3.06882829412
0.287319750669
0.588135966052
0.215401822167
6.11585289667
1.87737734802
2.79770257694
5.20730664181
1.39046085779
0.53176880542
5.74295417186
5.52479863891
3.8475239908
0.632989725031
0.134551116059
5.07736179246
1.23489745378
2.50336800161
0.406065359125
4.70608063464
3.08475295345
1.42893853933
2.82600892156
4.27855616021
5.24603225334
1.62817652195
4.56268680244
5.827025526
2.88959258031
5.69667597379
1.88957107185
4.83610183536
5.66969681057
5.23984034793
5.05420253887
2.9791540526
4.40381282372
3.41285387539
4.43480523804
2.14717174104
3.70953770294
5.08876293677
3.377638415
2.57943996355
6.00655773552
1.93919963062
2.98530823429
2.83218141732
4.02950571758
3.74810089166
4.96301620296
5.93217650085
4.57901713121
0.473961037396
1.73599593556
0.513755645727
2.05860231741
0.53676673988
5.802509297
1.162799231
4.25790112906
0.620226573601
5.80720994082
0.420320385744
1.89431666158
2.59151493094
5.16820511145
0.716053936918
6.2132665726
4.96926164945
3.04004838964
5.97162186051
2.61882210521
3.49797900933
4.85991857433
5.05227659379
5.16565037839
0.344306405921
3.55005705699
6.02995867743
2.12731852351
5.17457032352
1.65723817717
5.40454503778
2.68490477251
4.49601458686
5.17792510971
2.48294129036
3.65378599176
3.23514035766
4.13002226775
4.67314247157
2.31477356508
1.70430248003
3.67251916189
4.15687878883
2.00008647434
5.51170649061
1.55956565633
1.76421921201
4.0740077289
4.04083635806
2.92312542551
4.05627557326
2.20715920615
2.71331056658
2.00952129776
4.29007296018
3.96836054713
3.62172387961
2.45149891551
2.84539166362
2.54792752572
1.0726270215
1.6026313828
2.98556395602
1.89877284808
1.38602292579
3.72182136138
3.95180868042
2.26692378052
1.3384834328
2.08540867821
4.49134577124
2.2602715169
3.69130117981
4.82349707651
2.15873382245
1.60684152592
1.77894553343
4.19779444157
1.71071941018
3.62421729494
4.41398681371
4.72538502643
2.03284472507
5.23948794593
3.40962704309
0.255753971384
1.03442917972
2.10867905017
3.28577589322
5.32413420554
2.15360644681
0.585441360134
1.4505560644
0.0470317596832
2.16075114989
2.09214901598
3.31332574282
1.44066763211
5.08647213857
5.66244907726
5.97160645462
1.66459380424
1.28165789918
4.6239029283
5.95397208085
0.535669729562
0.137286584291
3.05367660367
4.47542182319
2.99785100704
5.01098442894
2.00117578326
1.10138396364
5.7739023512
3.81094474558
3.97864850357
4.19151987637
2.97993304091
1.44694205435
0.743940326165
4.2432544692
5.36548883543
3.09536209632
3.01239474219
0.308199612807
5.67869747874
1.48786885145
2.36617114488
5.68796131123
5.35554926431
2.37680127621
2.23704349919
3.014196374
0.736144026806
0.293922502818
1.31420363571
1.80199499652
2.71265504311
0.100625783304
2.85591440446
3.81775480827
5.30725105301
1.97822416565
2.83476765421
0.692908005226
3.48690948334
4.04188439462
1.01968288418
5.54906638346
4.17045698698
6.10007990828
3.64241612183
4.44786085394
4.68500044069
3.91045471244
0.0560920444865
0.413367500835
2.6340698199
5.72686921141
1.84957707115
4.31692612358
0.523632801366
2.83500359715
3.88432428431
2.75128246234
0.926730354018
5.88421263401
6.10256713701
3.05492432827
0.543188706632
2.0726555747
6.22293398024
1.66836633396
4.01802724446
3.96916695742
5.01901222008
5.2652970554
0.441819726168
1.87928289376
4.03428646712
1.72228643531
3.18149018425
4.66132165646
0.975708456644
5.81275306502
3.49012198919
0.874639727185
2.70355158384
1.9970763528
3.43188520526
5.98869636277
5.87664580564
5.13791612265
0.375760870036
3.11027295158
6.09525168623
2.67752953727
0.0880542853197
3.42795720555
4.32917845622
4.79368252629
3.1395340721
2.32961636906
4.95991826935
1.54971392995
2.11618280128
5.48371328975
6.07606507652
4.3505024807
3.63546685747
5.65785634547
2.39796931397
2.11589905134
1.06322162567
0.553081106554
5.99529952374
3.9834097826
3.15712738756
0.0694586517162
4.03341194186
4.95432519433
3.69404421548
0.664629111201
2.78849837413
4.26307614158
1.20389945093
5.91439045524
4.77924746101
0.375012298926
4.95744927871
4.45059206077
6.11768601206
2.8544103829
0.0734812666646
2.63003202803
3.89275482186
3.08463994812
5.6856953884
6.221932971
0.565020369489
4.4137975781
2.98780979134
4.16177847417
0.873875580485
2.06665095598
2.15633982748
3.46863594836
0.314041398032
2.6045783607
4.21430579049
0.759530465596
3.27039712034
4.58930966896
4.94508845994
5.38469442655
0.753534297762
5.45370002947
1.75416554877
1.32605131294
2.66207897076
1.24255564104
4.09777009126
2.82830058936
0.760805864881
5.55639219782
2.08727371208
3.58846519202
3.32472473881
3.63636068491
1.41352207642
2.26474270567
2.56187941108
3.8844860241
4.40252333003
5.13883618239
4.23627435483
2.09771065303
1.34070316055
0.806398465093
1.7932037649
2.0375468381
0.135113389888
0.763888949963
5.70240485281
6.12397254241
6.14458884899
5.46605647066
0.859729899254
3.13636376517
5.7875312951
3.63346793776
1.97612292673
0.455832558072
5.57004123228
4.37005628852
4.79962669147
0.49389563834
0.921085068963
4.51814169847
2.73206030723
2.73564541729
1.88749871475
3.7309111253
3.14998094259
3.28481829731
4.27992569035
0.259204208923
3.60863603707
5.59931491021
0.0804326711769
4.06410096449
5.37435395512
5.04282269602
4.83871397746
2.81251350836
1.89278993492
0.045733737297
5.41590386882
3.49479989771
1.76016865542
1.88798187081
2.52635515501
5.41419883625
0.693956488706
1.33369517798
3.76799937411
1.99842977846
2.24369387017
6.11968793828
6.08522633473
0.0915156796664
3.19609505203
3.17911193329
5.60311979735
4.74998126201
1.70796603454
2.90703841855
1.8630341809
1.39635772352
3.76807375185
1.70951527219
1.61194611813
5.58277068732
1.62900022294
4.68223800886
3.59681704507
0.460792265415
4.9709599914
0.0833717459413
2.13642786198
5.76152747997
0.0921581667041
6.18554050438
4.51126969881
2.68390910572
5.15468144264
2.07038840376
2.80660230053
2.44985648934
3.08789288083
4.99965027969
3.60036467438
6.08409819793
2.94645843218
1.84799104615
0.945998150406
1.19025631563
1.28238240506
1.98022647805
5.01160857444
2.92892049809
6.10255962219
2.47721881144
5.74923495163
2.54896508888
1.21628463633
2.96511919772
4.94479953073
1.92483872891
6.10529186225
2.72738177387
1.0922041912
1.00472558077
2.94889169335
4.92022363392
3.07973885553
0.548579280235
5.66402572571
2.93514719392
5.02642673037
0.524744339859
2.48306928831
0.139224840071
5.88190793257
2.84169182967
5.60112927368
2.10373721195
1.32672739579
1.85890157202
1.9082255314
1.95847562028
0.308963738843
4.47979008036
3.90903343171
1.16439227295
3.19220093547
1.73442334092
4.6675181483
0.672502095929
2.34327020641
2.06596529173
2.49902964969
3.87551114339
4.09564527078
5.92655504449
1.82894997011
4.504391228
0.722300441083
3.40314848371
1.83648337982
2.09327449652
3.79622699273
1.06809770544
5.15298129032
1.23062709362
1.20033330534
2.96965243132
3.70961404416
4.11339887265
0.774159017767
4.30351095368
4.24317166081
4.92908662199
0.601524945748
2.01724440198
4.18761657272
1.89878517326
4.36700426444
4.88731446745
2.56246401426
5.07309915289
5.76529030023
0.295246468677
0.288803449083
3.28481985322
0.529872459267
3.25765015157
6.12421376569
2.51117696461
6.08008231305
3.27491711369
0.883013017972
5.44357148168
1.25478724294
0.564664469185
3.82841600311
2.75715041882
1.61603582396
2.77191424916
0.556913928652
1.60763334989
2.8265892243
5.04994818677
1.11439628474
2.1927702713
6.11259699235
2.99189736362
0.609814581219
4.87130163475
5.78711342771
1.49681118289
4.43615975028
4.54811450816
3.84643437687
1.05010687323
0.723959015409
1.26733270766
5.45253278693
2.74492874944
2.54981629603
2.89526498506
0.39239435124
3.30307819439
5.89023495805
3.87281134205
5.34484093228
3.43474213991
3.47791258049
5.19385766376
3.85463583763
5.99401948128
1.96887884631
1.09028949881
5.9647131264
1.28110125466
2.08475791605
1.73334995045
6.25476664369
3.3701135549
4.85340942527
5.52375824501
4.55244475635
2.59031731136
3.32239049216
4.61431089389
4.81528823073
0.63210597465
0.899815949205
5.87746753217
3.34212488647
3.123507893
0.255245316037
5.35395614809
2.2303068964
6.16100931683
1.9912767106
1.10628248875
2.07439679728
5.37991243653
0.943028063546
0.539033569798
4.67566070754
2.21647808133
6.13923068573
2.40495319137
4.39604499093
6.28041051195
5.07751325653
1.52063654709
0.0253887933342
2.53590288119
4.92070456492
0.746899653703
3.45864657552
5.55349655406
4.83819453731
2.58372408579
2.60909495275
4.4984280513
0.403454797798
5.44368992793
2.30138774845
4.78706864909
2.24661205836
2.52736920699
4.70221199103
2.1092101313
5.85168165527
1.03397908321
5.12092358391
4.60781550676
4.23097002562
5.34554538492
3.63897667986
2.01359248786
2.6033273596
5.19600495799
2.19449520714
0.449761251119
0.0409910808951
1.56498962588
2.50477455838
0.973488370332
0.831810507633
4.37437879214
5.26074613937
4.30187528996
0.905434319989
1.13614907482
0.591412590125
0.262997974862
4.91559652267
4.56008973678
4.02029937689
0.360157469279
1.98502956397
5.52364790324
4.86560683468
0.209634421514
5.54406945509
4.40087059313
5.58121164678
6.00291225935
5.81553984317
1.09434692997
0.923088828253
4.11061349074
4.92272444507
0.716331282747
2.82078617808
3.69086507262
1.57453167633
2.68027881005
1.71460224148
3.26312404168
4.18990671523
3.60884335305
0.430943492955
4.38145586987
5.06772776022
3.25264616494
1.45290708507
1.29752329774
3.035861849
4.22199459289
0.427860610611
4.62291465648
0.696151436185
1.96675003735
2.29993056372
3.62236512315
4.94986734956
0.599092664875
3.11166069605
3.48885710239
2.8460943599
4.21178460866
0.572669548524
0.638175530084
5.62953589784
5.78844273905
3.6608140979
2.33509876359
3.65423656994
4.36221690652
5.71006535833
5.50155022262
1.60248090385
1.2581927293
3.24128263484
6.06658396419
4.85267696831
0.18381866648
3.20112570939
3.70998811899
0.501757593962
0.833545625327
5.62150580034
4.36058752959
4.80230198195
5.91107096464
0.264253519412
3.00184747346
4.04248647892
2.24662454093
1.03740264636
5.97294325965
0.366126852923
2.47250025078
4.64975404371
2.43978849812
2.45670494249
5.68463146194
4.41802287365
3.16003208373
2.99589905741
3.91239299862
2.83434975987
1.31341874371
3.75423721664
5.27174578086
5.36305914429
4.68530689792
1.55686215038
0.336264877796
3.22639075913
5.91149864303
3.36260646385
5.90248919363
5.4206096787
6.16967491859
5.53159819587
3.22625440348
3.75481825283
2.76012905263
3.69842821641
5.09098729164
4.97368813595
3.05777039515
2.26159865905
3.49702335396
1.24936980824
5.84715366265
2.66035995721
3.79512990491
4.30360629191
4.76322380463
0.143652501877
5.66121279263
1.71934512127
2.6422590194
4.18349861175
2.37194985647
3.97010773932
5.47789276928
5.97734216803
4.19184527079
0.834437666504
2.98298103873
6.16755381206
5.27147015654
3.36671848609
0.262404416698
0.0862994528501
4.15620733373
2.60535890346
4.00022162311
5.31345062485
1.86992644513
1.64224874564
4.10207871888
4.5816749564
6.04940469803
3.81586990043
2.3112191999
3.03892146055
3.11821159079
2.1250447417
1.24339934864
4.66379230148
4.56920011186
3.49545834178
0.864373603252
1.17053480944
4.87488820074
3.18096911211
4.2545186413
5.67865837394
3.17746125093
1.50597996019
0.153709303007
2.41722875693
4.20873011753
6.10329405404
1.20307778061
1.25845585987
0.0888401397649
1.21973965542
1.64467137739
2.04039862905
2.66314982132
2.50729010901
1.83646410924
0.367689861966
5.36486465669
0.756970378577
2.41248424834
4.09412550827
0.913249131444
2.58055995689
3.97237823518
5.63621567022
4.37959451967
5.25919883413
3.4565932481
1.06176008021
0.719040355587
5.57042410959
5.0014526504
4.25403402615
4.16891936208
0.235613440475
0.942148186025
1.74836949478
6.03182030521
5.20847438836
2.97453809478
2.66782602186
0.979328887148
5.95301663876
5.92719465765
1.51412586152
4.06787860472
5.89641526498
2.41672003629
0.523777562635
2.4697947582
4.73278753595
1.39942580808
0.881577597536
5.11186516526
5.22419084088
3.03003113119
1.22173063985
3.73508787119
2.14993388696
2.15123229636
4.22595666382
2.13237935887
3.16976529965
3.13064745155
0.508214637645
2.22000030036
0.108414063203
1.70217569757
3.25685968638
2.90627768606
1.24372654734
4.14799239423
5.67643519544
3.65995552551
4.34011579294
0.457184045708
0.524253674712
4.71853037259
4.53725909563
6.11945321805
3.71440874598
4.69538262405
4.08027890087
5.40016676086
2.99029502805
5.49048447841
0.508502704913
5.02242153033
0.923321117143
1.84070225829
3.75182961457
0.996317458247
4.16572299975
4.22315115446
1.57117100376
0.0439995330229
0.17970867192
5.11018362867
1.03890299889
1.60802483019
1.41434812598
2.01124318056
2.24058505148
1.75781809363
5.17289521538
5.14734147878
3.20469947594
5.18579367644
4.97884863366
0.22211024758
4.49522261132
1.55796386717
0.414655601562
3.02494687245
1.64975133938
4.80702335487
2.44841226966
4.0676496007
0.785354504584
0.668558616187
1.00386085534
3.12751914088
1.1212830983
6.21085241972
1.20322420699
0.290187872814
5.47018086612
1.05488863781
0.198433628566
2.04394084435
3.73103621095
6.08691974201
5.64121224863
0.209619627069
0.761298029182
4.59076319317
0.191990977184
4.60840977148
4.22874576848
1.18346365656
2.07366543905
1.05118002282
0.0513430832067
2.76770384023
2.85835412556
0.766715588066
4.18702546796
5.60045582124
4.56901319901
6.13845582744
4.55512610268
0.519246407233
3.05102818194
3.70775633323
5.4701760364
6.03679099269
1.1224485426
2.29961925454
0.339090188993
0.779262767777
3.58946062205
2.24303639729
5.07917845583
0.183306759247
1.92857557516
5.21313687647
3.60802931406
2.62423541845
0.675391094244
5.46052392429
1.42702540555
2.20197513916
2.33295504737
5.43800064179
4.06116951291
0.671895142846
5.9204980399
2.38236552961
3.83844216131
1.30387477629
4.79131690398
4.46853025905
5.26488997645
1.03266996215
0.276485259592
2.83757988003
2.0484797375
2.99485391402
4.48853308513
1.47132647385
4.28321322391
0.519699839332
4.94048853239
3.03659438784
0.76582970977
1.67567454418
0.0932454403551
5.20277247938
0.482656751758
4.06164634363
0.375637488095
6.0616326605
2.65792274111
5.99889546731
5.10298942651
2.04430792273
4.09814073467
0.511989984978
0.810101265227
5.6320873827
2.14871152221
0.536727705072
5.42330059396
1.05870258087
0.222156912085
4.78137931448
0.875944292845
0.23514106071
2.94369006059
6.14973709071
1.40721460988
2.98818994529
3.69013339567
0.964414994757
3.59907246198
4.7872203197
5.12724053766
0.00139563838018
3.73934525315
0.412444170134
4.39839121808
4.73363374282
0.120944074783
0.539411093731
1.17718711729
0.2680536683
5.11338784835
2.66799545332
0.506713446332
4.30781829038
2.15122531996
3.130677114
0.572206893186
3.89852495233
2.44002117619
1.92925421466
5.64886227182
5.79731150645
6.07297711153
1.17978977318
0.802056764822
3.39373812036
5.74076149335
1.28985464909
3.09541939404
3.10520033835
1.1808255739
0.312136031247
5.50090103095
2.2022980345
3.41839840267
4.72746587332
0.511592309619
2.38635295835
0.159634414827
3.81740184552
1.12619065465
5.99943916424
3.44363600086
3.97090963527
4.71235425434
0.404065965319
1.21682871572
2.79542256544
4.84448737207
3.23312152366
3.44849646639
0.474320542461
0.496151082633
4.51631575378
1.80060582605
3.34544779827
3.58193789049
1.08815107524
1.33232054517
5.3828450132
1.65255751265
0.769267059488
1.23774874432
2.81328754486
3.31313500938
2.86738574113
4.95808811272
4.01007935043
2.23270732624
5.6161061391
3.30112531255
5.88827842321
0.82193408756
5.20393162663
5.33776781379
3.08873927286
0.0790123646833
0.429076639023
0.978776771913
3.59998518566
4.00234116819
5.08479085378
4.08284159833
0.892923851583
2.614509129
3.85751543316
0.632806027502
3.36308042106
1.65343026798
4.16962884618
4.02891218468
1.00367679003
1.64270287204
2.05512570096
5.62968903822
0.663900100768
3.2744562603
5.63669679687
0.31371553135
5.79959108149
3.77638303441
3.65994060862
5.57210960999
1.07825959924
1.4879788486
4.03951830914
3.39914895411
2.73956237496
6.18649543001
1.17142126002
1.73541310368
4.50485623893
4.7868769712
3.59730274289
2.07110300561
1.7977996712
1.05099765613
3.38485514307
2.90179972466
2.20715840627
2.3277574469
1.34953802314
2.15529104754
0.279773619672
0.619129524553
2.65591591766
5.83014469878
5.5223889157
1.1152992588
2.61378749787
1.04359784235
4.46280922414
5.75377403819
3.11549166343
2.90418507574
5.29998560083
1.40862342835
1.4806265521
2.51721897317
6.18692685345
3.16261630909
3.41156246913
1.63674632652
3.56522849412
1.98146055217
6.01289098768
1.37902604496
3.17499399661
2.75909868333
2.69788454477
4.88477226598
2.86464328099
0.501373692994
1.31915305462
1.24059891287
3.15858390113
5.30803118321
2.90783085571
1.27989737185
4.3501294678
4.28314919837
2.51336733014
1.49817925583
4.12678612196
4.59560084796
0.0292787148315
0.791243783678
6.21699371985
2.5679747211
1.21118015216
2.6480151997
1.59600739429
2.10783347649
3.25696039771
6.21948662289
2.02916635809
2.94620170914
4.30764361371
2.38016829445
0.666797976592
1.5219190713
1.4993135067
0.695629887028
2.66579728652
2.85829712225
0.528215480664
1.55126114773
2.56635260069
5.59192867811
0.316985848522
1.76048368635
0.0649683710434
5.22951183328
3.63727437155
2.99028719029
4.20047436326
5.26293337929
2.2680996465
5.11716964068
3.8501755314
3.22192753785
4.43044591681
4.47006549715
0.0223590665234
1.26820794851
4.96065829199
3.02320484642
1.83558006745
3.92603926513
2.19303909233
2.0258268042
1.68575078697
0.334209547535
4.05252780319
0.0437519590638
5.58403036283
4.88637695859
2.54828527729
4.68180068302
1.95573559791
6.16341889572
0.204955134713
0.0447291970839
6.1661600526
5.27755170619
2.89949599931
1.06952444069
5.53736037181
2.17885952601
2.83110341241
6.04872939312
3.48937013318
1.01344407231
3.54373497955
5.59074526409
1.63001585551
0.0734147782316
0.0981295282546
1.78211621806
4.18037755463
2.24749452557
5.00961900632
0.295389823977
3.49703291368
0.993654870273
4.45498824431
2.28992317938
3.0352089898
2.03604549849
1.21567012102
5.59559621704
0.47804261726
3.28279830443
3.54307385228
0.368093257575
4.06353913617
0.779192084419
2.5895894291
1.14000186967
4.52302723328
0.105044300082
4.54262873863
5.9893884404
4.20846759234
2.74008350435
0.929816529098
5.22073990675
1.80902979355
3.18012530398
4.01967377685
3.14502270572
2.57172013022
5.72583753356
0.899685076786
0.453459542537
4.96481669112
5.18009147196
5.38380052169
3.50052122124
6.18889358033
3.72410031011
6.0421048371
1.78768410221
5.66215691363
5.81781628338
5.06365889665
5.56916274573
4.59574888678
5.35244555905
2.38186608735
2.34408298822
4.27215871684
2.50108806057
0.705585972454
2.17954555595
0.934888278472
3.61352754203
5.80119117986
1.15053338155
1.47705270783
5.8072626749
5.50539736224
5.47050964845
1.05088414173
0.056550684781
1.12748149287
4.5500775226
6.03251159186
1.22378458295
5.32274937916
4.7276448157
0.492673186529
1.873663688
2.10774288162
1.04509356416
1.36732708931
4.76907703123
1.2764834022
3.97823534107
1.28568628526
1.21302182853
6.07589250856
3.59750340817
2.53791412954
2.56130875368
2.24205960616
5.70018174607
4.87329280131
5.81369238212
2.21045026679
5.91795942841
2.31558528258
5.0868816413
1.33261012106
0.994806950574
4.03365795439
5.780651116
1.560572026
6.25676932822
2.73758000618
2.6335486785
3.1869375716
4.85840772564
0.535668846652
2.77340406553
0.887196390891
4.3890469743
1.25303965198
0.332824373707
1.02281523988
3.40642585974
5.70239583836
4.57656933147
1.81926384649
4.43551176379
2.11686256918
2.79555521763
4.86298269673
1.11977969981
4.49576182581
3.49650724778
5.93050596588
0.577147665148
4.17893430064
1.11823950096
1.60633394225
6.19745096022
3.4195334699
2.00949275597
1.75596522086
0.00288634585602
2.86154837337
0.767777831533
2.33097024455
5.30859225329
5.0279466701
6.2030219453
3.74063881118
6.1315248302
4.41845370986
3.82664460717
1.06100861541
5.51096582371
4.42552416952
1.09810148256
5.23968787915
0.546623162108
5.02016014989
4.48105604763
0.975272636295
1.26575570547
5.40820150794
5.59506561422
1.80779330122
2.14245134389
3.63529535114
0.879363241234
3.39809401569
1.45844853526
5.89862279232
3.39335080523
2.08831245075
4.30357978454
1.98137793114
4.10463947813
2.71477861
1.25824528926
1.29975763502
2.8289513772
0.969365779789
2.28879024666
4.30358203213
6.22951166754
5.46041205017
0.465553200841
5.91368175358
3.92581350529
0.0685672586185
3.09392280464
3.38258407035
6.05665931917
5.22391633258
2.47260909164
5.60152609186
6.20877868381
5.15781217463
0.109265688248
2.61347032534
1.0165509621
4.73605890232
0.0606346331448
3.65269955572
0.858696835294
2.7775235647
5.99178970725
4.17849485765
5.8695410448
5.20179029118
1.23726226778
3.15597251249
0.532751381744
5.02410607941
0.0300997831998
4.78193314482
3.72072942123
3.50921771757
5.27477369342
1.54777440144
0.356433101509
1.4387024087
5.75229545967
0.528290851699
1.72709612539
2.95650696858
2.31745248085
3.15038786958
5.09016000683
0.825061300008
0.163686652311
4.53097346831
2.51216183698
3.59732085237
4.13645431012
5.49637336056
2.9869759108
4.37666753466
5.92651414785
0.286609408563
0.134884771673
0.468600306137
2.00139551157
3.70645798852
2.81377137572
4.10069985247
1.15939429298
2.06423481317
4.81884086939
5.6504321261
1.68988975055
1.33403351975
6.09866313454
5.9669736577
4.01474554721
0.397621591494
5.04086145526
2.57319765975
4.19104271569
2.53811348908
3.27981065752
4.72876577443
3.70101651293
3.58891802195
5.01235333933
3.25472419807
2.24032395408
2.75375011092
0.783126231058
4.66605908274
1.03255969363
2.13585369866
6.22097666409
4.25831249496
0.113553206116
1.19592307632
5.60293307602
1.06607670828
4.90627600923
3.3705469716
5.33633918985
5.75890710857
1.91273557766
4.8851140726
3.51517028486
0.215386990135
5.68671825518
3.83468495842
0.660180696273
1.57644980983
3.68088399896
4.56532091895
4.97028198406
4.68205050097
0.333440798649
4.32898089912
1.03759911932
2.08605142599
1.28563525516
1.52276457195
4.02731247651
0.792792307257
0.846840333191
4.44621516826
4.22621495053
1.41634670297
4.47299283267
5.73263626624
4.67949786821
0.199103907579
0.36825739797
3.66196547424
4.5636389986
1.38052010833
5.88676218698
0.618715195304
0.80453775522
4.56559204364
4.9473519291
5.52677446225
4.91266870547
2.49692566027
3.99783119464
4.008548575
4.99849349957
4.82404941831
5.20828186171
2.82575978556
5.49059944873
6.07817511117
0.991638725576
5.46130402149
4.17491432231
0.934556853453
0.67000260859
6.03753311434
3.71616591447
3.77047059961
3.50141522568
5.57466101655
5.8619151857
3.36458960248
2.81277758802
6.10866262522
0.235679514985
0.264634433697
3.08047100011
5.9766830844
1.2888513048
0.24760609936
5.21988580318
3.54684826423
1.48195849465
5.47942236526
4.12697588381
4.67058230785
3.24010919728
1.97100063874
0.896740593915
0.303281975445
0.391363721214
1.95510349612
2.03993844952
3.18443819327
3.17965778637
2.01670134495
3.68338134969
6.12708136323
1.58087678588
3.95925709516
5.3433077374
2.57813115367
0.967884185326
1.90924897642
3.98096116462
3.65899344506
0.724767123456
5.70962001558
3.08714522166
1.72853325953
1.60523211329
3.57548789755
5.90269292494
3.18524081626
1.0466860661
3.11330213482
2.74396383537
6.0701925351
2.41218554466
5.21320667636
6.02441813691
3.73363938727
5.9763532218
2.12534829212
2.63671457612
2.2602989556
3.20357527718
2.99948223829
2.25970062338
4.61288314004
4.43255525001
0.142719907717
1.02449373509
5.92513265537
3.81353656944
5.27442029809
0.851494395284
1.36877050006
4.64968498249
2.33284609162
3.74075422615
3.60360857652
5.66649086622
0.778210719235
5.20511453395
2.57385199144
2.72089198837
4.80064158219
0.395415524315
1.81240491051
2.5486514648
0.948175060302
3.36879582307
3.3858309825
2.83455771739
1.19485671201
5.69007881409
5.93445237526
0.259534643891
3.0473586783
5.91497289084
4.19343644647
1.72397675774
5.64372133378
4.1221328187
3.2083699805
2.19429295849
5.14542271154
2.31704385897
3.42456473117
3.824716115
0.724507103978
1.63304355597
2.90220018712
3.41420105404
6.01065317246
2.01855723833
0.406620205687
3.46586399811
1.91539926223
1.83765644255
4.13399550747
4.63184895302
3.62787390261
5.23103219132
4.29076115864
1.69469230604
0.0068519349525
3.37199331402
4.39679790257
0.166514806483
1.67434007773
5.01543402285
2.57147389163
6.0878033591
3.67895606757
1.97771699034
2.41968422197
1.3606005919
1.74733957467
4.16630406768
6.06210706477
0.207964099623
4.90151617255
0.871289577351
4.71352789054
2.96072539605
4.36920455024
0.834902523969
1.30317464126
2.75630665021
5.46357417282
0.502979736665
3.58424909889
1.9870572901
4.42489778054
6.19533118964
1.75762713267
4.80762881261
4.45830002596
0.707063662017
1.67831549452
1.86024289855
3.39546504319
5.8592504725
2.94378487704
2.62006235562
1.20839403031
2.64282153108
0.778902297227
4.67352766605
5.07996034084
4.77393040107
1.83915439916
1.16851059632
0.0923787774142
3.22050301708
4.74754535189
2.54511111709
5.93709752894
1.60698099782
4.5585146773
2.66989402915
1.08962894645
5.28025995151
2.96435652997
5.20047850203
2.93302976202
0.272039937388
3.97931237031
1.51864789095
1.7947196242
0.486480528275
2.77952062771
4.41952448855
4.14723728235
0.201131815999
4.11375693911
0.761201585211
1.01477277441
2.02999015824
1.62316048121
2.64435902306
0.355972846911
3.50939880785
2.39683516584
1.7819464339
4.39429052923
1.41518380652
2.21355486747
5.05088993861
2.50424618879
4.21436131546
3.69792036291
0.366865706935
0.053135458784
0.747414003202
4.85352627114
2.81659887267
4.13767393667
3.77193429419
4.79941852611
3.56403800442
0.0543652634739
3.64905570865
1.35983208005
0.899555833137
0.616284534343
3.33153591249
5.97529337973
3.8141204347
4.55541632967
0.785502676741
2.50790654518
4.34477303525
4.52158496807
4.33256214135
1.99626528036
6.28192147931
2.11158976989
1.55219043366
3.73881836275
2.91943162644
3.53228510905
3.10981457254
1.91082834915
5.97167780707
3.85165552158
2.54818178077
4.60739665086
0.744591099355
2.25315201832
2.68708059855
1.26067057417
5.17245142555
5.85084963099
4.01978558053
1.86987144829
2.26274708564
1.05503517488
1.31643715205
5.4413232074
4.50919779344
0.176632061304
0.546999842967
3.19010276175
1.92581107819
2.61770377488
1.65030185633
5.87883768721
0.776690563043
1.64891370911
2.09063585372
4.65835014885
2.25437878805
0.416952075147
3.97531635107
4.03511604185
4.93989715541
1.40210760492
2.46684405221
2.14433467999
5.6116807643
0.539923179176
4.76692986648
3.67100055915
3.34966478
5.67951686641
0.114832446914
4.65252697945
3.06038982744
1.84967350367
0.181919214467
4.07402190206
4.8371302123
3.73279551508
6.06740646861
2.19430837579
3.90119415614
5.86194023329
4.97734666061
2.39050608529
1.27889876573
0.863745521596
3.01309729201
0.152997749081
2.50273815581
0.159807108231
2.24902119804
6.1062966316
5.15885173877
2.49666430561
0.77225438577
2.70157533319
2.89930165524
2.75523047024
4.50570368834
1.73544535522
6.07385385629
2.533512479
5.38371181011
5.49747171714
2.44385932777
4.8101183483
3.02963195141
3.04531155333
1.04782361097
5.27451205395
1.7979935807
2.76669368314
2.79441896236
4.90523072628
4.39723254258
3.75042679716
2.3134470418
5.39258741991
4.22949665279
4.33269141388
3.6349480238
3.98959240231
4.13278790119
0.691255338367
2.68502347013
4.70560819853
2.93483625093
4.55238259531
2.48761297188
2.97393301557
6.04377299228
2.46447031565
2.68301077352
3.34786844309
0.998009155678
4.58369447651
3.43557004387
3.86742648887
1.35617150213
4.07536858206
1.44440419126
2.00999097091
4.57517887289
0.923023857458
3.89008696465
5.02505932478
2.51259735658
2.04905386927
4.95522806879
5.9115360287
2.1245897703
1.28932950944
0.664004998426
3.73857822364
5.27710816274
2.57859898644
4.19087399371
4.71384618893
0.988016605239
4.72374825664
4.68458817665
5.69460942866
0.3672431498
3.88152821037
3.19941795838
0.801897022941
3.13584615797
0.774415006879
0.792546209804
1.13999849375
3.89572883885
4.71660399998
0.245675214701
0.601809660761
6.16764386824
0.59883979816
1.29472168325
3.14840405964
3.65858436295
4.48602695724
4.61524799444
1.15019347391
3.0332502676
1.00409424453
1.72562593988
6.17748421215
1.84919575
1.41888718322
1.09437595627
3.12984275049
6.09875157636
0.609150164661
3.92702070761
2.67342667341
0.907193216483
1.24237945557
0.697920803881
4.73360008139
4.71586234045
0.54796896421
2.87788455454
4.73635345719
5.42857013707
4.95193312085
4.49310988653
5.95091845878
5.62417611312
4.30115286284
5.02184210562
0.872128244843
1.34056110636
2.87097182164
2.02131056935
1.39413738513
2.76506329369
2.16422170357
4.18227978685
5.69211223611
5.33510769482
6.11055324787
4.8961123655
5.85053727658
1.34074703439
1.50841405633
4.90210278575
0.623821795069
5.09960429716
3.07697406573
0.303958536102
2.77892581271
4.84258589851
2.71529191029
1.72768646514
4.98703783572
4.47611917567
0.226623344944
2.52556623115
4.92010719537
2.57439984401
3.34837399116
3.49333783017
5.32795939246
4.19381783388
6.19393692495
1.6004051964
5.89266046758
0.994412413623
3.62909953016
3.1306609631
2.19324738187
3.37423911071
1.97465264781
5.42267829641
3.00238724017
1.71826616228
3.66327041744
1.09795505109
3.71141601391
1.87079850791
1.18909164781
2.79811994352
5.11742091783
5.70908092693
4.29090665414
3.6135220982
0.472967004143
0.246496339324
5.850997441
2.27088611817
5.48424267238
5.01013021256
2.78876896003
3.0756679212
4.44244252053
0.680702387567
2.09367330612
5.75265589818
0.258889854488
4.41451365712
0.0366385027455
3.28397446545
0.223518361337
1.14002682111
2.99988618749
3.85897622425
0.439403124951
4.5648881868
5.23570515156
5.71319169239
3.69689285616
2.90105499983
1.02922907464
1.29313891108
3.13446070338
0.794521176088
