[0. 0. 0.]
[  0.         -30.24129663 171.50691576]
[-12.84907867 -57.92020942 334.36168056]
[-14.78829758 -67.53383595 380.13191307]
[-14.33123925 -71.5267104  401.89376917]
[-12.31554923 -92.15328236 522.43988034]
[ -51.38055318 -133.72509623  772.25816673]
[ -99.27170063 -171.91063172  961.25047585]
[-103.16366954 -175.39869555  978.39516695]
[-103.96502538 -175.54374471  980.55146199]
[-136.43971628 -179.55328936 1055.47909669]
[-151.73624856 -181.30858024 1081.03255027]
[-159.0627461  -183.42242155 1095.0774761 ]
[-234.17894954 -187.37177702 1279.1093003 ]
[-296.86123491 -163.57748643 1403.24245452]
[-408.84603867 -123.42386449 1609.26044489]
[-419.13460515 -120.45454317 1630.36794545]
[-419.54899336 -120.49938397 1632.74776493]
[-449.40852844 -115.48111704 1804.29323134]
[-496.38351473 -103.79205727 1993.60554641]
[-568.69239439  -94.3872584  2180.92844518]
[-639.62007495  -92.352688   2371.97379239]
[-644.94495972  -91.66206823 2387.22383272]
[-671.3593133   -85.92073711 2465.33461199]
[-801.04375118  -42.44087914 2787.27348479]
[-890.21368127  -59.62342028 3038.46796107]
[-954.23704792  -69.58100138 3230.9843236 ]
[-985.42834842  -75.3331581  3311.62374218]
[-997.26326839  -77.62294606 3342.46462583]
[-1002.74842976   -77.67828442  3355.9062043 ]
[-1018.31248693   -77.41615008  3385.09486528]
[-1124.52132055   -77.93622861  3554.98296724]
[-1200.06137755   -95.38901701  3710.36316247]
[-1213.84005012   -98.64694987  3742.68886787]
[-1297.83215566  -117.75205342  3922.42007239]
[-1322.19998256  -124.80502341  3967.4176529 ]
[-1362.40423223  -137.63048489  4036.248385  ]
[-1388.48255336  -148.68471368  4083.39532517]
[-1441.87408022  -169.8246617   4186.88171613]
[-1512.55663552  -193.14956573  4302.02573809]
[-1515.87671092  -194.63384732  4306.96398868]
[-1559.39788485  -221.00499567  4387.95350929]
[-1563.68090978  -223.93096228  4397.14927444]
[-1584.49087692  -234.55126012  4434.66204653]
[-1601.18365892  -244.79872232  4463.75541254]
[-1621.70763071  -259.99527064  4502.63026056]
[-1706.70573562  -295.27793841  4647.41691518]
[-1756.93215884  -317.68149601  4729.7666131 ]
[-1820.68398756  -356.4731223   4858.82907675]
[-1837.056801    -368.17755898  4896.04171206]
[-1843.31070724  -370.40570739  4907.024624  ]
[-1857.97712408  -377.00784297  4933.66141417]
[-1999.14440719  -437.57557564  5196.54107166]
[-2017.13285642  -442.50865172  5226.67125019]
[-2019.24843992  -443.21248282  5230.19981687]
[-2106.3651387   -564.12881198  5552.936969  ]
[-2133.71642321  -594.38556024  5651.09826993]
[-2141.8535162   -602.39073885  5677.19050789]
[-2144.43417361  -604.91076359  5684.84554772]
[-2161.17588744  -622.0229564   5735.39475009]
[-2242.94836702  -717.60699438  6003.37743041]
[-2257.41642077  -739.52315106  6063.8659401 ]
[-2320.76792576  -811.31797115  6268.8825647 ]
[-2369.98968707  -867.30476466  6424.46349049]
[-2418.80911004  -989.36253148  6642.58575096]
[-2421.14932408 -1000.86704524  6661.58438584]
[-2433.78883243 -1060.40325936  6772.48472229]
[-2470.16004849 -1158.75331315  6887.10854442]
[-2484.79666271 -1199.14177741  6928.99632463]
[-2492.3569824  -1246.56981223  6973.33561435]
[-2514.12279235 -1298.87524001  7030.26105111]
[-2594.06199129 -1509.30462699  7237.01182039]
[-2636.00037454 -1665.93169037  7393.62391826]
[-2780.50711664 -2088.80006017  7814.57218553]
[-2816.85301508 -2185.47041092  7903.83707315]
[-2816.93966449 -2185.70712809  7904.04703322]
[-2844.20089432 -2256.17415161  7982.01609407]
[-2858.20642764 -2289.81667788  8019.24821762]
[-2900.37520989 -2342.58446382  8064.95584514]
[-3087.16498445 -2588.39425291  8282.77757575]
[-3122.50824396 -2630.83580347  8324.0953373 ]
[-3125.67963046 -2634.76167137  8327.74818052]
[-3128.13109992 -2638.94545327  8330.5980842 ]
[-3202.75088525 -2775.33459204  8429.13712605]
[-3227.98545197 -2836.84807542  8486.63865407]
[-3251.60895377 -2886.46217997  8538.70921378]
[-3266.94603586 -2914.94332078  8567.3477894 ]
[-3269.83890845 -2922.12864739  8572.82190374]
[-3289.66371178 -2975.57322483  8615.83617248]
[-3326.86556472 -3056.73138516  8679.43028613]
[-3345.31100828 -3101.21308887  8713.37608951]
[-3380.65531359 -3164.59471013  8767.23758417]
[-3398.88477586 -3197.36932013  8793.97018709]
[-3467.67898654 -3333.88097111  8905.29983002]
[-3457.1947501  -3363.97823812  8952.79865609]
[-3455.24465167 -3379.9434308   8982.35973517]
[-3478.60505526 -3443.2899025   9080.65893116]
[-3504.87300476 -3558.38558672  9245.54245371]
[-3506.22557601 -3562.6374818   9253.15951246]
[-3555.9874056  -3721.8604096   9515.91716702]
[-3557.03168608 -3729.3903616   9527.61991164]
[-3595.53018575 -3790.91342629  9651.28646324]
[0. 0. 0.]
[ 0.         -6.93745168 39.34424357]
[-13.60921505 -20.88308856 167.95899719]
[-40.94577015 -51.37686359 401.85498615]
[-44.53446574 -57.58530225 490.78414907]
[-45.30385947 -57.83363122 499.43310226]
[-66.77567605 -70.88109882 648.61548342]
[-95.03569294 -93.16522381 831.10472358]
[-133.99635843 -135.59195698 1095.77708493]
[-151.61008675 -135.5922137  1247.4067795 ]
[-154.93484151 -135.68557873 1272.23785409]
[-154.99503341 -135.69528202 1272.5328765 ]
[-169.57106833 -141.82934063 1341.22086241]
[-176.98609314 -138.96828367 1393.81312968]
[-188.08115682 -129.60801986 1485.24318501]
[-213.83677602 -120.49771956 1665.19114195]
[-226.73131307 -151.47225291 2048.80638684]
[-225.98755154 -163.49055067 2241.04820784]
[-217.42204794 -135.28340683 2403.44741914]
[-214.42657426 -119.42505709 2468.16870101]
[-224.69146543 -112.45946341 2592.1429047 ]
[-225.04329416 -115.45626487 2640.78057327]
[-218.00172047 -121.5080253  2830.40233781]
[-210.86237402 -127.38005486 3091.65166911]
[-210.88126859 -128.28874713 3125.76391963]
[-211.4891795  -134.30510903 3205.71505318]
[-192.80042197 -171.75635333 3334.00914584]
[-176.61155226 -197.7110165  3408.96505519]
[-136.85535537 -215.09771753 3489.46300075]
[-113.14566821 -227.00725897 3555.34828758]
[ -94.85584159 -240.9282438  3625.67551932]
[ -46.99991056 -278.76458965 3771.38488667]
[ -26.40724537 -294.45739608 3828.22419046]
[ 1.08764022e+00 -3.09224480e+02  3.89760075e+03]
[  20.62167732 -317.01328849 3945.24884212]
[ 118.50025468 -356.38849642 4209.09438931]
[ 122.41313092 -360.02629681 4219.88388736]
[ 162.67084017 -403.42514921 4328.60994956]
[ 200.25245355 -436.39197766 4416.85664868]
[ 365.718425   -592.23873836 4837.81400572]
[ 367.30704064 -593.77510764 4841.25901602]
[ 410.85781577 -632.38644291 4929.70894024]
[ 572.40893919 -726.98164506 5238.32220579]
[ 645.64870793 -769.48192532 5419.74232002]
[ 673.66678782 -785.97630611 5499.68702087]
[ 695.08161045 -803.23520012 5587.44198542]
[ 698.89220369 -806.11618779 5600.15582135]
[ 725.05575491 -823.86173073 5668.92772394]
[ 749.39205037 -838.21803411 5729.11225037]
[ 800.87218803 -885.91150108 5912.96027244]
[ 840.69377417 -930.10788755 6049.42888855]
[ 849.64881571 -938.76887684 6077.42530272]
[ 858.39433718 -960.94624277 6139.13501886]
[ 866.27957915 -981.72843109 6188.72388518]
[ 867.25534318 -983.73596765 6192.9774717 ]
[  881.48413249 -1008.6242979   6246.20769202]
[  896.13830865 -1032.8987753   6304.20121971]
[  905.45703207 -1051.57175502  6346.08608566]
[  909.0056779  -1058.35686862  6360.89182898]
[  910.82796919 -1059.75466107  6363.94025434]
[  917.37763909 -1063.72130067  6374.70723935]
[ 1014.03722239 -1130.92486796  6546.67839925]
[ 1078.85244276 -1179.5339211   6663.59600503]
[ 1109.65604933 -1198.9354333   6713.70301854]
[ 1122.61379368 -1207.02833193  6738.36668399]
[ 1125.13898853 -1208.96673659  6744.16869284]
[ 1133.0663187  -1214.39454964  6757.5365005 ]
[ 1139.47831537 -1217.07475155  6764.67086538]
[ 1425.91160987 -1288.18373478  7038.88801257]
[ 1436.20357108 -1290.25642528  7049.02125048]
[ 1541.43137934 -1312.153397    7171.25170245]
[ 1561.33351821 -1316.39813741  7192.82992059]
[ 1718.25974984 -1336.40301486  7351.88024878]
[ 1797.05616324 -1325.09990828  7515.87504177]
[ 1926.20597318 -1311.81736186  7826.44742449]
[ 1952.03661144 -1310.216153    7890.32951179]
[ 2002.21416395 -1312.28029335  7997.9994963 ]
[ 2018.7336578  -1313.35426947  8028.24862869]
[ 2157.97380502 -1308.97017782  8305.56453675]
[ 2166.07653431 -1312.46513584  8322.24815835]
[ 2170.57106046 -1314.43875937  8330.66258305]
[ 2233.24264774 -1340.04732762  8447.5474316 ]
[ 2267.14479143 -1357.947999    8521.2417609 ]
[ 2277.06069723 -1362.88725676  8540.94691466]
[ 2316.56926114 -1379.81446217  8634.77350917]
[ 2317.39969365 -1380.23703986  8636.82388146]
[ 2383.11779606 -1399.77332088  8780.10156268]
[ 2396.09448086 -1403.98153124  8809.1368242 ]
[ 2396.32290393 -1404.03133618  8809.55446499]
[ 2479.58265788 -1424.56481818  8979.189366  ]
[ 2485.00152557 -1426.22895796  8990.75249301]
[ 2491.3833222  -1427.98537608  9002.53576291]
[ 2566.75568007 -1445.28456982  9131.47552158]
[ 2570.18253348 -1445.79193555  9136.72719268]
[ 2601.04995536 -1447.83746617  9182.21932953]
[ 2603.47276163 -1447.87792558  9185.72008853]
[ 2622.65726015 -1445.53258978  9217.14209374]
[ 2635.04581404 -1439.56941638  9244.61932857]
[ 2699.64906417 -1416.46737546  9377.4754116 ]
[ 2725.59347905 -1402.14781606  9429.85434972]
[ 2777.47127412 -1374.87842045  9557.80893445]
[ 2802.53305336 -1363.67356254  9607.78001406]
[0. 0. 0.]
[ 0.         -1.5250794   8.64915507]
[ -8.02514951 -41.3864713  334.84810299]
[-45.88931311 -67.04127408 579.32263811]
[-131.50232982 -130.66143807 1131.26425614]
[-142.18755362 -141.73807312 1217.33487564]
[-148.0969139  -150.25047681 1294.67950913]
[-150.96328667 -158.24503909 1389.24019208]
[-151.53359538 -159.19324698 1399.28469886]
[-146.60968453 -223.97440411 1682.2054032 ]
[-141.03869474 -241.93928674 1762.81628381]
[-127.183021   -251.39114976 1818.38583403]
[-114.95457706 -258.51220258 1864.12795469]
[-114.64541811 -260.45257961 1896.98939908]
[-121.04459626 -273.6197599  2011.00635586]
[-121.13784709 -274.11965024 2014.75960356]
[-125.51422784 -281.51370121 2097.23153022]
[-125.51924303 -281.51951996 2097.29838999]
[-139.582008   -301.66748942 2291.87368688]
[-139.49491807 -303.31143432 2303.78844838]
[-141.77147615 -316.73807843 2417.65622745]
[-174.20953606 -379.8645751  2777.64875506]
[-190.25181647 -430.27217474 2987.6573788 ]
[-190.98259484 -434.09717753 3002.20029335]
[ -87.70676246 -572.45740447 3278.69574205]
[ -23.86121821 -668.1604259  3491.67298375]
[  10.38127247 -721.73239877 3595.59597062]
[  70.13351819 -805.50337497 3784.24368838]
[  99.69012547 -848.90327499 3878.72175469]
[ 143.86119851 -871.67310898 3972.85805861]
[ 143.93099126 -871.71249421 3973.01774863]
[ 151.48397211 -876.43640369 3990.32683107]
[ 324.97063805 -998.55248782 4336.30518293]
[  451.42471994 -1012.57858869  4597.71499594]
[  506.67267875 -1022.19964752  4720.42804164]
[  512.6560383  -1031.16002504  4735.40176569]
[  555.58634048 -1083.60341869  4830.12215055]
[  596.91555635 -1134.68285266  4927.86399758]
[  622.27532251 -1172.77859704  5065.67293028]
[  630.60585049 -1186.43811753  5118.46472619]
[  659.23423989 -1296.47962655  5496.16727471]
[  660.71546608 -1336.59709933  5556.14085316]
[  666.4284581  -1359.28750422  5594.89405374]
[  671.22244808 -1430.06544982  5722.03103259]
[  670.57562584 -1438.08505026  5734.92517264]
[  668.01372225 -1478.56966212  5797.12220647]
[  668.75251984 -1524.14020602  5862.67419847]
[  679.63275939 -1569.14044375  5919.89829478]
[  680.66945832 -1571.9540881   5925.66831746]
[  682.36848517 -1578.10111821  5938.93768268]
[  689.37094973 -1668.51208525  6106.90600713]
[  692.47686346 -1679.88280171  6127.40732193]
[  729.81803663 -1783.65457544  6319.53352045]
[  716.41175274 -1885.24021816  6501.20628539]
[  716.39265368 -1885.43015348  6501.52681717]
[  715.12557992 -1905.20183212  6537.72922595]
[  712.61051893 -1917.0332897   6567.0640948 ]
[  707.0631885  -1942.0461041   6620.74372938]
[  704.24925625 -1958.57328402  6662.77224056]
[  691.40133822 -2039.34390712  6881.23089735]
[  688.26114365 -2053.20687642  6918.40675084]
[  685.94246105 -2058.71131364  6931.68287821]
[  675.98162522 -2115.7375715   7058.35068999]
[  675.17765913 -2116.83989254  7063.10424762]
[  670.80389986 -2129.17780116  7094.88333488]
[  668.60638206 -2145.72932198  7141.42009095]
[  664.67241813 -2167.79925512  7210.92047409]
[  629.74004414 -2208.79857051  7496.35843291]
[  605.75660764 -2235.06882391  7663.28262822]
[  597.41825035 -2247.53190809  7735.9710552 ]
[  581.51015913 -2267.45422264  7857.98367881]
[  489.63078856 -2370.52454483  8423.55750682]
[  479.24357546 -2383.49118178  8487.06254074]
[  476.67862048 -2435.23584432  8590.70945015]
[  477.38018074 -2464.74440963  8650.49683181]
[  482.51954021 -2505.88112754  8741.37130801]
[  445.42545823 -2488.25624755  8899.19716427]
[  433.64722764 -2487.90992126  8935.34975728]
[  431.81179219 -2488.85730385  8942.27453199]
[  417.21265088 -2496.78275057  9011.12145754]
[  403.00465364 -2503.45351165  9090.44832946]
[  378.4984573  -2506.16100384  9157.87649067]
[  375.39536166 -2506.60854889  9165.86139429]
[  290.94393348 -2514.43394688  9453.71037242]
[  280.5098174  -2514.01630186  9487.01674021]
[  267.24404046 -2523.69545627  9530.81323246]
[  217.29884868 -2559.00926301  9722.48588935]
[  208.91960304 -2564.67134204  9749.73472114]
[  160.96718542 -2748.93207423 10157.94219983]
[  159.62362893 -2767.96334126 10206.09819499]
[  152.37774983 -2831.91587941 10383.40390717]
[  151.56831167 -2836.63495652 10397.7608944 ]
[  110.75534731 -2951.53490303 10754.74995973]
[  112.31915275 -3002.32984299 10902.46222278]
[  101.28793748 -3006.91785336 11030.76472816]
[   99.43364359 -3008.08130366 11052.34654582]
[   97.04994895 -3020.74508614 11216.86300818]
[   93.80540181 -3001.76995821 11380.04454526]
[   77.76327996 -2980.63781603 11569.68441954]
[  113.08963266 -2968.05709817 11874.97325854]
[  133.78095097 -2954.14626109 12051.71596137]
[  148.74191037 -2930.86198859 12235.96267045]
[0. 0. 0.]
[  0.         -15.13725461  85.8476369 ]
[  1.92777135 -30.6930163  174.8993788 ]
[  2.04973686 -36.81801367 209.90017203]
[  1.8199407  -37.8036168  213.85674015]
[ -18.01054097 -120.4072771   509.24762501]
[ -19.69927721 -161.73720793  618.2736501 ]
[  -8.97432194 -252.00472643  853.33630063]
[  -7.58692163 -258.20262372  870.80830624]
[  -4.46996283 -304.58496657 1036.25030481]
[  36.05481453 -380.28877377 1110.90676624]
[  44.4050906  -394.10931718 1125.23026929]
[  74.72853244 -442.73705955 1186.81932484]
[ 105.84990729 -494.06300682 1250.66164893]
[ 113.70381938 -506.61215181 1265.9631676 ]
[ 172.08505543 -561.14079608 1364.9471526 ]
[ 220.4346442  -632.29487731 1484.11779926]
[ 271.70572609 -722.13616437 1610.662394  ]
[ 356.24012947 -848.70815859 1789.34541575]
[ 386.2329231  -882.49813058 1839.00977053]
[ 465.75183775 -977.77911924 1997.81344664]
[  501.74876131 -1033.55656354  2069.47719144]
[  577.39023148 -1144.26706554  2202.81440554]
[  721.08421626 -1328.16563965  2443.31608936]
[  758.71776978 -1378.75606298  2526.18251618]
[  815.95011569 -1468.36854286  2663.3367797 ]
[  833.67169857 -1493.95176373  2700.74910733]
[  892.01010294 -1557.21651054  2808.75800784]
[  916.97312522 -1588.04141834  2872.92871991]
[  922.42668614 -1594.80253244  2885.59887112]
[ 1012.89601665 -1658.47418802  3066.35887798]
[ 1028.43692771 -1670.01141815  3098.14570595]
[ 1268.66450943 -1796.53900057  3503.70192112]
[ 1273.96043495 -1799.40465655  3513.87032207]
[ 1275.23461735 -1800.36493379  3516.65463872]
[ 1443.72070506 -1952.1980506   3834.6123072 ]
[ 1495.34645386 -1982.84916113  3940.26874444]
[ 1498.90656564 -1987.34017443  3965.25295725]
[ 1518.45904853 -2013.55537411  4076.54138833]
[ 1539.30050238 -2031.68183783  4144.1795479 ]
[ 1547.66002674 -2036.45717053  4165.7585863 ]
[ 1566.6302583  -2051.26296298  4229.04730432]
[ 1596.00786092 -2072.52253895  4313.15069192]
[ 1597.68400345 -2073.09997035  4317.60882976]
[ 1607.1823341  -2079.5767222   4346.30977463]
[ 1631.16914299 -2098.8110939   4413.77646437]
[ 1670.29167694 -2119.78170141  4508.24539986]
[ 1728.04847193 -2141.50332923  4648.91246287]
[ 1751.45632129 -2145.88103599  4707.232489  ]
[ 1806.31758046 -2205.44671388  4963.19453129]
[ 1841.2571305  -2246.8967417   5118.08888668]
[ 1889.37593285 -2293.35127758  5255.2009482 ]
[ 1889.5857073  -2293.51877631  5255.77565741]
[ 1953.02103425 -2527.47045476  5687.39622734]
[ 1953.07411108 -2557.72422866  5728.43784281]
[ 1956.20156465 -2633.71154508  5814.13174018]
[ 1961.63563973 -2670.41928432  5854.88988409]
[ 1975.26445197 -2750.7577272   5948.79577644]
[ 1974.84184647 -2803.88713497  6024.41208507]
[ 1969.35816152 -2850.53999925  6088.71422315]
[ 1893.65129815 -3016.71061644  6256.91327636]
[ 1851.48754185 -3137.34841859  6374.41266346]
[ 1820.08960621 -3210.74186814  6449.15890885]
[ 1802.76759633 -3247.42923018  6484.93602829]
[ 1793.83042666 -3272.1182575   6509.94507366]
[ 1776.41899974 -3325.22774024  6571.30111489]
[ 1736.9858009  -3432.67772411  6702.89999722]
[ 1690.25180877 -3514.6955268   6812.31690119]
[ 1673.67094184 -3535.5562203   6841.43650653]
[ 1667.09645398 -3547.18064895  6855.1429269 ]
[ 1660.78764436 -3561.81685336  6871.27967178]
[ 1533.13394805 -3871.5577756   7255.17150881]
[ 1450.26870235 -4043.04596527  7468.31820508]
[ 1442.93478274 -4058.72566564  7484.79004893]
[ 1429.74036435 -4089.2055345   7510.9357164 ]
[ 1303.14092215 -4469.19241686  7777.63835528]
[ 1284.83892547 -4525.06014645  7824.10601024]
[ 1266.25614049 -4576.47483974  7858.92060186]
[ 1260.83458202 -4602.86085433  7873.93855292]
[ 1246.64533763 -4652.88582416  7910.34154145]
[ 1134.25453067 -4979.50048972  8046.97037321]
[ 1103.03320534 -5071.23917288  8086.62874688]
[ 1043.57052061 -5240.40814803  8156.56803421]
[ 1007.4116378  -5366.92884015  8212.99341845]
[  795.23008827 -6032.45198523  8521.71223115]
[  790.52793783 -6044.61486167  8527.27247667]
[  786.88216457 -6053.75038255  8530.87966029]
[  778.34172161 -6077.38941745  8538.87154342]
[  776.20991771 -6086.23096938  8542.98079808]
[  762.93060232 -6143.23549851  8571.31225018]
[  725.23129447 -6280.24841029  8644.18256907]
[  723.30915877 -6288.68549611  8647.9343166 ]
[  703.16954358 -6385.90446412  8689.77748935]
[  684.05540167 -6470.68677873  8753.27035339]
[  672.55201027 -6513.68650599  8785.94783867]
[  671.73121402 -6518.58894024  8788.92013124]
[  667.44753304 -6546.26157484  8808.44231184]
[  662.84265523 -6571.36742014  8824.63936892]
[  659.56739298 -6639.07134646  8885.11887672]
[  642.19143998 -6822.42825819  9057.67522911]
[  638.38256817 -6854.48279452  9086.24458003]
[  619.48982954 -7067.62755875  9277.86873083]
[0. 0. 0.]
[  0.         -54.43130104 308.695248  ]
[  3.34209844 -58.52311186 336.741562  ]
[  7.40965837 -63.42814318 374.87210459]
[ 12.16278776 -70.51646818 418.18030438]
[ 13.08019701 -71.11287838 425.77267543]
[ 35.17611393 -89.67645731 652.22458712]
[ 37.88559991 -93.59276988 689.19922114]
[  57.07361505 -114.98163339  795.20163092]
[  59.20964115 -117.05028756  807.42296741]
[  26.18375642 -203.19461555  921.14793321]
[  17.46140535 -238.45131643  959.15688448]
[  13.57997526 -275.64704963  992.38764675]
[   4.45893134 -406.49189287 1112.72064622]
[-6.74966929e-01 -4.48399023e+02  1.15314002e+03]
[  -4.47067423 -484.61846833 1186.37591122]
[  24.5628818  -718.91257978 1335.14329035]
[  43.1519046  -869.26026915 1445.70053485]
[  41.30329305 -888.52460681 1460.12790097]
[   21.97824385 -1042.11717698  1565.94970167]
[   21.76576966 -1044.15592844  1567.26208809]
[-1.39939193e+00 -1.28643827e+03  1.72086679e+03]
[   -3.82171199 -1307.49315342  1734.80950638]
[  -25.91972248 -1427.29749641  1814.86784753]
[  -22.70902992 -1461.89250738  1834.28784388]
[  -15.76811467 -1525.45187607  1870.14809833]
[   21.09714097 -1644.18189714  1979.03608716]
[   31.7388825  -1696.5271674   2027.91489794]
[   32.37956823 -1709.85904815  2040.58237739]
[   46.63808672 -1844.91619659  2148.31520432]
[  103.23046113 -2175.37145689  2438.62677244]
[  107.31511734 -2201.18146467  2461.21163926]
[  106.10839224 -2300.89794703  2526.87353802]
[  107.82669238 -2465.68440093  2627.82081079]
[  136.39134562 -2505.42053945  2643.85261583]
[  206.1398643  -2605.2044709   2699.53258992]
[  260.14136998 -2690.67377344  2740.26014102]
[  350.57705946 -2813.41144117  2803.72036913]
[  426.98493484 -2923.8266608   2866.39121933]
[  592.74184398 -3195.16421436  3015.87706626]
[  634.74143126 -3317.39291698  3070.09459152]
[  654.58833532 -3372.06082659  3092.79286418]
[  725.88868501 -3522.07143197  3146.01006812]
[  756.35990271 -3592.68660595  3174.80792028]
[  787.26378408 -3694.23168303  3211.26280982]
[  847.74229796 -3848.46760017  3258.53636032]
[  853.15222843 -3879.58530823  3277.33820297]
[  856.85250444 -3911.77439805  3296.90924212]
[  857.93322809 -3932.4032723   3307.07323663]
[  881.95431364 -4334.7303363   3495.24817341]
[  886.19606099 -4384.54462775  3519.38789071]
[  890.83348838 -4448.35464875  3552.12851807]
[  901.42495885 -4611.75742719  3633.34345209]
[  917.75488735 -4793.81160223  3719.06782508]
[  924.28244178 -4812.78314669  3724.56917418]
[  930.53046062 -4828.36014047  3728.64003301]
[  950.38422682 -4876.97307078  3749.02284815]
[  950.51849351 -4877.42293766  3749.22586686]
[  956.31748414 -4897.79300336  3758.44132352]
[  962.90816545 -4924.91694328  3769.66954442]
[  981.09282004 -5001.45758042  3793.79523595]
[ 1157.95490538 -5222.04752659  3762.01482114]
[ 1220.27184762 -5293.84578591  3755.74566629]
[ 1649.06338843 -5813.75453716  3709.4742588 ]
[ 1877.53285687 -6099.8838246   3677.26645309]
[ 1910.06422485 -6139.14210029  3672.27127627]
[ 2035.4075599  -6287.6186769   3656.39735351]
[ 2053.20445233 -6309.03958514  3654.84605384]
[ 2103.92002635 -6392.03654612  3666.61002637]
[ 2250.05521457 -6674.23795782  3713.46684582]
[ 2267.36389988 -6709.30109515  3716.69784782]
[ 2277.25387845 -6728.11307445  3717.96508514]
[ 2330.14690865 -6827.47177551  3725.18131986]
[ 2374.79417168 -6945.55023149  3732.60848636]
[ 2381.06779439 -6963.35466932  3733.60354217]
[ 2382.51832397 -6967.22243938  3733.60165793]
[ 2510.83541103 -7253.89146343  3708.16922246]
[ 2515.39879054 -7261.63160785  3707.84808412]
[ 2517.44577801 -7264.81409173  3707.85086931]
[ 2709.669216   -7565.82087044  3708.48578153]
[ 2718.75150565 -7580.63013829  3707.9324729 ]
[ 2727.440179   -7594.08282483  3707.16599062]
[ 2867.18895162 -7810.30626852  3704.05472221]
[ 2915.42880153 -7890.44540822  3705.77769235]
[ 2977.33766507 -8148.56360709  3719.03331772]
[ 2987.49254992 -8191.40404772  3721.03717955]
[ 3040.24784563 -8443.93542838  3712.61136448]
[ 3040.92857544 -8447.36958345  3712.15780447]
[ 3051.73121431 -8497.29463088  3707.11752563]
[ 3087.74774739 -8692.43197674  3694.70966693]
[ 3091.11967824 -8721.01033599  3691.09992641]
[ 3104.34025134 -8824.40992961  3675.56127539]
[ 3104.64005069 -8826.47066347  3675.28332834]
[ 3107.74204413 -8967.39735269  3651.43679067]
[ 3108.26914267 -8979.92834863  3648.70333264]
[ 3119.56987706 -9027.84094218  3645.39487826]
[ 3138.38767007 -9105.81673952  3640.90260586]
[ 3144.45616922 -9212.37771679  3651.48472005]
[ 3146.79919199 -9258.65359982  3656.32320149]
[ 3146.19057367 -9402.94128761  3661.54192177]
[ 3152.45315494 -9654.95674655  3670.239573  ]
[ 3152.59573961 -9656.14324534  3670.53216441]
[0. 0. 0.]
[ 0.         -6.57556144 37.29186204]
[  4.43279081 -24.79309397 163.9622804 ]
[  2.76842565 -71.01284603 432.29692998]
[  -2.61359953 -104.54899141  593.05885824]
[ -15.21760938 -185.45218537  906.82871209]
[ -22.62567871 -238.86090591 1069.66079597]
[ -20.35605057 -280.00013953 1142.6374011 ]
[ -19.27979013 -288.62068556 1157.52281985]
[  17.15602918 -335.24096143 1280.60725178]
[  39.7219372  -369.52125058 1373.02494985]
[  90.26960463 -456.77526299 1598.01814753]
[  99.64266304 -469.13562878 1626.21838529]
[ 164.26986384 -542.59482109 1787.39859313]
[ 177.94635422 -558.18361765 1828.23678545]
[ 233.44010284 -639.34824956 2025.30497204]
[ 241.08279519 -650.9434259  2051.74082193]
[ 302.62922932 -739.11559751 2201.96456891]
[ 309.63299363 -744.54302848 2216.85503981]
[ 361.03945928 -780.64338135 2334.97433605]
[ 369.19736053 -786.72703047 2354.77265183]
[ 453.02972236 -854.09167308 2554.33374952]
[ 585.3669364  -939.77810839 2872.03889315]
[ 592.37432692 -945.27634458 2891.39275948]
[ 593.86409071 -946.5357593  2895.40884269]
[ 599.96371683 -950.9690649  2907.78751528]
[  722.87513142 -1031.31113514  3156.82101451]
[  745.72467062 -1049.23488198  3203.95734737]
[  828.69085931 -1124.96198453  3372.31469226]
[  844.74584103 -1134.08163353  3398.05963984]
[  912.84227912 -1171.84556304  3533.52242849]
[  932.5930487  -1183.86233194  3570.35400687]
[  998.94228093 -1219.71611813  3684.35748904]
[ 1011.07876963 -1226.45631721  3707.48789061]
[ 1201.05292118 -1341.84866607  4055.98470163]
[ 1464.3993121  -1468.68677572  4569.87168242]
[ 1485.51356264 -1477.61081902  4612.9174015 ]
[ 1501.88449398 -1486.7012434   4653.13286814]
[ 1653.24397382 -1575.41064769  4949.25863383]
[ 1654.46363013 -1576.10308086  4951.82259891]
[ 1751.27104239 -1645.26675346  5114.3164728 ]
[ 1808.37491958 -1680.46298048  5199.52091952]
[ 1811.86430927 -1682.94710519  5209.88818406]
[ 1849.13410734 -1712.18157421  5333.3557741 ]
[ 1905.32786142 -1778.39088496  5520.93359212]
[ 1952.9777501  -1837.75954503  5664.82033587]
[ 1961.79016207 -1848.93606179  5686.89904775]
[ 2006.00515353 -1904.72840289  5798.69659324]
[ 2140.14274782 -2083.70602826  6218.80890014]
[ 2147.3585846  -2096.05332372  6245.93969441]
[ 2185.29574289 -2149.70358765  6363.07929796]
[ 2256.77219426 -2241.85868862  6577.62194132]
[ 2260.14002464 -2246.30226566  6588.64084297]
[ 2271.19746675 -2261.28199505  6623.57307918]
[ 2274.09988348 -2265.16490438  6631.37819091]
[ 2312.91075123 -2288.66117945  6696.54924293]
[ 2342.06432973 -2300.99185164  6757.87682437]
[ 2347.18062512 -2302.79397801  6769.47468442]
[ 2410.60030971 -2324.638629    6928.49853622]
[ 2450.93996297 -2341.0966238   7053.26128524]
[ 2464.65130343 -2347.8991353   7102.49465675]
[ 2491.12884647 -2364.86296033  7199.83018432]
[ 2521.90589611 -2381.68864333  7301.32511693]
[ 2625.51257891 -2389.09564196  7744.91013249]
[ 2648.36106491 -2393.57127056  7842.19678256]
[ 2649.23490966 -2393.86010035  7845.19462419]
[ 2671.71605147 -2397.97401618  7920.09743695]
[ 2672.24949744 -2398.08906719  7922.41182483]
[ 2677.91093441 -2399.53894405  7945.5090026 ]
[ 2711.83723555 -2408.41333547  8075.66238182]
[ 2784.45349679 -2398.99253557  8309.54158966]
[ 2791.94691497 -2396.44160232  8345.41645014]
[ 2792.96395112 -2396.14607496  8349.91962768]
[ 2797.17982591 -2391.33314546  8376.72096793]
[ 2804.20677947 -2370.53574156  8511.31177926]
[ 2808.2910567  -2369.43610737  8534.76191762]
[ 2830.9534903  -2359.15344513  8629.7424193 ]
[ 2844.19180949 -2352.15908846  8683.05819381]
[ 2895.80665694 -2314.17809961  8929.59390631]
[ 2912.11315846 -2306.56672005  9005.91006811]
[ 2927.82185441 -2298.76365948  9079.04004717]
[ 2933.55752282 -2294.10163048  9170.47912674]
[ 2939.76450873 -2293.13842501  9249.96355589]
[ 2975.93036546 -2283.82354129  9564.59090272]
[ 3004.63830998 -2269.97687909  9762.98605812]
[ 3027.54180728 -2243.45093124  9896.15639866]
[ 3031.9488015  -2237.37077305  9925.54586714]
[ 3033.62010009 -2235.71154649  9940.88892726]
[ 3048.40347206 -2231.9239847  10134.39708676]
[ 3056.08544629 -2228.66300015 10227.75328017]
[ 3048.48196329 -2229.39590023 10420.3415611 ]
[ 3048.01984644 -2229.43818875 10433.57762806]
[ 3058.25296659 -2196.41008026 10686.0863821 ]
[ 3015.51439647 -2206.6196436  10692.06342671]
[ 2891.42569556 -2236.46170873 10704.3027327 ]
[ 2772.19054877 -2265.2610348  10717.51589278]
[ 2092.36518154 -2417.67812996 10819.35246665]
[ 2026.24724485 -2414.44474213 10820.78623629]
[ 1979.08804519 -2415.17233783 10818.43353363]
[ 1741.18950449 -2407.940977   10831.30634443]
[ 1589.61651462 -2394.58147693 10827.08061354]
[ 1507.53725437 -2386.69847019 10815.14877664]
[0. 0. 0.]
[ 0.         -9.82701582 55.73177617]
[ -8.11133347 -18.22619837 203.22254673]
[ -9.39585712 -19.60356953 225.27065544]
[-19.8713469  -33.79547314 539.5189277 ]
[-21.52874414 -33.46901125 889.08265104]
[-22.83258616 -34.68461276 936.48176913]
[ -17.05643073  -58.40020087 1154.45610462]
[ -16.30979122  -59.59989572 1164.39074042]
[  24.93093541  -71.72001276 1313.6418573 ]
[  27.2649421   -71.12174508 1320.51008656]
[-232.10439246 -196.79810448 1755.37547442]
[-264.58151762 -215.35609519 1808.61083369]
[-270.20765494 -219.41222868 1818.75951733]
[-501.17785401 -367.28428192 2220.80929459]
[-522.70509163 -385.11470277 2261.26091638]
[-533.48284137 -394.21045479 2291.41785296]
[-545.35243461 -403.99444726 2324.71204305]
[-575.17938084 -428.46843626 2394.84429066]
[-578.94565574 -431.83715639 2403.80273083]
[-596.2124544  -448.73655079 2452.33470505]
[-678.05297152 -518.51595768 2660.24202219]
[-684.07741812 -524.031901   2675.09032599]
[-709.38141641 -567.27828721 2771.44957199]
[-734.9335288  -602.47328607 2857.45554509]
[-750.72976243 -626.23391822 2913.19064142]
[-775.07233467 -658.02448872 3011.31279955]
[-825.64124473 -710.109935   3206.36425188]
[-835.74114387 -719.31356923 3243.31353869]
[-837.12094744 -723.7433503  3252.92809646]
[-843.86968492 -763.01926142 3330.00804026]
[-878.5579193  -825.10256441 3546.05127108]
[-911.03213676 -875.59239256 3697.24043195]
[-963.05654691 -969.82685684 3966.23879782]
[-973.79383952 -993.61075458 4031.19182626]
[-1006.13854073 -1052.87471836  4209.62681018]
[-1064.34633231 -1133.68453248  4479.22469841]
[-1078.35748394 -1154.77134273  4546.43180843]
[-1033.91455785 -1027.69408774  4753.68729539]
[-1029.03479672 -1009.78518136  4782.05790313]
[-1011.39984654  -938.11018947  4897.5758914 ]
[-1002.6581505   -913.50742814  4937.63153432]
[-1000.97823119  -907.64108204  4946.83994505]
[-984.42970792 -865.69386045 5024.46301883]
[-948.4560586  -808.20880463 5116.79126959]
[-899.98650288 -728.53052413 5244.5165658 ]
[-773.13717241 -488.07117038 5644.79480984]
[-757.4258101  -461.24758251 5692.51950629]
[-721.27103209 -411.25823083 5766.14689405]
[-693.11941717 -371.67818179 5823.29116127]
[-672.88440573 -319.87722762 5888.34345404]
[-622.45895999 -214.00537622 6029.45843127]
[-599.45266055 -168.11251654 6078.29608034]
[-531.44894001  -30.17108163 6218.30620788]
[-501.8752357    44.49486524 6294.58649171]
[-499.22494874   51.41342753 6301.73594725]
[-450.14501421  153.43416295 6410.90068468]
[-441.03265366  173.6750946  6430.14462582]
[-405.22540529  307.34146872 6521.3209858 ]
[-401.48894186  337.84781152 6535.45569468]
[-400.6003486   370.27860708 6553.02618006]
[-400.05331169  379.51101103 6558.63235416]
[-398.98767992  416.55129781 6578.37451136]
[-586.76298549  837.67283334 6792.05083046]
[-629.52559651  896.50926555 6842.02838317]
[-667.82347092  942.24242964 6887.98982023]
[-683.08830443  959.21104283 6907.94401283]
[-692.16986147  985.88623561 6927.43594929]
[-695.71489169  996.12028186 6934.53363605]
[-729.27819977 1081.31265331 6996.92249221]
[-824.7079701 1314.9385582 7173.5698489]
[-829.47345054 1324.93347287 7182.36318148]
[-856.9472478  1386.68132675 7238.26534467]
[-858.05531125 1390.28301954 7241.80538287]
[-880.05204172 1477.55280839 7323.24433351]
[-921.07336949 1631.24306643 7459.73618009]
[-935.99568729 1670.3518642  7496.15913793]
[-936.58251317 1676.79548558 7501.81506672]
[-937.07681458 1691.08390716 7512.61452252]
[-958.23180803 1906.59436213 7671.36828947]
[-960.64861713 1929.02928932 7687.85881273]
[-987.89463856 2219.97308274 7915.36203838]
[-1011.97551022  2485.79160904  8110.06915747]
[-1012.8912074   2490.38509842  8114.64554937]
[-1017.14903904  2511.26225163  8136.02977008]
[-1025.17956279  2560.32222182  8185.37925501]
[-1027.99908104  2585.93129576  8210.02855108]
[-1029.59783056  2599.43918244  8222.85189979]
[-1031.96814621  2613.53446655  8242.98366877]
[-1037.93396571  2663.95254409  8306.86280614]
[-1044.86312505  2713.1692757   8352.26119618]
[-1051.03345774  2750.96819729  8385.50595369]
[-1058.07393489  2814.68735873  8450.08979722]
[-1084.28599873  2998.5624211   8590.57311232]
[-1095.47162473  3048.99297408  8627.20295187]
[-1109.70376658  3121.9686298   8684.27765924]
[-1175.57523922  3618.54343013  9080.19710359]
[-1192.24662386  3748.50112781  9179.69679383]
[-1211.41226909  3859.05082782  9266.21596329]
[-1268.85133831  4250.30163094  9574.422186  ]
[-1279.95393351  4334.33626252  9639.4885248 ]
[-1282.22143442  4355.74594535  9655.54295156]
[0. 0. 0.]
[ 0.         -0.38870171  2.20443693]
[ -7.74257915 -52.45115674 414.5206843 ]
[ -8.20115361 -60.80537654 445.83769157]
[ -6.8132023  -64.22416351 462.01135176]
[ 24.62115875 -40.08659579 718.45811542]
[ 28.62973015 -37.23507668 754.8872661 ]
[ 35.91746955 -33.54022387 811.25765485]
[  79.21494878  -17.88950404 1031.39078346]
[ 135.09448705   10.84462966 1362.77411913]
[ 135.09468513   11.3500643  1379.01459208]
[ 117.32569228    9.64212325 1553.94585814]
[ 110.17220245    1.93416697 1597.44929871]
[  74.91200973  -45.07249778 1865.06157886]
[  65.6487886   -50.36330339 1906.69376622]
[  30.37675811  -67.53843144 1985.8215402 ]
[  29.47011101  -68.00066916 1988.02905276]
[  11.4261907   -77.28898982 2068.92275553]
[   9.39585457  -48.2015945  2154.08804436]
[-2.18942522e+00 -1.02480314e+01  2.29994717e+03]
[ 1.12765547e+01 -1.32735659e+00  2.42874513e+03]
[  20.80140363    6.72851064 2516.23498777]
[  19.39670629   47.91485395 2691.84567278]
[-1.78969094e-01  9.89545068e+01  2.92153689e+03]
[ -17.66446283  158.95650847 3196.51884371]
[ -18.92060339  168.60572107 3233.50604932]
[ -33.63851651  232.52196866 3477.56287492]
[ -37.44631644  245.81875823 3537.67410735]
[ -45.19110354  275.81177005 3670.29875606]
[ -80.2344549   327.95917427 3896.7342871 ]
[-104.23073042  354.47432868 4044.09054481]
[-116.62213186  389.14286713 4233.52731064]
[-134.86143071  429.08408248 4404.17408134]
[-148.64179175  432.73784622 4474.65884678]
[-153.91128385  435.02172325 4520.02652251]
[-163.50786736  444.31357291 4627.14825143]
[-183.47437311  455.79283275 4774.95053535]
[-179.80929007  442.78040722 4808.40456603]
[-174.36933735  428.20195866 4851.4356607 ]
[-163.06274519  393.36232756 4963.92454016]
[-160.32164808  363.06679342 5033.3322718 ]
[-155.82697774  335.98777246 5093.14601529]
[-135.28155073  235.19501947 5316.42618342]
[-131.35510967  222.73902873 5352.39834484]
[-124.4320726   195.4982656  5426.78679202]
[ -74.28414516  137.45530384 5659.31688413]
[ -53.10098885  124.26591145 5745.49090155]
[ -47.30013649  118.29644871 5771.85550693]
[-2.41787381e+00  9.74361303e+01  5.94249726e+03]
[  88.36823678  198.76626895 6172.72749686]
[  83.83084482  212.80554476 6208.41575686]
[  85.73149595  239.03302927 6281.10243373]
[  86.12835     246.74102459 6299.91452922]
[  85.72705022  250.81453061 6310.85651706]
[  85.42590566  253.20316619 6317.73066795]
[ 103.80951338  298.8681813  6426.39842311]
[ 121.69113929  398.82478195 6658.40428632]
[ 156.58967153  531.16604189 6986.13800457]
[ 172.87390151  574.77861539 7096.21084657]
[ 179.44466733  589.8613224  7134.24555111]
[ 184.01800075  599.93375343 7154.98980166]
[ 204.54467437  649.44904923 7256.52512808]
[ 286.10777839  784.61429057 7547.97852121]
[ 317.08995352  808.49187262 7582.13022082]
[ 556.80446842 1004.55302657 7866.71062217]
[ 628.10191875 1058.99546569 7952.31839821]
[ 679.67150292 1099.54993512 8011.10947927]
[ 759.16991458 1179.82759085 8086.01824686]
[ 761.99459523 1181.95884969 8091.681466  ]
[ 890.752974   1272.90430867 8341.30517918]
[ 964.96845875 1329.22113818 8480.85716164]
[1000.08664433 1356.09798489 8550.14067766]
[1011.86354639 1364.79140859 8573.51302639]
[1021.15917146 1370.94399815 8591.65085979]
[1026.67958605 1373.77704024 8601.13549597]
[1039.30302892 1382.3353253  8625.0421396 ]
[1090.61846652 1417.44369946 8738.95286995]
[1116.24911519 1429.7905472  8785.73749248]
[1138.66048256 1440.69870815 8819.5599378 ]
[1349.10047534 1553.54228366 9096.31070521]
[1372.15030408 1567.71958413 9125.03338985]
[1440.37624519 1624.79480525 9236.54995034]
[1548.36229364 1704.7694398  9441.6969144 ]
[1630.3229105  1759.63041129 9591.22744005]
[1721.35397019 1820.74545245 9752.43679106]
[ 1896.48892112  1971.80336211 10046.84756967]
[ 1912.38625477  1990.13028946 10087.2668359 ]
[ 1949.62445158  2007.74519664 10213.31065878]
[ 1959.02541488  2011.1622368  10245.47110652]
[ 1974.43454274  2018.14125437 10296.46811748]
[ 2036.79942258  2040.26501514 10535.21178938]
[ 2039.77268256  2040.18087223 10542.57309541]
[ 2045.05176692  2040.43994219 10555.10612439]
[ 2069.48549177  2045.57437698 10614.4662712 ]
[ 2096.34464052  2046.86985503 10693.25172934]
[ 2106.29545171  2046.04400892 10710.75955639]
[ 2165.88105679  2043.66178913 10825.8261495 ]
[ 2252.66534665  2032.44491076 10978.46606794]
[ 2354.60139104  2015.08648932 11136.47360303]
[ 2417.80379525  2005.32584513 11230.24802581]
[ 2447.55949114  2004.68852003 11276.92721156]
[ 2449.39284657  2005.08525992 11280.39456312]
[0. 0. 0.]
[ 0.         -0.06792053  0.38519648]
[-0.10145572 -5.85309244 37.21673505]
[ -9.95169606 -93.57726326 381.73156763]
[   1.24945892 -142.09714031  532.48993116]
[  15.47330625 -163.54602503  633.06445888]
[  28.61926298 -181.84886238  741.74402751]
[  31.03306767 -187.29600059  771.09310117]
[  34.63596451 -193.20052923  803.25994724]
[  36.86880735 -195.4037018   818.41924957]
[  40.3766977  -224.86968249  995.98842833]
[  40.20423178 -226.79409052 1007.10311992]
[  40.35691487 -237.00758594 1050.56865668]
[  40.94431434 -239.06563553 1061.35825253]
[ -22.79230059 -411.08250135 1672.05905385]
[ -43.97030247 -454.38694534 1777.92622431]
[ -63.23517821 -500.64577088 1886.31293533]
[ -64.38197876 -503.01238344 1892.54994899]
[ -88.87192792 -547.50795114 2000.21165724]
[-147.39004577 -668.95503804 2298.03990669]
[-151.84515753 -678.54692054 2322.12821199]
[-189.38248634 -738.81397571 2485.07355458]
[-190.38081739 -740.51007762 2489.17996821]
[-212.6034968  -786.72142733 2621.9161618 ]
[-224.80972336 -808.7559948  2684.89361894]
[-226.36798535 -847.65610553 2793.746503  ]
[-229.97277035 -912.89811343 3031.46513423]
[-232.5518259  -924.5303804  3077.88189148]
[-253.99231067 -963.83504319 3223.73277135]
[ -289.59337948 -1060.97737559  3507.5612387 ]
[ -296.40176189 -1104.4071244   3629.32835882]
[ -296.45133235 -1112.01667271  3660.71754981]
[ -298.63238767 -1156.77094222  3867.32148852]
[ -309.17660771 -1167.96777481  3900.0172584 ]
[ -327.00503152 -1193.58766791  3960.29163151]
[ -390.60550257 -1280.65399985  4174.16095027]
[ -449.41900688 -1354.85623864  4353.17184205]
[ -506.88610437 -1492.46402148  4632.04668911]
[ -551.26184855 -1645.08545225  4948.52061323]
[ -645.92241284 -1782.92175904  5253.20909301]
[ -648.18836209 -1785.62416948  5259.22285148]
[ -659.62964087 -1798.54061427  5286.47896927]
[ -745.64447054 -1916.3839333   5485.44545299]
[ -748.27880571 -1945.22695915  5504.50669785]
[ -750.74147289 -1996.19673347  5534.99935546]
[ -751.91737974 -2100.49589657  5598.2192316 ]
[ -750.41635687 -2130.04762261  5617.15203883]
[ -738.48637546 -2266.95595035  5721.76419118]
[ -734.23174428 -2332.91944965  5772.82626119]
[ -726.79189832 -2382.69932775  5809.19260864]
[ -711.76268484 -2490.1641398   5893.15765389]
[ -700.57047615 -2586.16299345  5976.84708751]
[ -750.28567703 -2800.96403401  6165.87714311]
[ -761.54255403 -2849.34682066  6208.15544857]
[ -764.14862658 -2864.81046481  6221.39883416]
[ -782.47276458 -2948.85669708  6294.56493457]
[ -819.7472903  -3146.14845762  6447.84509183]
[ -821.26147386 -3162.60441684  6462.6514406 ]
[ -843.64887548 -3273.38848016  6571.02366706]
[ -846.92060242 -3287.7420275   6583.32194811]
[ -848.88999678 -3296.93151407  6591.2269731 ]
[ -848.74114961 -3338.29794319  6635.16181789]
[ -783.60135123 -3559.85408516  6982.44796587]
[ -754.94373142 -3710.25934351  7222.29820742]
[ -753.95161413 -3714.78935307  7228.66232236]
[ -735.75288082 -3782.9806398   7325.109752  ]
[ -717.33302827 -3837.27469748  7405.24490779]
[ -709.36920113 -3859.30018076  7439.18387314]
[ -696.64221853 -3893.98701533  7494.72298166]
[ -692.39938214 -3910.2284326   7519.67267743]
[ -627.39019108 -4041.47999152  7718.02000388]
[ -619.37116656 -4058.73689522  7748.61006439]
[ -591.38308788 -4120.10067957  7858.4308827 ]
[ -539.43483817 -4226.63322329  8024.76093055]
[ -516.38779386 -4272.19768169  8089.89383003]
[ -512.49291912 -4279.13237848  8101.45363155]
[ -487.2254777  -4327.8923664   8181.66139808]
[ -453.35141595 -4445.93683809  8321.54724367]
[ -452.83338137 -4447.77297121  8323.45779056]
[ -445.57370514 -4471.91503791  8348.70026144]
[ -379.85677142 -4644.07631208  8565.945277  ]
[ -374.91373194 -4659.76130035  8584.89402558]
[ -341.41739901 -4793.72954304  8732.47574482]
[ -313.23588909 -4847.80778546  8797.52376699]
[ -245.06739124 -4985.82042866  9010.043069  ]
[ -274.22887431 -5033.3707409   9084.26894116]
[ -326.95928594 -5159.7639057   9235.28231035]
[ -368.60976861 -5288.98071914  9371.46619247]
[ -369.96685168 -5294.7534514   9377.2452993 ]
[ -382.87948286 -5344.41844952  9429.96025782]
[ -423.77762238 -5463.50058749  9552.12829575]
[ -493.60881708 -5670.12113257  9757.29240369]
[ -499.19019439 -5688.68917722  9776.89682352]
[ -589.19090284 -5892.81939773  9993.06862218]
[ -600.42353366 -5951.38074506 10043.47739752]
[ -620.22543809 -6046.08672914 10137.60583753]
[ -636.6116331  -6126.00526092 10206.50712925]
[ -637.8180435  -6132.21760128 10211.48717747]
[ -653.03101655 -6209.58050689 10281.87776753]
[ -665.41520538 -6253.00296032 10325.49509983]
[ -670.04967252 -6264.87463026 10337.50432143]
[ -765.735813   -6510.15486381 10575.2243134 ]
[0. 0. 0.]
[  0.         -10.24272049  58.08935449]
[ -0.09261142 -12.94511874  76.31474921]
[ -7.46529566 -24.97699052 230.14032817]
[-19.2957414  -38.13905066 394.6288809 ]
[-38.01917781 -59.58525798 515.44374995]
[-57.48131295 -83.8702811  608.57377799]
[-105.0332776  -176.96660452  929.8958218 ]
[-111.44480513 -189.3778151   981.27432731]
[-133.96710117 -221.8364856  1101.35758386]
[-148.60117807 -239.8428812  1161.01566052]
[-175.41056025 -275.96167736 1259.21211211]
[-193.74685795 -303.94697216 1338.65726606]
[-163.04598148 -306.50096916 1408.719178  ]
[-132.9709603  -309.32862342 1497.15793209]
[ -91.73745626 -315.89460971 1608.6033788 ]
[ -81.8736216  -317.71219239 1634.22588719]
[ -52.49034188 -320.97482613 1713.19281524]
[ -47.67154378 -322.11612909 1729.82668116]
[ -39.98864391 -325.05254355 1757.71003761]
[   7.3356762  -340.97020835 1914.84624579]
[  59.0694108  -362.52533236 2120.48957408]
[ 125.1324601  -400.84965733 2403.99106369]
[ 166.30236468 -420.21564897 2556.45115902]
[ 167.13615411 -433.5614986  2711.99691312]
[ 106.96726486 -494.37914076 3066.09915689]
[  99.60039927 -503.9626043  3116.52356691]
[  89.45317559 -517.42330464 3214.26309598]
[  86.88127106 -519.36853361 3231.58885753]
[  85.25613392 -528.29549538 3270.67779025]
[  79.54625996 -554.0717067  3390.14104003]
[  68.62489476 -571.76324621 3489.96385868]
[  27.39317752 -618.91842292 3750.71242846]
[-3.82670609e+00 -6.61878813e+02  3.95861004e+03]
[-152.9087339  -707.81903016 4739.19021957]
[-170.82706996 -713.20572668 4815.4205317 ]
[-179.61102856 -716.06363529 4859.58282247]
[-183.46769684 -717.21428288 4882.18015069]
[-212.23959627 -722.04071729 5031.59459729]
[-218.22513172 -723.97062777 5058.51749406]
[-247.58137024 -737.54144745 5238.42191097]
[-276.53211645 -735.05191688 5335.55491321]
[-314.6932551  -729.24682448 5426.03556617]
[-335.78570309 -727.25617068 5486.63555304]
[-366.01843712 -722.93555309 5564.27605231]
[-440.64208546 -715.02644158 5711.37911651]
[-477.49934199 -712.02432833 5774.4437314 ]
[-491.25224653 -714.43744465 5801.25147035]
[-599.91358619 -746.94199038 6045.09266632]
[-612.49413371 -749.7231298  6075.30314118]
[-613.33141567 -749.93298921 6077.2452801 ]
[-622.8915503  -755.50383951 6111.51115577]
[-654.87698471 -773.53583496 6237.5274436 ]
[-670.29458191 -779.23098625 6291.18533264]
[-760.24123185 -808.18772672 6537.81102272]
[-771.0322449  -813.73998003 6561.54353549]
[-775.43674957 -816.60226832 6571.90705393]
[-852.17963685 -879.8627537  6775.32704254]
[-989.7344186  -998.34988578 7155.18617969]
[-1014.76219859 -1020.52340119  7234.67519288]
[-1212.72218891 -1082.2806725   7527.34929588]
[-1310.50615311 -1117.53529658  7664.74188592]
[-1365.67529838 -1146.39776427  7736.09209403]
[-1556.51027138 -1247.42180271  7998.27454181]
[-1601.05664411 -1261.26241669  8063.0034099 ]
[-1624.54152915 -1265.16060887  8093.37408425]
[-1635.61143481 -1270.4896796   8107.85484035]
[-1709.88798827 -1306.171835    8208.43554151]
[-1761.76723182 -1321.62336468  8274.50923566]
[-1880.89407717 -1369.96764364  8429.87356994]
[-2024.91315904 -1421.59940336  8627.85972871]
[-2204.46051823 -1486.29260673  8791.94446276]
[-2348.69946675 -1584.95375412  8912.56214436]
[-2409.94618481 -1632.63566868  8965.1835073 ]
[-2463.95420318 -1762.43666413  9068.62933747]
[-2477.71711692 -1802.23793414  9103.93264182]
[-2513.03957324 -1894.19089265  9192.47660364]
[-2539.13668439 -1952.4573798   9249.0430428 ]
[-2596.83042412 -2121.56320076  9393.79271882]
[-2612.33784668 -2164.28681505  9433.39523653]
[-2633.64026239 -2219.96996938  9486.19001003]
[-2639.54084388 -2234.51610198  9498.63645799]
[-2664.24839433 -2295.96763171  9546.18696758]
[-2678.27340889 -2380.07332311  9617.20890798]
[-2680.43598342 -2391.7172973   9627.34271739]
[-2705.51248868 -2480.48142519  9701.80449005]
[-2798.99369448 -2738.00935451  9882.48501716]
[-2826.79730991 -2813.89779471  9933.79079153]
[-2830.38725218 -2824.25278511  9940.71873192]
[-2833.64668556 -2847.36191787  9955.08437246]
[-2836.30003225 -2865.58877709  9966.91888914]
[-2881.38060861 -3059.8363893  10063.25456829]
[-2897.52932867 -3148.88409411 10112.11700223]
[-2900.85485127 -3161.39950808 10120.27274834]
[-2931.52075357 -3251.88154247 10176.60282242]
[-3006.95692371 -3484.0153504  10303.98711719]
[-3067.7284945  -3665.06423772 10423.78600756]
[-3090.21940274 -3722.64326532 10451.29873998]
[-3121.57805407 -3804.14686627 10487.34178687]
[-3132.83443621 -3840.02753482 10503.4804452 ]
[-3153.80556072 -3907.39690228 10543.99653708]
[-3212.162009   -4087.44200675 10649.52063483]
