1.27279049178
1.27293599489
0.570228781007
0.376219873239
0.580711317411
0.471632853157
0.368099449802
0.707571763662
0.394378789219
1.27229200226
1.27680141175
0.545433984556
1.27634270262
0.588630354396
0.646118055423
0.447606670565
0.629963477966
0.50318667262
0.519921932848
0.493634112961
0.467077854166
0.356219345464
0.403354479208
0.410847738875
0.456553391602
1.27143486808
0.841950143632
0.344294165973
1.2752153033
1.27376451974
0.385982888641
0.386432063147
1.2723648771
0.558851208739
0.690186758852
0.721024474109
0.687755118153
0.528600194581
0.959073883186
0.331346408549
0.35675974602
0.726134402261
0.656558418204
0.5507478975
0.998714437916
0.581325161555
0.551223831108
0.85315268274
1.27480923407
0.461580827309
0.602604446969
0.779146498725
1.27356942926
0.376622343155
0.553924611096
0.500318145171
0.602985548602
0.618328438493
0.481444674745
0.411352252209
0.471732187558
1.27350266321
1.27298501286
1.27371428203
0.465639525013
0.457143532621
0.629545669665
0.686400384515
0.826626443058
0.666845578419
0.56833957912
0.836076588687
1.27341517345
0.544340315225
0.574605404512
0.502472382545
0.463468923506
0.557975646844
0.567649197982
0.702917097705
0.496835790228
1.03527177792
0.468942541735
0.804046498312
1.05646509283
0.531503603629
0.554189631541
0.605295114268
1.25736505232
0.475422801327
0.331145404098
0.454070090701
0.538483762683
0.453811024771
0.645584452767
0.737753660739
0.510094529187
0.776327286511
0.506672542101
0.644447823458
1.27353405312
0.657321716124
0.553168637188
0.40285129628
0.494878181245
1.27317967601
0.394557473186
0.664046067454
0.418551950607
1.27232863598
1.12904844945
0.489605742673
1.2753699071
0.731232246789
0.646247979289
0.621894176115
0.35626673121
0.785228229829
0.547682774527
0.901289630615
1.27298501286
0.561636955364
1.27315230633
0.587465446089
0.507230392421
0.527857083574
0.657756162862
0.497622363558
0.451263942409
0.496224467634
0.498147406984
1.20372017604
0.356089600087
0.682016234946
0.539290871633
0.949294618552
0.417442452561
0.426265365967
1.27463696693
0.50201397931
0.490403967351
0.705057679556
0.592722472275
0.471343664562
0.464723798976
1.27266535054
1.27866074995
0.513302798854
0.456709272644
0.530753477176
0.806659976466
1.27298501286
1.27356942926
0.616899199545
0.659669397373
0.356314148359
0.425265576066
0.511250010049
0.487880417486
0.46613540543
0.54106253938
0.554777442877
1.27392374543
0.315947100096
1.27428323431
0.476558892635
0.800518033206
0.733040376938
0.910851568573
1.27343620327
0.515380737019
0.493835900842
1.27477392184
0.376520504861
0.535793521696
0.315989032677
0.640924655737
0.376319951046
0.403030009832
0.466615807087
0.520245899069
0.741315143525
0.63994006639
0.845619143359
1.27401884042
0.423940880882
0.455843330805
0.79085469849
0.461090763937
0.331993244371
0.94891848026
0.402206790318
0.448816928509
0.541409075448
0.403240954527
0.658697260957
1.05168315089
0.602319690124
0.739723279556
0.394517405102
0.377217844061
0.530252074363
0.424891671
0.656992326311
0.660313656014
1.27695914008
0.522078493163
1.27293490841
0.873583509503
0.621126296356
0.63533136658
1.27356942926
0.438245705312
1.27426782959
0.430888449531
0.52611878534
0.539253373782
0.555686705656
0.418216510711
0.527109264448
1.00717832135
0.485122498538
0.612248607791
0.659297742044
0.57007830553
0.651555255354
0.53570963683
0.610807920348
0.619665555076
0.430857228717
0.573708970558
0.560759505528
0.386385047421
1.27378680275
0.50314787904
0.535021708292
0.644968391988
0.471200510733
0.84987279932
0.628407739803
0.481397909961
0.403133341527
1.27459210634
0.551226089329
1.27114405742
0.609567411442
0.549417169408
0.542732355666
