0.0397438012542
0.0530893999516
0.0516834382287
0.0900468551713
0.037107312603
0.100429827457
0.0587467243188
0.0268732443393
0.0601307442183
0.202731865843
0.102497260904
0.0849181652307
0.0509069618962
0.0459933141304
0.0719898659929
0.0976722793242
0.15762389565
0.0237119233054
0.0891344147042
0.0269824813597
0.0587464380833
0.0207710871835
0.0139331637384
0.0189822844809
0.248848764956
0.0604036914221
0.0576674814798
0.159824683442
0.0745564382075
0.0690448697269
0.130939507165
0.0690623815726
0.0142730745953
0.0190955915
0.04870541859
0.113063784672
0.0494071441376
0.121494308508
0.0663718099721
0.1202680302
0.027679738068
0.137769239118
0.0342780067139
0.152802764327
0.0370847978529
0.032303422531
0.0296144236581
0.0105064061135
0.0793502533745
0.0641134231162
0.0417683008193
0.185738264709
0.0518688501341
0.071010549633
0.0400570794434
0.108600463737
0.0535866600929
0.0359922403901
0.0383911673234
0.0698470917428
0.00973910950645
0.113258202387
0.0714829328622
0.0686866391624
0.116501427636
0.0549469767892
0.0444925544722
0.0572690072078
0.0370981463399
0.0407631849427
0.0613956441618
0.0549415920682
0.186200178956
0.05302173815
0.083459802225
0.0100642139213
0.0574511635999
0.0272094113082
0.0603486777814
0.202778248349
0.0782467328951
0.0664334693381
0.065309819897
0.031119487869
0.0886553617664
0.0578469620254
0.113174626582
0.0473224409007
0.217300462836
0.0799690328536
0.0451118050534
0.0442450631179
0.0645180104329
0.0239010485156
0.0845916571921
0.0692415693854
0.165335756901
0.050702472785
0.0917715091144
0.116716829374
0.0491867659044
0.0210543782689
0.0357505484191
0.0833205706058
0.0258447705922
0.0994500322572
0.041994997211
0.0396264546704
0.0559560237573
0.117721645684
0.0640727151169
0.0821920435609
0.179766947003
0.0581450601747
0.134972202682
0.0285400952708
0.0629840404213
0.0315722354187
0.107265828237
0.0558021295565
0.0573247265833
0.056830315016
0.0497771333788
0.0454766339946
0.0963126965424
0.0531751270348
0.118256895565
0.164180062247
0.092102673173
0.138170298792
0.0328400584821
0.0218420037359
0.0666119724224
0.0409193501437
0.040368022115
0.04454823997
0.0665361993373
0.326715692153
0.113872217454
0.0509625646741
0.154832969337
0.232494091647
0.0618017561391
0.114733136956
0.0229111146334
0.0973096133824
0.0967901097878
0.265514434379
0.482342305699
0.142478913737
0.139102192302
0.0468509222637
0.415231444255
0.110996126942
0.01643249106
0.0344223006795
0.0634727840263
0.0941643228386
0.0981109783335
0.0693122958538
0.120568014142
0.0540813826572
0.132149735027
0.0416798542637
0.0769926096604
0.0854003800075
0.0871887355616
0.06348420685
0.0865859822695
0.0371926614816
0.0727942913453
0.064724751077
0.0380257942628
0.164014485104
0.130551375334
0.133996475894
0.0708351200427
0.0473984464505
0.0224699767518
0.0710753012559
0.0534443857899
0.0399692226306
0.472942198794
0.140527820893
0.113490263197
0.0982816329606
0.0698850539907
0.0953346239391
0.0737108855145
0.0725696916322
0.0703536979186
0.180728308566
0.0568636423051
0.208589163496
0.090609637611
0.0695875241395
0.0123385997945
0.0423938044205
0.0528814511049
0.186081892458
0.0145215696605
0.0789166028867
0.116962750776
0.0172441864313
0.377107388929
0.0899786088779
0.0552095129781
0.0832258397756
0.0781323827459
0.0863425180674
0.278005464002
0.0924899381256
0.064952385549
0.0187793014747
0.0353258599511
0.0938085774971
0.0647758953623
0.0964585606772
0.0897654732452
0.0955009015403
0.0796723001416
0.071221204678
0.016738115923
0.0885946660381
0.427558430349
0.0731109228932
0.0790057361511
0.0428532412177
0.0959378062167
0.0701216079344
0.0831155467403
0.391882259018
0.115287180346
0.11612452742
0.121138456545
0.0910181110366
0.0904147947635
0.151304491628
0.0873856038583
0.130841283856
0.03974444672
0.0289059548872
0.0732003064691
0.0401639410308
0.370188431157
0.103569827492
0.0358305586548
0.0297628418549
0.0714748275978
0.118045448183
0.229897134046
0.0495614918765
0.12496273986
0.153674749857
0.0747688255003
0.0563868493403
0.0963285330205
0.0455352194254
0.181229097896
0.0797899548739
0.0449654520008
0.0595612293712
0.0404175022378
0.0591114603464
0.0719002840592
0.0275494229762
0.0633969756843
0.04697491472
0.0452787046191
0.068092385757
0.0345221492049
0.0507958410337
0.0750601737761
0.0702900302804
0.0610412056683
0.0969708852209
0.112134599777
0.0496754609119
0.0565567876898
0.0424269106954
0.0456871184502
0.0496964457535
0.0444155624893
0.104304414338
0.0676412249175
0.0497983881647
0.0440961885532
0.0398305644013
0.235563805896
0.0569124550457
0.0568439503213
0.0588133926515
0.12136504295
0.0947365158053
0.0615322709029
0.110973767746
0.0343551392755
0.0740341580978
0.0186458045742
0.00562371858478
0.0141070784317
0.0895627559651
0.065691387965
0.0968748453904
0.0739511698473
0.113148665675
0.0565980285157
0.0707475568437
0.0650296600984
0.0725390639448
0.0684031307183
0.0670821327334
0.0696833382167
0.0347466196529
0.0467477335409
0.0265453817742
0.120395238542
0.145291550532
0.131982724772
0.069852952528
0.182177520949
0.0565958908317
0.0602214077137
0.0529335990027
0.49388416258
0.0865708369512
0.0390821733973
0.12974868987
0.130040824347
0.0342122034108
0.0444131861073
0.0649613661783
0.149137506489
0.0743093117527
0.301850246891
0.235205940141
0.0155826269352
0.103330924499
0.0460123445119
0.0459549235571
0.0356466513274
0.267715585773
0.0784941613435
0.0802801338489
0.0293950876115
0.106465066309
0.0629290125323
0.0646261311401
0.096747050621
0.139813532303
0.0232828941653
0.111231420243
0.0235241542725
0.0407387673071
0.166036718676
0.0312517908576
0.125133217019
0.184652396841
0.037249275428
0.0502655780511
0.0422158678699
0.0633271660012
0.0637976544594
0.103447919331
0.114096237377
0.0904605747711
0.0509749359794
0.0581958876692
0.0677316867633
0.245672994521
0.068686682293
0.0959171725144
0.074340739202
0.0621967386759
0.359555628854
0.360825632609
0.0595520404098
0.234011173613
0.162854182619
0.0255066285607
0.0555707052098
0.0520579096043
0.0887076448518
0.459642554882
0.172172949834
0.116003026492
0.0695202155407
0.0601855395242
0.0298880484287
0.0665565907169
0.243375512031
0.0731947940183
0.0877502924233
0.0708180162175
0.0608050792741
0.0386673025234
0.0858596484967
0.0945712905681
0.423633148774
0.0438536293311
0.0465145062895
0.0327988468276
0.0262945262719
0.0949853599477
0.061924789415
0.0648740407358
0.098991685405
0.0534795925951
0.163903066634
0.177622751384
0.125269524702
0.100687737173
0.115697251385
0.0923156260525
0.096330543656
0.0733540302679
0.0565231229832
0.0815374541286
0.15099734287
0.0152342165785
0.0308520529907
0.0614839135382
0.0802003650204
0.280436180815
0.0467088027227
0.0129398320398
0.0350566324953
0.109116974211
0.652284812733
0.0617633556828
0.00688180594044
0.0478349349818
0.0452218051417
0.0449119322327
0.100644024205
0.0626881301618
0.0670867493403
0.0527597206069
0.0682105894331
0.0389831003206
0.0977248368953
0.0781269169065
0.105321753484
0.125019932394
0.0606561973147
0.00964437134392
0.161209502094
0.0901457783494
0.0221391406095
0.133186654896
0.111306937312
0.0589859641114
0.0373011135807
0.0795519892768
0.276992986515
0.0338254459261
0.137467957314
0.0765470813132
0.120004660707
0.112467333559
0.0929742481261
0.119622223849
0.0637856395228
0.100520762993
0.0757571132634
0.0716152418381
0.115175260568
0.0444795837343
0.0449762274089
0.0759165329897
0.0634565162537
0.0238638804919
0.0238757771386
0.0743004378194
0.0741804802495
0.0662060767224
0.0145142741348
0.0844572366948
0.100368211953
0.0216945697287
0.0780354939038
0.0188448908165
0.067458829668
0.0311591875239
0.133330612822
0.0723883190133
0.277547195064
0.114475900246
0.0302735314235
0.0323241158797
0.0408808558396
0.0638984385087
0.0618256791564
0.0974417823445
0.304486715713
0.067233093125
0.0659158733321
0.0846929150808
0.15221263504
0.0953304572997
0.0378452077942
0.0675960883221
0.0476289205888
0.0874758157305
0.0674381351339
0.017521941426
0.0733601463358
0.0622638894569
0.0339457493766
0.0741926372442
0.0608930371949
0.0847098540854
0.103473535755
0.103652508157
0.0861054174626
0.0973316830829
0.134698154592
0.20778592609
0.0613865490468
0.119973530657
0.110422953227
0.0458301058801
0.446274426172
0.110742643919
0.0938787737318
0.113552907733
0.137058663431
0.0667373911967
0.11153575634
0.0999186346796
0.0617152187752
0.140327943121
0.113501693005
0.123760858659
0.0945026459445
0.11638052752
0.150121900741
0.0630047730304
0.183369981863
0.0959355889921
0.11689306478
0.0875673509831
0.0722538581926
0.0887795459117
0.0523278063676
0.34447344204
0.0695981334507
0.100668406533
0.0312117111717
0.0902943259318
0.146187913495
0.0876555765323
0.176315900172
0.12698236752
0.0455869860315
0.0831748873002
0.0912568970573
0.0876484696627
0.0485875200769
0.0535107367102
0.114851301151
0.0549205493108
0.0516672592929
0.0466027207242
0.0403360430193
0.0940259315501
0.0539477260347
0.125120025248
0.100051188229
0.0936055380436
0.0181417015095
0.0157569646244
0.268434997055
0.0470109091503
0.0865955312397
0.0714188600184
0.252544245364
0.0905819851811
0.0493916774655
0.143235420513
0.164162870944
0.110112910365
0.0454104733043
0.0565128703226
0.115708470788
0.110956393272
0.25861608663
0.112898321556
0.0933560468956
0.139774564644
0.128296439255
0.0707009290182
0.100647478574
0.282927041428
0.122887522945
0.0877698571433
0.0583886606147
0.0361892847213
0.0646763977679
0.0458168755875
0.115987077633
0.0803083625991
0.0703738153675
0.056885446872
0.0746318167117
0.0724774421329
0.0723786025745
0.0489652525555
0.0873581581962
0.0520592186307
0.0568495129081
0.0641145100881
0.0771129939335
0.0342661253035
0.110684381919
0.0410166103466
0.0436800804047
0.0642833418088
0.0673246174788
0.0319298359924
0.0606516032252
0.0744448316251
0.0700601260903
0.0378771304765
0.0321312675316
0.0482886362019
0.0240576541035
0.0512529733663
0.0488674808099
0.0632874642221
0.0858983078092
0.109513758195
0.0877091638238
0.076761826908
0.0657582506347
0.032179927392
0.0336936962494
0.0492268431915
0.071145832297
0.105613408708
0.177022912357
0.0578037246653
0.0482152940055
0.0972658911471
0.0262103729243
0.0121392468819
0.087152227295
0.0579817167312
0.0554459317259
0.0616352443058
0.0898884478043
0.0737607765707
0.0598627973931
0.105132327345
0.107857092211
0.00749743050806
0.173485785141
0.0672422028453
0.0627212733719
0.0466349468382
0.0219069976415
0.0489970429527
0.0586167638145
0.128969079727
0.0683163564591
0.174450153588
0.0376991083044
0.136263295251
0.0668755428929
0.0861226218838
0.0402539968497
0.0337811792976
0.0999771985625
0.0502645821187
0.0657176139281
0.135595455081
0.100399035849
0.0620714145608
0.0574406962707
0.126279139951
0.141200168332
0.106562221814
0.0707283917121
0.0843909870756
0.52701250327
0.0385039296159
0.0938425094297
0.0925303530753
0.120623072542
0.020611439562
0.115166430944
0.0362273307494
0.0947690704809
0.0708185580583
0.0758967133363
0.102765152398
0.130760437698
0.0685964826977
0.0227620478677
0.0939932389203
0.0827454362427
0.0882209561832
0.0821051462572
0.0692340464194
0.0629932052646
0.101257463176
0.111159347766
0.0876446027581
0.0628380454467
0.0538151671732
0.0692460812083
0.0630752006742
0.0294861801785
0.0673006697436
0.0308797426672
0.0723181202522
0.0866281234921
0.182680109759
0.156017010834
0.0672079659784
0.0862711749898
0.0525091168597
0.164308504082
0.14887190088
0.210501548878
0.0580059821324
0.0871360431021
0.0808308329657
0.0691408704984
0.0834163865535
0.06238626212
0.107378714791
0.0878307604372
0.0554682229952
0.167112787726
0.117473070934
0.0678357432755
0.13009059173
0.071819600604
0.0143279039317
0.0416528803877
0.0467947524156
0.205776795369
0.0569011463619
0.179807110687
0.0957160178841
0.05376056987
0.117189013881
0.0714463747464
0.0398655968232
0.0592105750725
0.0849372534819
0.0389120538133
0.109882075577
0.0488212806429
0.0398036968076
0.197952549512
0.3270086534
0.124594957885
0.0498261959511
0.117991473367
0.019577934532
0.0576738983709
0.0265775265199
0.0148699399748
0.0870894072728
0.0877001196328
0.0641127453901
0.0622423237225
0.0650681555705
0.0347531665498
0.0919425381199
0.210390297082
0.0320856240461
0.00659259210228
0.0783862008156
0.0615121603017
0.0988817848739
0.106602013479
0.12983280928
0.0876214833318
0.0820686401918
0.0987142222333
0.0867472568831
0.127617920775
0.0334474918554
0.0442866577301
0.0771139318153
0.058615818719
0.122318982393
0.0742373461376
0.0768448578582
0.119591161456
0.0567589733561
0.0460123049584
0.0855672420548
0.00633431091877
0.0698725577876
0.0908481052168
0.0233677207856
0.0817950059536
0.0634997829108
0.108784033055
0.906185499258
0.064771671838
0.0167835518548
0.0496090706368
0.0685835526109
0.0547487039181
0.137562647973
0.0703377617614
0.0506931399717
0.0478496263268
0.114261576058
0.0526025220477
0.0793871755397
0.943337498085
0.0626903631651
0.0640647087382
0.21883541248
0.0419857792817
0.0133796647944
0.0415123456934
0.0537709483183
0.08812450566
0.0631363820397
0.0942207005528
0.162305083705
0.100475274016
0.22976753191
0.0551204371333
0.07680730372
0.166226683291
0.175536141294
0.0484604971579
0.0843761994883
0.0776878019414
0.222844650697
0.0146361556808
0.0122968121371
0.131769637089
0.0720822486546
0.111957669125
0.120837037693
0.11388347009
0.0728711505339
0.123144881694
0.0277739842055
0.275948560631
0.0451186985266
0.483222154149
0.0511127889777
0.0664936537983
0.1606673578
0.0517123118935
0.0304462068667
0.0864126787039
0.142540999711
0.044464748167
0.0344612631289
0.065381352976
0.0455307546828
0.226800880711
0.0424481802529
0.0611113322533
0.0128064273723
0.0754731625203
0.190750193064
0.335133558659
0.038083153472
0.103980924578
0.0802142450715
0.0598847921396
0.120033131481
0.271035169922
0.0541114717133
0.0608943953543
0.481486051182
0.0694901428755
0.0973689586657
0.0412738475884
0.0153442158793
0.0621345112599
0.105151204619
0.0777352515748
0.0615235179354
0.0976210436812
0.22854549395
0.264243121209
0.0547288819193
0.305164807236
0.0595901698827
0.0930302060807
0.0671416569977
0.114052797923
0.0670073027219
0.0501339850895
0.271888806287
0.111157306622
0.0903672203329
0.0260188289235
0.0616139964829
0.25291654896
0.0648789253494
0.0741624247647
0.0419145364478
0.0616274090507
0.0907128239889
0.148831014679
0.163151742584
0.0747396048512
0.0282486496011
0.0748211571882
0.0673862824904
0.0967362625546
0.0850422629659
0.106890016696
0.068760974283
0.102379994898
0.0488612288108
0.069755455231
0.0868197425257
0.0978150649471
0.052942639081
0.0257814083515
0.300546659651
0.0697258463559
0.0783774720214
0.152370767003
0.133466038666
0.100856243214
0.141306827423
0.804340412577
0.303056813865
0.0629391761946
0.0568935892489
0.0736640849299
0.108861332745
0.170637211232
0.0461319343566
0.0932715866533
0.0619096224847
0.236440571768
0.0623632320807
0.20894970321
0.0881820874961
0.0535403069414
0.149277292681
0.143699363793
0.0819175401888
0.0892075612316
0.155130892457
0.0654095835175
0.0551667794597
0.142191945681
0.385777769503
0.108871709985
0.191230754328
0.07295264666
0.089364740775
0.24644807469
0.0277857873873
0.0829495933716
0.0912791490249
0.0330516547479
0.0954820420875
0.182983457333
0.0735260773144
1.60527586517
0.0872616281194
0.0949005373625
0.0984323261755
0.0246978503301
0.0125519902254
0.0822982417679
0.0533373266333
0.0823846832629
0.178615224103
0.0218878537512
0.0190705067822
0.0324735917822
0.0839715946631
0.0372674559422
0.0699748260268
0.040258689014
0.0315615311297
0.0947430095725
0.0940558264807
0.0453980219462
0.120413403924
0.0748909392359
0.111515703386
0.0585976160668
0.0409584730974
0.0744326672965
0.0732498883844
0.0268467251802
0.0528729599934
0.042306819545
0.0642197667523
0.0551017807656
0.0289638654392
0.0428577081891
0.126817884153
0.070411304739
0.157539427419
0.0761113348463
0.0234243888494
0.0439545745431
0.151816705618
0.129303261389
0.0392091888997
0.0700313151178
0.0567730086838
0.0314180310617
0.0863633218182
0.125282447429
0.0206853478182
0.0453715592263
0.0538854582938
0.0898483192734
0.0508477858443
0.059838557872
0.10124196623
0.117002423405
0.0645433828651
0.0227237880357
0.0552042900871
0.00801258761957
0.0418450302897
0.0356903331155
0.0637692504692
0.373623246525
0.0677983017791
0.0707544809545
0.0657613252856
0.0413787574042
0.0672740071058
0.0710387530743
0.0582357899907
0.0713368849928
0.0207494876735
0.0958232672604
0.0554519914345
0.155816470286
0.0677718156625
0.0469991545642
0.0832402518748
0.0652603540459
0.084839772028
0.0790267054031
0.072040222925
0.0580928965166
0.272567838885
0.0540090710271
0.301976412703
0.0517343020872
0.0389206378539
0.0843118700576
0.0733780732588
0.145065980184
0.155339008432
0.0182401035865
0.293175476955
0.0890119937196
0.0778107653036
0.0668527442522
0.0240283745546
0.188007609372
0.0673199819605
0.0460306443753
0.0465890111584
0.0484277262587
0.0654049529696
0.0550174716989
0.0681571903245
0.0428117617229
0.105948327612
0.0761727642431
0.0477620118746
0.0225423197581
0.0930223291404
0.0842430609022
0.0307860090861
0.0356099624331
0.0678154763926
0.163343264061
0.061407115063
0.532749293975
0.0806070820944
0.0467216893739
0.0320892911872
0.0431632958776
0.114559045644
0.0653617107057
0.0683756922346
0.0673918856479
0.0445690140557
0.0632137606016
0.0544453942934
0.0395681668269
0.103809972484
0.0366972790504
0.121013940438
0.0787432162859
0.0808409517851
0.0546518174468
0.077756114197
0.0629702206779
0.0390794004162
0.0751653720678
0.0584490836542
0.0625937698048
0.102395134068
0.0350727057518
0.0572822796615
0.0188926284986
0.0405518714964
0.0357990221015
0.0668986487132
0.0670607400338
0.0639949172859
0.0837723404406
0.0813222611184
0.0203049360521
0.0583620726978
0.0550247645186
0.0627743102018
0.0569615018686
0.0465604647285
0.0318392054742
0.0629260870912
0.0617797941767
0.0610799317393
0.109945636552
0.0786912072902
0.577355712805
0.0685795242316
0.0739266671198
0.168628511123
0.0869267450928
0.218511559993
0.0396037005954
0.0954378652566
0.0877910653192
0.0274955123239
0.0686788639481
0.0571468523389
0.0352179955962
0.0482519550818
0.0365455308912
0.0771945037877
0.258112932325
0.0946718028184
0.110068377548
0.0471705852941
0.0364037984381
0.055667879662
0.0667899060509
0.0682138841487
0.177552080116
0.0469249609547
0.076165675578
0.0445095111242
0.0563844220233
0.117157133741
0.0733065502954
0.0624325918292
0.0588501913092
0.0104612639653
0.0123941654081
0.0621756006762
0.304361780179
0.0894621298925
0.0803361509367
0.0716692106832
0.156011875683
0.0184012397293
0.0734796737242
0.0965262025953
0.0174999433787
0.06303460871
0.117164966099
0.0284240561167
0.0649565216462
0.0294330625875
0.129721228154
0.0675123175807
0.139345548365
0.0129541199516
0.231290061854
0.109702113622
0.127635663332
0.0899315037344
0.0419565211682
0.0683038648844
0.0651317151448
0.0238425557617
0.0793348311486
0.039710493786
0.272833385217
0.27905363352
0.0189741637623
0.181478959457
0.0532119299878
0.0451644438125
0.121913206752
0.0692891092028
0.158965497141
0.18260773637
0.0530906487922
0.0253722827272
0.161619173848
0.0870166037318
0.0447440558295
0.018455088897
0.0642363181435
0.578350755087
0.0403028081502
0.0322255739873
0.0584243959264
0.10617893875
0.0864474616689
0.159673429116
0.115741484454
0.0572844087113
0.184574304023
0.135565843966
0.0848421036779
0.068669240765
0.220567491695
0.0901191390675
0.0113827701695
0.116742530932
0.0939404604804
0.0118188049268
0.0811199919162
0.182553837073
0.0909613946103
1.43317927906
0.1022220118
0.0392127413781
0.0539082090046
0.0747828286497
0.0911383678022
0.063088464353
0.0806588692877
0.0140320840018
0.0540217359066
0.0411111647602
0.0693488730374
0.0247352151456
0.0514231364947
0.171848015062
0.0878572490617
0.0573929642754
0.0403678988966
0.128498470325
0.0474234025012
0.044124990509
0.0694879148374
0.0998355217598
0.0911120489443
0.225757242003
0.0735147089381
0.0969450409503
0.1367354146
0.0735425575947
0.0451237663629
0.0822963240564
0.158777724059
0.118746766477
0.0836780340356
0.0793772751569
0.0179143797151
0.141423985963
0.313575670475
0.0809275300921
0.0853128258966
0.0415458491233
0.104287081994
0.047446563512
0.0865526761313
0.177829884547
0.0265396450023
0.0954465743414
0.0856356170733
0.0242125496962
0.706524157889
0.0976912945832
0.0397269879251
0.127811339232
0.0362671877452
0.0529887672906
0.0555410395953
0.139810633902
0.0300290710597
0.0355961114365
0.0496295477448
0.0348040003536
0.0407207496978
0.0248024216575
0.151489453339
0.030716894572
0.044876634183
0.0300269646217
0.0931403116981
0.0289833909069
0.0508935105203
0.0600306766622
0.0478850038979
0.0728198045131
0.077383494666
0.0503965238339
0.0556070146627
0.0580209987626
0.111683733375
0.0494018844981
0.115971571019
0.051188128672
0.0473093526932
0.0639874210343
0.0582613721915
0.0476095918992
0.0402220384102
0.0921531056004
0.0327709178198
0.180212099591
0.0403378490644
0.3904601955
0.0406616545902
0.0530931686807
0.0894382841334
0.0217893158066
0.0611928839529
0.11631244228
0.146155427406
0.0790108531539
0.00726169294249
0.0507053937223
0.0355212896628
0.0620148380748
0.0367165260966
0.00742139218381
0.0416881721983
0.212420139614
0.0784517399902
0.0820149556863
0.207954343703
0.0550663420984
0.309031497515
0.0396193507463
0.0659876313853
0.0309002650899
0.0281587013963
0.0251128329639
0.0685378339938
0.0600483692299
0.0513614601111
0.0418080560051
0.0566665419928
0.0921944745133
0.0746400395498
0.0243098841812
0.032166637653
0.0636523771852
0.0685447416534
0.033264064578
0.0696749266302
0.0274907385841
0.054934523149
0.0582706771583
0.202506052205
0.0940462861067
0.133725336335
0.0685018391891
0.13125527355
0.0333668174742
0.0467141042493
0.0883487036512
0.113525707337
0.0181629490055
0.0521420229789
0.0365505154178
0.0590351509961
0.0458224384085
0.0879247141686
0.134991986298
0.0529231954516
0.0263280086871
0.0845943027593
0.0361474622869
0.0671033214059
0.0124716522361
0.0497827006911
0.65744449221
0.0575053013321
0.255298706894
0.0239189484599
0.131788268439
0.208651183657
0.0926184415802
0.0561485075389
0.0686148038942
0.131057243906
0.0419999704559
0.0992638651526
0.0378421844632
0.0373826740361
0.0945250488431
0.366135873328
0.114493635051
0.0366237533196
0.0803570263835
0.0564489209505
0.0424189368356
0.0296163552135
0.0511114732904
0.136065185778
0.0660747844533
0.063107740618
0.0927611182011
0.0789334076402
0.0421540592936
0.0671356674458
0.0639432119816
0.0414211963353
0.0195068021399
0.00837518655371
0.0440423702738
0.0207296240567
0.283477682493
0.0587815161582
0.056263842306
0.053778217839
0.0901945776485
0.124836887204
0.0496403598404
0.128243413506
0.0576728836703
0.00773812058393
0.0650646193472
0.0413994859143
0.0610221977829
0.086474004288
0.0409193084156
0.0315364101976
0.0591926628835
0.248964557834
0.0277419821908
0.030273726248
0.0337680959024
0.0983282153439
0.0543978818957
0.0438089269198
0.0628230918516
0.0698058155583
0.0552118512263
0.0379426676545
0.0669870312393
0.0716152924628
0.0293984721246
0.053605132936
0.0631183020082
0.076600488672
0.0618904650711
0.0430799897168
0.0748805023622
0.0404551751446
0.0560612511852
0.0634593090876
0.0242183901976
0.0328172655025
0.329797277312
0.0333982359319
0.0662997181731
0.0202140057902
0.0344703676529
0.271696982584
0.104587253982
0.0302082930114
0.0711820181234
0.0836119770281
0.0704120956673
0.114390485298
0.0753941668113
0.0802369696451
0.196069957635
0.0865910215583
0.046876555799
0.0757884683209
0.073700669671
0.0601257154537
0.105753572056
0.0796883646596
0.0761132037689
0.11108113109
0.0844093472259
0.138839642928
0.195687256104
0.0459135995937
0.0922603246956
0.153487991876
0.0804930417765
0.253070754409
0.271256296961
0.110845309037
0.0965353610844
0.0911800055801
0.092683243761
0.070583849574
0.0815836183482
0.0568874803658
0.220816103943
0.070457659339
0.151296383658
0.111395106368
0.0857902995651
0.0846264930187
0.0953764152925
0.226406903323
0.0539436329228
0.0770561526829
0.0941954964762
0.0554879145431
0.269919928315
0.097515982646
0.0748234279806
0.0922657857941
0.0843285174655
0.0301047623251
0.103720881158
0.0589698661904
0.0776177708199
0.0678344120812
0.13834002665
0.0530879207311
0.058658625775
0.21268014201
0.117511811642
0.0846977295485
0.0534719002542
0.0377521973161
0.139267834224
0.0858160585864
0.0757772719875
0.0937573097897
0.0673268345908
0.18803941635
0.0817554035144
0.155581570691
0.106946464433
0.095984137927
0.0416001502809
0.0231439370359
0.0773892014173
0.0560171331208
0.0465745759123
0.13767717482
0.0531117003725
0.0552882874203
0.0601531772613
0.635470953579
0.0267913881232
0.025556414771
0.076993388582
0.267278700372
0.0345610787698
0.0528875209524
0.159284408195
0.0953249605562
0.0785521606094
0.0215808753807
0.0450951176911
0.050799878309
0.110727198191
0.0719659685327
0.0573243126378
0.0575462827727
0.115741175804
0.0426953556465
0.0798232263584
0.0237060789953
0.032049264442
0.0454548647657
0.0422261474581
0.0658424684482
0.0645122321688
1.66954987333
0.0195589019896
0.039653261555
0.028414045971
0.179934473463
0.0928433684909
0.511304857987
0.0472180416132
0.0447545737388
0.0461644287282
0.111597725303
0.121022036453
0.0333732991828
0.0257805586288
0.113312232624
0.0651931375748
0.0262519385315
0.144790805464
0.220423708821
0.0511473959206
0.0786644143838
0.0596891936305
0.0532060655583
0.0505166646145
0.0589236026747
0.430940748798
0.108073799169
0.0841258089553
0.0497550068847
0.0737573121921
0.0302573882278
0.0543824008809
0.0376571146488
0.0923242718383
0.0803096131995
0.148369615443
0.0485735165376
0.065218942233
0.0622369417947
0.116332271073
0.0960658527786
0.0752527142325
0.0638440417381
0.0985592266601
0.129715533148
0.0511251611263
0.0510753434335
0.0474617702287
0.0474158577294
0.0373478800662
0.0559324101487
0.1747959956
0.106081430254
0.0780082754143
0.0594680397051
0.0417842691441
0.0423312062511
0.0271857605368
0.22375717682
0.102295592847
1.23688439502
0.0684459589642
0.0193645481098
0.0541084999187
0.0373835683006
0.0588822936178
0.0282905335379
0.0582996221669
0.0785784015873
0.206692888372
0.366285588882
0.0688039316059
0.0728127181323
0.0289703152174
0.108080701129
0.109332733605
0.0960415269316
0.0815020918911
0.134283512041
0.0293051792555
0.273645112132
0.109819830214
0.134743595436
0.108246989699
0.12689670439
0.0691891368773
0.0786113266021
0.0268850640663
0.101392808306
0.0878244011433
0.175491353591
0.0820950380839
0.066949979225
0.0936670551319
0.165351453535
0.0621064535267
0.043065537505
0.0776746846545
0.104517030402
0.0802258159867
0.444831722008
0.218682532967
0.315534098961
0.0234875161107
0.155657359332
0.121304136803
0.0890018874588
0.108627217435
0.0840648054862
0.0584128342661
0.259984329735
0.0487382943465
0.0621217488331
0.0731648601061
0.0443069240471
0.138583909697
0.12528934092
0.0111907144364
0.0504850453695
0.102330593118
0.0468463295502
0.119297748959
0.192033206295
0.0887749622246
0.0990034891114
0.0977010447984
0.029527813111
0.0652486176625
0.101587228359
0.0931472595199
0.109124430394
0.0279044366308
0.0560628732805
0.0663853257209
0.0726901709018
0.147271506129
0.0373578824419
0.15130233031
0.0844252640653
0.0581667570642
0.0739158670955
0.0724449275191
0.0595817246566
0.080400254601
0.084229411145
0.0573728183122
0.1235898624
0.0333070565223
0.0799772279959
0.0287316130948
0.0349319556982
0.00985135966
0.0451025989185
0.0887950826938
0.0397786781929
0.20599654049
0.0758098784408
0.0618590101967
0.043930678016
0.0871171049048
0.0798586126452
0.301503610938
0.131779671213
0.302943840069
0.0699674973377
0.0427398387846
0.0968613629327
0.0645625936055
0.103097448333
0.114132486202
0.0859850780301
0.0852958679448
0.0741249895721
0.0869241265184
0.0732744986451
0.0492197188959
0.0483461660513
0.116710202409
0.196767594319
0.0900599762563
0.101058579106
0.0162717959064
0.0855912595205
0.107807795605
0.11148783863
0.0879803305156
0.123742478285
0.102105006026
0.14168806625
0.0946090974272
0.0470165563928
0.178365857253
0.0854545485664
0.0389911665913
0.00693094018942
0.149197496715
0.0814594029591
0.089125045757
0.0607024215429
0.0887170524303
0.129007839353
0.0500413402726
0.0628368240912
0.139653730603
0.109003251058
0.0722820513202
0.0525216729755
0.0801164227067
0.0935244104433
0.125445889042
0.063887443434
0.0806374592522
0.0496273453716
0.0685213783056
0.0875005545267
0.0613270888212
0.0437809661534
0.109374869169
0.0572315071504
0.276088083236
0.263075639579
0.062619571459
0.0692758425939
0.0222676595877
0.0758961171569
0.152497941361
0.0630919872226
0.0822914446916
0.0618324847188
0.0312574328178
0.0481995376543
0.0710892364368
0.0948636959031
0.0251377070925
0.0413520244204
0.0219095515849
0.139008562754
0.00538487012574
0.0661981868217
0.105037238204
0.0501375195203
0.115999358272
0.0578308219935
0.133434419686
0.0477308302014
0.0660768838833
0.0375971596351
0.106378378338
0.0215711971546
0.0113632967233
0.0266493952098
0.026964890453
0.0693481926306
0.0404298789964
0.0751078205183
0.0490229087244
0.0320849024536
0.0919512602539
0.146639616902
0.108054004383
0.0187739485025
0.111232583644
0.0335790579581
0.0425930231236
0.140720289595
0.0233159021016
0.0265948999584
0.214815073285
0.0439024592325
0.0981532907774
0.0624653905783
0.114673399495
0.0500372850198
0.0556067777246
0.0144637283478
0.0278992049954
0.0798744127599
0.0657982671787
0.101426425854
0.0443721070485
0.0385217570802
0.00196696999981
0.080903399744
0.0635658036889
0.0308134248326
0.0461524818019
0.0522917612923
0.0563956725385
0.124995840397
0.194265598061
0.0597405958873
0.0263595348042
0.060214849111
0.0746934337019
0.0167452944963
0.159226072841
0.0274316947955
0.0481416400196
0.0608155957762
0.0998677890894
0.121166542009
0.0460291991305
0.0674413429184
0.0431191568622
0.0476535833735
0.208629577406
0.0419506331726
0.148586529946
0.0301846763371
0.0462967097067
0.0791377039392
0.0713303176971
0.0328553651202
0.0580065687111
0.0463752505408
0.0852693175999
0.0317692634773
0.0707685225806
0.0614446921275
0.0328927517356
0.097406698574
0.895378471084
0.145323555188
0.0803518695895
0.0663907255323
2.17297591178
0.0504484112395
0.0383762753023
0.0289803672718
0.0129457125027
0.0773804206444
0.0777554994025
0.0117696613773
0.0568814404862
0.0454217626096
0.0203638519976
0.0617408762469
0.0890899826361
0.0736258901258
0.0173094365444
0.130955428011
0.129071661231
0.0674143002383
0.0383405947584
0.0538753377824
0.0654985649732
0.37404105927
0.0687108438931
0.0844617046452
0.240250133545
0.061961542996
0.0852211031586
0.0701554938091
0.0607308357934
0.0704190289151
0.0531110613561
0.0583458326992
0.103089844637
0.0507023007112
0.153762607737
0.183856148737
0.0234540125366
0.0324945970715
0.245223376081
0.0841937607962
0.0526592153359
0.148085807816
0.035177321911
0.0569771134919
0.0735615530881
0.035214162277
0.0562072643854
0.0722918922897
0.0509772572303
0.0588491417367
0.0486108026489
0.0966256884997
0.0697359416815
0.0480165212891
0.104143860419
0.0523106426351
0.128771215085
0.0626120171095
0.0801628955418
0.0453122206683
0.0627528043666
0.122333467072
0.0514314513038
0.0730108191063
0.0961870444043
0.0885548993501
0.0642241568513
0.124434376878
0.10083573224
0.0369476346071
0.0599288095613
0.0747411670373
0.0542052490212
0.0774951295961
0.033241717653
0.0221448882362
0.0401569722983
0.769655624711
0.116919471248
0.22078795487
0.0238676108657
0.043264810416
0.107577039669
0.108923223306
0.128013132761
0.0816135844059
0.0765503175535
0.151524582223
0.106572697436
0.0706503796761
0.196286170529
0.0597510216503
0.0139833752071
0.0428525548318
0.0757341101143
0.0841581105617
0.0680184758366
0.0679202787662
0.0210025125224
0.0576468872967
0.0825836483007
0.0387511515556
0.0375636626738
0.121956506996
0.073528259215
0.0377936982814
0.159346656715
0.0402056578398
0.0597960724548
0.0874134138873
0.0535233015521
0.048933801691
0.0385709551459
0.0581282766254
0.0363709050193
0.0599716350534
0.0635782481617
0.210392751933
0.0559288214206
0.0340763550909
0.0412562282434
0.0331863264842
0.0547956971374
0.0710774430923
0.0324920494543
0.178619988304
0.0396468441076
0.112433323942
0.425943108326
0.0655950599553
0.0391606757447
0.0712942644097
0.0448815972206
0.0198178720519
0.038444735142
0.0199990820838
0.0590519449896
0.0301313583666
0.0994645290385
0.0617463417375
0.0407725950683
0.0213030373648
0.0277189165449
0.137301121808
0.0184088471399
0.127878191758
0.116014481959
0.143810166296
0.0539847484712
0.0257120141409
0.0627736496153
0.243196703905
0.0974223899779
0.0978966943544
0.0422502784528
0.0231307799893
0.0130506958756
0.0739202806705
0.085773081704
0.0564827760429
0.0669020020568
0.184417517437
0.0879058007941
0.101900512318
0.115203466597
0.0593907915621
0.077755737395
0.0790377773218
0.0808837431428
0.0293329102163
0.103565301118
0.0367674528174
0.0588219566261
0.122942085028
0.0653613755673
0.0847779737109
0.148027930848
0.129908859118
0.0832680600627
0.343602009466
0.0421639199022
0.0355143745985
0.0496517704444
0.0550570582133
0.143804146048
0.208618837525
0.485360082806
0.050644922423
0.0624601241683
0.143647293721
0.0424237436627
0.045287632111
0.111646278583
0.0543237265582
0.0259663785254
0.130679841557
0.237958339123
0.0535205343201
0.0705827556638
0.0492185297704
0.0336368460649
0.0618346748605
0.0643666848432
0.0676275490484
0.0452729460839
0.0601209350374
0.0609050511993
0.0862313219927
0.0539404540805
0.0870751431709
0.104571133869
0.22654674035
0.210778537946
0.0114916839469
0.0171397094145
0.0241049404918
0.0514883015759
0.119176855973
0.0558278205763
0.0534033301062
0.137420986029
0.0705037814022
0.050016567682
0.105138470615
0.0638500552842
0.464731366932
0.198932036626
0.0300466110214
0.0825578871383
0.0868048954202
0.0890049853854
0.0566019696574
0.0113225698385
0.0393404496561
0.045692860935
0.0775857968209
0.0980787421685
0.0728598218611
0.124630374577
0.0527598618231
0.0369065889543
0.0381159301829
0.0137857231386
0.191102814689
0.0540863967758
0.0861959119186
0.0913401104468
0.0589053117252
0.126672048978
0.0703304499578
0.0731793579434
0.0475805013543
0.0754025682256
0.0884065104295
0.0711518204384
0.740592990553
0.0537586256916
0.0922555950781
0.0838590013325
0.0939986061393
0.0462323042201
0.245455834785
0.0805775003324
0.17592346088
0.0379927934163
0.0612214913078
0.0353624831864
0.0583900035792
0.0952216866858
0.0377947352832
0.113174541323
0.0459857205505
0.0858224115493
0.0549323061401
0.0872729462633
0.0197923502569
0.119885390871
0.137730989418
0.0588628728086
0.468129195048
0.0859753645656
0.0590029849967
0.0551360597353
0.288508023478
0.0393473071556
0.133118424475
0.119549664895
0.125034755923
0.493915251304
0.0762438532732
0.0683101539799
0.20767461089
0.179839768566
0.0241158063807
0.108223173253
0.120915733526
0.120547860087
0.0565031067679
0.110706660742
0.0709198320991
0.0547357521305
0.0812323618786
0.0673022576835
0.0143858492716
0.0746973766728
0.27842142074
0.0300658324922
0.083488322796
0.0885762799596
0.0577878883509
0.054968543761
0.260723034703
0.0563772091673
0.133623697534
0.0770463095818
0.0579249624055
0.0365429513557
0.173459554147
0.130439442395
0.0156952200031
0.0655216170624
0.0617340894774
0.0839790874994
0.0430774625079
0.109264041572
0.111346905812
0.128855503808
0.0776590351004
0.0599128436004
0.130066973643
0.0153566062939
0.066425379112
0.0547537761052
0.141369364887
0.0853069288148
0.0905310013742
0.0591081731738
0.0660851639706
0.0695461609372
0.0415212773137
0.0902176059468
0.063022394487
0.0708939225704
0.0541422695794
0.102060952162
0.0745210778951
0.0670024941857
0.0847372190339
0.103685012085
0.0707116571418
0.070877274194
0.076640174359
0.118886164609
0.0537968477627
0.0710849575715
0.0601911227668
0.0741595618714
0.0677821527034
0.466228365367
0.260735230404
0.0806946238586
0.0970895153147
0.0745105788999
0.11894604959
0.261232475457
0.032492373579
0.0723471027059
0.0911562106076
0.0786085504141
0.0972207634414
0.091363718817
0.192802696258
0.0832673685887
0.0551166309146
0.086485524581
0.0997812978481
0.0137317681086
0.0971525754338
0.0747913948533
0.0973917077653
0.142512685407
0.460584524877
0.103523670457
0.0710912299123
0.0708906440508
0.166491790223
0.273643365643
0.0821049580952
0.109444956416
0.0553607086041
0.0394249741876
0.0712980008615
0.0998726474366
0.0525282307695
0.11188388729
0.037363626066
0.122874370168
0.0818041732169
0.109860212911
0.0967087171546
0.115582641281
0.202291282221
0.0938871173521
0.0711654847698
0.0449308029543
0.0684554167874
0.0601720679031
0.219742909153
0.0879876227104
0.0880921440842
0.0628721825213
0.0537111992452
0.0930753557902
0.0807987345041
0.0477451608186
0.167490691477
0.0457571750689
0.0611109523494
0.0157750045586
0.0673511668631
0.0612888018249
0.047543042584
0.0205105390206
0.245028314708
0.0567394788781
0.0528690693085
0.0612161119662
0.0031470763517
0.021582055727
0.0698835912348
0.05163429712
0.179088714766
0.0654687249911
0.0387059767564
0.0359082790295
0.107035803868
0.0678066937871
0.054190014938
0.00760273832356
0.0631928415914
0.121667515512
0.106119167465
0.102591093788
0.0667897721032
0.047798944093
0.0502529690942
0.0645316978195
0.0474696691615
0.0549660859377
0.0771749515416
0.0705386364355
0.0460647024843
0.0778344806667
0.0599051500583
0.0757921306394
0.0349203420843
0.0572142321973
0.0626127271811
0.259661328983
0.0542083315455
0.114296143304
0.0680485519665
0.0763594475907
0.101051145127
0.0393947508578
0.189301195641
0.0560549618251
0.0495746572268
0.126779920439
0.064183420734
0.0955727598987
0.0675599019739
0.133215365713
0.814328646162
0.0836956822174
0.071923377653
0.0210882656448
0.0597277861639
0.07699666135
0.0448565710681
0.179509280939
0.0907667519522
0.0835146197021
0.0460035274897
0.0555169622642
0.0546706827173
0.0522900472217
0.0562297578673
0.0662000110652
0.0524706493536
0.207568603493
0.0790371834584
0.0262501337686
0.0503886681799
0.0564980319807
0.0618552338765
0.0947486330375
0.084973071857
0.244310666634
0.0641243571596
0.0848194707562
0.00584690809424
0.177191667012
0.0717487124359
0.067000421721
0.0621800298988
0.0363626149002
0.0746400041348
0.0464520209076
0.132747155674
0.0138659394461
0.0636513511638
0.0465437450751
0.188941387169
0.00956327181192
0.107696770486
0.123892826004
0.132114088896
0.0164808038283
0.0278834489717
0.080219993944
0.0452606691366
0.0361715468326
0.0915204634083
0.111780801109
0.109151475572
0.0504244370335
0.0611110940926
0.177215181687
0.0360958214492
0.0949554121451
0.0247763785148
0.139839763612
0.155615346382
0.0633597706514
0.0693556299983
0.0555390216071
0.0853482232933
0.0412825084906
0.056622874345
0.0498821714896
0.0902752021249
0.152573681917
0.169745427769
0.0299463621498
0.0695386859637
0.0729646416069
0.0902782219277
0.0504607866881
0.24677542805
0.0229971308258
0.0252510507938
0.0612844896336
0.0880132160773
0.0705721032237
0.115025789415
0.0767641586669
0.0585449988847
0.0793069785871
0.118922785922
0.0661418240633
0.0448175829024
0.04752351712
0.0578519294931
0.121702605339
0.103292459532
0.168225867788
0.433830526892
0.129716370223
0.036924418842
0.0816932560132
0.0717831676131
0.122778499646
0.112044761995
0.0422320985744
0.0255894408445
0.153008155586
0.0980907457781
0.0827442513672
0.133189070689
0.430991116644
0.123034638163
0.0614800030799
0.0623646558736
0.0631338624573
0.157205780667
0.0991144482919
0.0795613381131
0.0601868231979
0.0548850252514
0.197425004142
0.0714768278352
0.0947869215925
0.0793945756311
0.37473099389
0.115389389902
0.14962680482
0.06291113601
0.0602219137864
0.170764337256
0.136885565903
0.0976510110788
0.0743730631228
0.0870688657389
0.0971774747272
0.0434631817979
0.0782775155233
0.129668196611
0.147107786624
0.166387398574
0.0518404560908
0.175441500409
0.055355749484
0.177584095117
0.116696047933
0.0429264793957
0.0666425250546
0.0425321713653
0.0657799265315
0.037026168174
0.0530505018061
0.0823129688084
0.0567550592814
0.0537129497177
0.0693561860386
0.054479462764
0.0636330310195
0.0428785145975
0.0362746371245
0.0881593643974
0.217079250691
0.0541055033601
0.0355360837747
0.0486594606607
0.057529527682
0.0520760029992
0.150964654609
0.0276407991169
0.0846720600549
0.0466972284815
0.0205848828051
0.193330333044
0.0374017167618
0.0428350851295
0.0869060947048
0.153571192674
0.0352529348715
0.0261858259829
0.223134194254
0.0557918939943
0.0466221117706
0.192434088131
0.0504599054182
0.0833036209657
0.146884622513
0.0641127031736
0.0576668195235
0.146088025431
0.043313351056
0.0633833951642
0.123267260016
0.0175392028088
0.0431505284478
0.0322903466605
0.0972474919357
0.0298608528113
0.0585187249431
0.0428747010538
0.0344623531651
0.0405350254116
0.0632311261056
0.0739422925172
0.0919825153188
0.163576415033
0.0351197099726
0.063879414749
0.0622046018374
0.0638902290049
0.0273477470227
0.0995405936774
0.0320880908705
0.0642235904645
0.100441241598
0.0294061131852
0.042201538588
0.0380363705571
0.051503739745
0.059747242461
0.185782071084
0.0896538035318
0.0879990776785
0.0714070976599
0.104097667991
0.0227129080588
0.0746377284532
0.0545091640149
0.432873343356
0.0478529611251
0.0468996674977
0.0624414493212
0.057486540049
0.0803066965424
0.0615853572768
0.0353098092118
0.282595474984
0.00471783636532
0.144637417022
0.165896020314
0.0425126054347
0.13588700091
0.0631872284368
0.0610381438226
0.0808482830144
0.0693521713305
0.0440439475266
0.0244796398025
0.0309048245646
0.0795997276839
0.0142289423511
0.107673255025
0.184043110007
0.0115854785714
0.0791922263703
0.0770546442203
0.436590754365
0.054238739049
0.0322898046742
0.101762501356
0.0395072620985
0.0712336317257
0.0808059149204
0.195641943335
0.0966597237622
0.324506306289
0.0621427672249
0.188622492031
0.162005100689
0.0978807892318
0.0394891279688
0.066977707329
0.0869792556812
0.0439975444319
0.0650696563862
0.0827023094414
0.099825967939
0.0512583186735
0.100968415884
0.105941560075
0.1381937651
0.140103050281
0.0654634210847
0.0754833000627
0.0828615662166
0.049933041418
0.0746140305438
0.0391271199175
0.0817189938875
0.104016035465
0.0311755444371
0.113111754166
0.0657009215173
0.0617887248313
0.123306540436
0.0364077485949
0.0912602476433
0.0903700230078
0.0957298144472
0.100196938032
0.0581774474605
0.0646413654477
0.0933407144309
0.0659464340878
0.0912101284636
0.197824423846
0.122713222653
0.0626825146757
0.135416370195
0.0663283639293
0.0396410504171
0.0208301051822
0.08893459015
0.0558568942207
0.1098084462
0.0833190467607
0.0663088881237
0.0650912015916
0.0755656518537
0.0729316866984
0.0817063255972
0.0791467469019
0.111665680104
0.220405466494
0.0757682741924
0.0790419420333
0.0973416716121
0.0557895699353
0.0461425244826
0.146357723433
0.137836115136
0.0476059485865
0.0944108102942
0.080807835657
0.0565908871847
0.104562768016
0.148972983009
0.0484130919955
0.0802505936468
0.0372109654391
0.0923632229042
0.0586098131262
0.0640175174557
0.0293861049091
0.173100128715
0.099895024089
0.0817831830075
0.0276796302702
0.0597780000454
0.0770729368919
0.0208471303729
0.574724038088
0.0463163811092
0.0694378218991
0.0602230419763
0.0821092799632
0.0702320410685
0.0766858381947
0.0813311983816
0.194178569871
0.165546035896
0.0300232009549
0.171960331516
0.0457751908443
0.112557313502
0.0561001599226
0.301787168975
0.112851618114
0.103618605644
0.249328549274
0.0940383287205
0.0828254758407
0.0919763936788
0.10516392724
0.217654721821
0.0455528442358
0.0268056910578
0.0484489038395
0.0237857704263
0.122288570893
0.0791749327107
0.130388898871
0.04674278878
0.0860582720815
0.131009074407
0.0607265799163
0.066655192729
0.119616303879
0.0762032611135
0.0425832398953
0.0720959701363
0.0618271404133
0.136752967271
0.0902554253183
0.02118471797
0.113021281003
0.0682930764259
0.180921503513
0.0655299742412
0.0866110352506
0.0153730419511
0.0999844736204
0.0525076025987
0.0582940692702
0.0847078578984
0.0739898618814
0.00747914935695
0.0981346963448
0.0886637113128
0.180179066011
0.0564241728487
0.00666852617017
0.0719288960272
0.122560640058
0.141661816985
0.0708900772427
0.143737547518
0.101885491871
0.131857559359
0.0991589401519
0.11629483363
0.203002317482
0.0918815420981
0.0448867025229
0.0381423180946
0.0634988098497
0.065484810365
0.0382072433357
0.0798530823124
0.14455889734
0.0337574744591
0.233546293356
0.073572992782
0.0338513549913
0.0544289688799
0.0612901874695
0.0495668943656
0.0590625580523
0.0511398901172
0.0728356194447
0.104202969052
0.0185482653268
0.1295250527
0.0639356748394
0.0651617631268
0.10420110328
0.0932774857132
0.0743451071443
0.0712480078049
0.0224014411121
0.503234670865
0.0437824146441
0.0898375406424
0.0681043726801
0.0466770250875
0.0820150030371
0.0571210420381
0.0422695465174
0.0939432338429
0.0910634449329
0.0183041289935
0.0213668914394
0.0601210650788
0.0909311237158
0.0899779299111
0.393918208047
0.0586864476254
0.0804427336643
0.17659442674
0.0574678169426
0.0612917113685
0.0416750405298
0.0786769163724
0.0976214229987
0.0157232726799
0.0614346867823
0.0659769297914
0.0592291397747
0.0346751420947
0.0721084436308
0.236191632145
0.152556265676
0.0864160297787
0.0429764344095
0.102444162343
0.164824621028
0.0147329558001
0.0640750112237
0.0691958179673
0.0478516669253
0.0392291161499
0.0361614935672
0.0471242033672
0.0646935962771
0.00886867905297
0.0753417407366
0.300382881377
0.0545401080479
0.0883771118956
0.128218979113
0.0769801796289
0.112081387618
0.107162109558
0.0528088146917
0.0344259643075
0.0775033425356
0.051970734899
0.0559946426945
0.00546180282575
0.0705315539125
0.0616138370004
0.0785035625677
0.112166831512
0.0585771384066
0.130471348487
0.033940331322
0.104677399044
0.0748609436724
0.0490098306734
0.0680569718618
0.0952183966411
0.0727968500538
0.105942920209
0.0435186452733
0.0745876830415
0.0205491451077
0.0617098102002
0.0561120210718
0.0336876116075
0.033140716139
0.0542153676386
0.0939822310821
0.0326922660825
0.055527970173
0.103362868533
0.0903761782535
0.33283242197
0.0360554149187
0.0428128282862
0.029056559132
0.0644822782758
0.0799875937746
0.0946262317219
0.348026548024
0.11142816632
0.345468655397
0.0166978816857
0.0377798947411
0.0882439948381
0.0534419380678
0.0736998036212
0.0553426514777
0.0320808420144
0.079631550091
0.100383246747
0.120693688011
0.0872585572403
0.0590048553344
0.0292570781338
0.0533810717317
0.0730074508548
0.0739157924868
0.0573314139072
0.0821730024142
0.0549292683215
0.0589936430551
0.190033932724
0.0800838341676
0.0586491852896
0.102039504016
0.0552922771781
0.0655477864533
0.0550070443489
0.0788671405528
0.0452220094087
0.102261529651
0.0171852518119
0.0588855714014
0.0703333924099
0.0406028507713
0.044912511918
0.0876293875225
0.0737647577256
0.0600620497304
0.0931007915635
0.0861715402682
0.0699244502304
0.0695644942949
0.0405093526302
0.117483229545
0.112495840023
0.0431538293078
0.0394019035685
0.0800729251436
0.113543239943
0.0144446854795
0.0542372191089
0.055533725198
0.0399899709904
0.195233192102
0.061080718692
0.0572347261958
0.0372869755247
0.2204689092
0.0574954686837
0.0528791948155
0.072069555792
0.140933664665
0.109435570323
0.0500586986565
0.04391340399
0.143684003274
0.0579457723865
0.0618991741906
0.0626374763401
0.318645544675
0.0551019011627
0.0711740507536
0.046603682757
0.0755660338818
0.0520414489131
0.0963997759487
0.0929288304605
0.0534728810436
0.0483348862641
0.0821458093168
0.0729667815193
0.236775965271
0.0426008271778
0.0901768417239
0.0560183974823
0.0967704859498
0.0454467311869
0.0243459570214
0.089358750187
0.0666312569
0.0711009543224
0.0753604697272
0.122378322695
0.0462310994594
0.213170112541
0.0693063555907
0.0543557227726
0.0923547936728
0.0388345408107
0.0797585259897
0.0743985079121
0.0845243226595
0.0627505333365
0.0704145572611
0.119018184483
0.137708234418
0.0984528718096
0.0420710848401
0.048654815649
0.069736156956
0.0193286054139
0.0682913478023
0.0814478292102
0.0485333208933
0.0390861326719
0.0960324316118
0.0632396597528
0.0524956380107
0.237862615958
0.111527534506
0.0892681286267
0.140175528754
0.0519618046471
0.254530909919
0.088760033854
0.040737036605
0.0152727570556
0.149069461021
0.0957724716351
0.356001268544
0.202790029225
0.0898107480779
0.0801541619185
0.056828468724
0.023201845056
0.0374747040849
0.0801605820716
0.285388248722
0.0743166279561
0.0886068049823
0.172762159224
0.0878966366844
0.128736588147
0.0960394978791
0.0314507023325
0.133449880588
0.0647361841923
0.0488566096823
0.054691860171
0.156331624424
0.040104808536
0.0737863079852
0.0699356911344
0.00370434633005
0.0944724913866
0.128993068589
0.132545194459
0.0471562474
0.0324724166293
0.0566661932925
0.0848542299225
0.24148600715
0.0334043199079
0.115618629504
0.0568765623626
0.271325783415
0.0166890256961
0.0145334863506
0.0519154619134
0.215477437162
0.0166749322709
0.0715829961292
0.0510412538262
0.0659671260087
0.0643608281688
0.0491996042488
0.0392533743518
0.137866500041
0.923804670756
0.118332084831
0.0458355199381
0.0812519116141
0.188571534282
0.148895632042
0.0781702327869
0.0460030058645
0.095583468454
0.08348281007
0.0510117836788
0.0601390140186
0.0254864572153
0.042039989955
0.0991382621138
0.212727901382
0.0233231636298
0.0728070250141
0.0325240343516
0.0468540511337
0.190607844497
0.0295342167651
0.0346333637178
0.274723898718
0.062943334793
0.0438694356969
0.402849369485
0.0862560790711
0.0399985479002
0.0433997686676
0.0956565658043
0.0934659826325
0.0773526957813
0.0796612914842
0.0673389670812
0.10126218
0.0771663640749
0.0780106295583
0.0591048140999
0.021252266874
0.0731943422133
0.0483949632943
0.0786192937131
0.114575545063
0.106960266173
0.0444184809255
0.125655589782
0.0675609686316
0.244010524481
0.115901086498
0.067254387143
0.128125319732
0.218432832508
0.0718071469686
0.0769221796357
0.119743446567
0.0184323520283
0.0586121421255
0.111877090646
0.0462564821068
0.180922119205
0.0539661794764
0.122600777568
0.0505665552594
0.0576544752987
0.0723145688749
0.032754192436
0.059607491812
0.0171364965992
0.0982579492455
0.0852627546813
0.123670351117
0.0731651303687
0.211096623082
0.0923023157421
0.0285696262543
0.085194423224
0.0421060321921
0.0503971436183
0.0225094666404
0.0214666962157
0.0658979424458
0.0299825899575
0.266334301831
0.090256405493
0.0160015783191
0.123364427413
0.0691446718585
0.0211927277306
0.064118268141
0.200909449817
0.0365606786544
0.0305564478209
0.0958447007118
0.0668917312817
0.0692799438932
0.0803212431756
0.0817904551553
0.0482326496796
0.0453471504145
0.0615078318093
0.115913465013
0.0417046706591
0.133403680187
0.0735915933047
0.011134760894
0.188292624891
0.0369393424937
0.125143746273
0.021189680598
0.0513526935581
0.144492376152
0.0736091821056
0.0377256918567
0.0865432947058
0.0396321043502
0.0661414264602
0.167449567962
0.0661485312035
0.0385900928648
0.0732796489155
0.0763699072457
0.415638796682
0.0370467352921
0.0601715306642
0.0631005512592
0.0394616188818
0.0782799668693
0.0991170534966
0.12632750009
0.0406627903306
0.0739078088517
0.00543611807844
0.0559381284603
0.0773985585937
0.142319097398
0.0536606125155
0.0833550699337
0.499282332081
0.0327613498053
0.0479787478384
0.0915692056579
0.117587663829
0.0589876754488
0.0977428416039
0.128611407368
0.0506156734966
0.160428194911
0.0735315693019
0.0802113390356
0.0884945389266
0.104444299703
0.0799840309216
0.0723657248651
0.101592229687
0.120993126259
0.0368536187328
0.0454786867004
0.0704293532175
0.0574052806403
0.0898477019908
0.093207679896
0.140081192598
0.130865111038
0.0888034212868
0.0498148225542
0.12970167223
0.0642594658185
0.129464931699
0.0768762837756
0.123213918822
0.212804536701
0.145883836225
0.0963636721854
0.0353470348975
0.154541052803
0.127638123561
0.0885079268473
0.0687806105504
0.0701481387477
0.083498045686
0.0694130819256
0.139937033156
0.0688487778067
0.303229955365
0.0838197226279
0.0216724175745
0.132037247227
0.0741044140909
0.295996598626
0.0558080202917
0.0704332313678
0.0902520419927
0.0932463199581
0.137997389201
0.030224383248
0.0186609452365
0.0746182349089
0.070308994203
0.106914048378
0.0271361582687
0.0618384003202
0.254769319036
0.027702610737
0.0466294890185
0.529111884841
0.0675353119808
0.0842503189165
0.0898545635525
0.0133379767526
0.0793717050672
0.13604571277
0.0767432529179
0.26264006223
0.0471235363872
0.0460691026436
0.11036662101
0.0437583139701
0.0491897696389
0.144329745249
0.138293412303
0.17055396521
0.182332636057
0.0414564603514
0.237883069688
0.199286898038
0.048362564153
0.0819874931243
0.0799025008556
0.0438287101431
0.0767244575601
0.0441119691772
0.0644256986626
0.053699578337
0.113548287771
0.00304872403618
0.082203501597
0.0608075230622
0.0863589312945
0.0369863464591
0.0813305061902
0.129876671839
0.0608938813475
0.102970885084
0.0431162660922
0.133759292653
0.0345396607857
0.176128515129
0.472499631828
0.0867283766033
0.10110583349
0.0794200331789
0.0317008772855
0.126150701285
0.0658147105836
0.0673255538371
0.0266148205596
0.0732337644688
0.0341074588212
0.0758955594406
0.139436274311
0.143143606765
0.0988965065307
0.0639005859032
0.0445607515285
0.00765100286683
0.496768350126
0.0352077384988
0.28685097667
0.0332164347872
0.365129001901
0.083625597686
0.0573698747666
0.160129833716
0.0824522287299
0.0785347555683
0.0458429858769
0.0447779949814
0.0139753709389
0.132688929375
0.301038414111
0.0870964628476
0.10400272636
0.11870019636
0.129228207804
0.0533314694751
0.0547478250181
0.188306058553
0.0556631607927
0.0936324987408
0.00908333963706
0.114083275972
0.0155956208511
0.243669470951
0.0705945833467
0.128348018954
0.194468544822
0.055556760209
0.0926746536311
0.0726980957829
0.155831197631
0.0545894572692
0.0571189497761
0.108628717475
0.0301147864136
0.0431375551813
0.188293546496
0.0661540357666
0.732304226045
0.0819006671013
0.0634695273045
0.0724360105515
0.0214686241754
0.0689428364659
0.106796787755
0.0353469115862
0.70706058767
0.128920618617
0.0803585712471
0.121305171752
0.0593269381235
0.0614510109882
0.0934091112163
0.0663968717095
0.0577557139265
0.0839313338047
0.076106601016
0.0819671012423
0.0742760294316
0.180681912384
0.107314754614
0.107666244408
0.0109849867346
0.0823666138294
0.0442096152484
0.025738762855
0.0696028635353
0.0599750258043
0.438399265158
0.0161364516384
0.131400775454
0.0221582942995
0.930848249457
0.0252694442104
0.0695152972412
0.0820665714244
0.020567120334
0.00101166161431
0.0763502728304
0.090564572683
0.0777491387303
0.0168671669399
0.141058488268
0.0346958870486
0.0794848400171
0.0807167416708
0.0510845592701
0.0466060526175
0.0358563734706
0.0500001787357
0.107794703755
0.0672710915635
0.179835035641
0.126752274929
0.0399195265081
0.0605830781543
0.102813298055
0.0579683791989
0.0975209204929
0.0480261418033
0.0592650797096
0.104941331324
0.0619054191242
0.140867322334
0.059082971876
0.0188479969688
0.164319273644
0.0996277851906
0.022773725776
0.0657007182142
0.103718368738
0.0876236101053
0.0507678786263
0.111124885463
0.0307645109723
0.0673191648523
0.0532900253462
0.212415079318
0.24292205482
0.0395041235493
0.0387239420681
0.185462343687
0.0799849613438
0.042648897162
0.0265494776042
0.0567748670031
0.0505141082806
0.0714907553511
0.166673007445
0.0468842712683
0.119817635912
0.0238605831217
0.0534834829305
0.0572912249484
0.0713755049651
0.00377764660353
0.111887648062
0.075681392127
0.114297940791
0.080626280555
0.0648701024917
0.0268882374187
0.00870435152484
0.0804038228638
0.0464800275756
0.104560385684
0.061565974421
0.0474043325171
0.0466140644058
0.033521513343
0.0757487609488
0.0174346707732
0.124334913292
0.298678402985
0.0857307268854
0.0889431463898
0.180651297257
0.0348120050304
0.0683041698592
0.0140848858273
0.0540947684119
0.0669199144914
0.0530502756131
0.0494061522585
0.0482688887373
0.0694782776473
0.0699898009299
0.0667769136924
0.237735884303
0.0862182019538
0.091582790012
0.0372041797269
0.0867538008604
0.0878402947522
0.0626480103421
0.0963577711381
0.108484627628
0.0826139178762
0.0318424186714
0.18345043603
0.0311053573822
0.0726105644881
0.0430798108553
0.0744946734358
0.0534217233678
0.011626823045
0.0533823355724
0.0434317409353
0.295686281883
0.0879572352245
0.124254879754
0.20173713366
0.0632682022937
0.058893320084
0.652887089007
0.0711442596504
0.18710213649
0.0637223035641
0.0599057070897
0.1372426954
0.0639832223755
0.0311594654773
0.040347998781
0.0486829320251
0.0589258827446
0.0803456680822
0.0573591931528
0.041106193793
0.138530834199
0.0555414450387
0.0911413487421
0.085235455181
0.0336229293983
0.140285223306
0.10732071476
0.0781571960612
0.0644776856923
0.0775324131544
0.114203793719
0.182284039292
0.0868323271375
0.0814622781919
0.0435465520034
0.0774307551305
0.0721619983425
0.123892074127
0.214889247975
0.0756033761278
0.0666827916273
0.151621826739
0.0319667212682
0.158760465696
0.0122894266992
0.483753362706
0.0699926398341
0.0956014783869
0.132261969705
0.0537379576374
0.0289818651133
0.0861441173819
0.0507831345341
0.0594644032426
0.0631508434347
0.0960680525645
0.0785971507224
0.0560921670415
0.0785334774265
0.035236106807
0.0906397425408
0.0749778128236
0.059097168213
0.0868733480349
0.169732593956
0.0604389167416
0.0729273953984
0.0517651492539
0.0828005437632
0.0799887289251
0.0990015568172
0.0801322285744
0.069480993881
0.0693972729398
0.19144272825
0.0319552364724
0.0113178530507
0.0757716549619
0.0804061110156
0.104890892291
0.0393512195101
0.0939064995325
0.0487017254802
0.0963192250764
0.0858909048265
0.0561837366691
0.0824294373942
0.0866641468506
0.0958806355046
0.224544638585
0.178647225205
0.0952902369372
0.134440098392
0.089346705489
0.0311537756382
0.0783251044309
0.084694252669
0.0750599176282
0.025369252213
0.27516494385
0.0863905112863
0.142205917743
0.047653933253
0.112850938169
0.182740668857
0.0939292776212
0.0754795789978
0.168461149548
0.068283996108
0.291637017924
0.0425274394654
0.119244256324
0.104183585146
0.0748161267756
0.231575190443
0.0963620222354
0.0636979418096
0.0912337300197
0.208791579241
0.119903458001
0.107515739677
0.073265858338
0.130410161583
0.0982828336353
0.143056728926
0.0321055234484
0.0886680323843
0.0458237596377
0.0779162189827
0.110151473928
0.103499162222
0.103328275262
0.0922357370515
0.109216035172
0.106652347783
0.0917382541734
0.154834723801
0.123488698729
0.195648421392
0.0446360615307
0.0249133160382
0.0524971045304
0.0920110959138
0.0547650475563
0.0597795558939
0.0740298500489
0.0198007437413
0.116221525461
0.0696325086144
0.0782178297717
0.0702896735059
0.00521972623092
0.0237296946498
0.260823939629
0.130220163315
0.155080191243
0.0558171662881
0.0844579206371
0.107759495018
0.122416055651
0.0753027317363
0.0876799843997
0.0349283163053
0.0501630594248
0.0595301399368
0.0716863487381
0.0452042719403
0.023501509228
0.0991950269353
0.081206500007
0.118319822812
0.096296961337
0.0566868007119
0.0298410691454
0.101399679989
0.0835879670117
0.237321589774
0.0605856319162
0.0958403974932
0.0563337501379
0.104340700073
0.00378092485731
0.0612901132607
0.0226385971192
0.0245541868992
0.0329657231915
0.0879976962232
0.0376707371902
0.0455367589087
0.183230370359
0.068220928579
0.35921159217
0.0604063991558
0.0645165865406
0.0509586635072
0.0720142572465
0.0519352122701
0.0317759696854
0.05570207444
0.0992257488671
0.0629090016889
0.0786645622081
0.0981485276472
0.0577521268973
0.0684907967606
0.04300349844
0.0170077461016
0.0536273125059
0.0814592324785
0.0886241396565
0.0183099602176
0.168452474471
0.172979323051
0.0705288931583
0.0933558589132
0.122409799876
0.0525257468722
0.115414528911
0.0482957324882
0.0890783139347
0.05691877685
0.104607451729
0.107887724242
0.0987900570634
0.0860418505846
0.0878823041355
0.0688096692959
0.0263250022808
0.0808421397568
0.0963789061356
0.0605865407271
0.0369801263648
0.466378819493
0.0751483476625
0.0576489302628
0.0701466886297
0.0575179603998
0.0883588573721
0.0736568246603
0.0750517392732
0.0411353627242
0.0580392769678
0.0493974113244
0.0964011758324
0.0695388600399
0.0461622531488
0.0803651031212
0.12425184468
0.0138258293788
0.200754485263
0.145458772487
0.0655167318228
0.0328005985635
0.143625551823
0.0359140097011
0.0056898424574
0.0955262266735
0.0394513004397
0.0772341218243
0.0461451863839
0.136954266551
0.0867907727826
0.0876220236701
0.104786153485
0.0854894499663
0.0621624964853
0.0596560021309
0.111100430156
0.0844604814294
0.0961002285125
0.090545284274
0.0255229260081
0.0983105730537
0.050175237713
0.0539827123847
0.060269033783
0.0925803244555
0.112773622201
0.243848546005
0.0654054049361
0.115934003507
0.124680348346
0.0936383256728
0.0487753736415
0.0406460266651
0.082939332965
0.061184224071
0.185645146279
0.0889578858953
0.0498188882252
0.440077902802
0.0864205833648
0.065152483956
0.187934768558
0.0996907007667
0.0388939926004
0.118153353764
0.0806907539269
0.11233154541
0.284025639172
0.0728559115238
0.0632743465577
0.064644811603
0.116337816545
0.0659975968626
0.0302534401674
0.0484225697736
0.140658591615
0.169223861269
0.0576009637206
0.0483847608556
0.0394488722997
0.0692694818089
0.253655898189
0.0539581428309
0.13177592861
0.0960322921669
0.0642012253759
0.0352107385656
0.0596726244717
0.0733262242838
0.0903733406165
0.0473855328854
0.0539969744629
0.236811099227
0.0643562693396
0.0938995900439
0.057317924814
0.186591073365
0.0615434174542
0.0244826464915
0.0436114118463
0.0429432046734
0.0204109872418
0.0512113130963
0.0879131586677
0.0696996927291
0.0902973915501
0.21892379452
0.105781642488
0.0438424518184
0.0740759601236
0.489413221792
0.0882842340368
0.0409269093969
0.0514151186866
0.210970256565
0.139735466929
0.0773343148398
0.0536968562022
0.0734546316859
0.186770996317
0.0551969321673
0.0932926569937
0.0940261463333
0.0426855984282
0.0881878299636
0.0221382075916
0.120248611977
0.310624942838
0.160243789516
0.0616894984839
0.0754581628198
0.188649271663
0.0834399771366
0.0756057925816
0.10037419018
0.0790985454181
0.0943040464209
0.0539508176907
0.0643146711837
0.0931840364732
0.0640852459946
0.017695692634
0.0683801937628
0.134275429521
0.0677832690542
0.0995498281266
0.0195513026222
0.082664239316
0.0819941498093
0.0642426862327
0.13409391583
0.085067454699
0.179305758112
0.0442502193409
0.27146310912
0.129080003857
0.081083715979
0.0521195834323
0.0189801194567
0.0999551167558
0.136796937636
0.0892239347482
0.070384967932
0.0191675420312
0.0469489106129
0.00961442559913
1.18833078167
0.0512183374867
0.0574395068411
0.0187781398423
0.0899575755172
0.0827375883345
0.0526492629829
0.0899343397246
0.0884118304001
0.100920632071
0.0107945224009
0.0574452395314
0.0633245236399
0.113146379363
0.0115088873216
0.108130565408
0.0456676456743
0.0707676142284
0.0577253663618
0.0473119572446
0.0123548315793
0.0464073181997
0.0204583915201
0.0301249165159
0.0448225447965
0.0831616287882
0.0474885829307
0.0921125134397
0.0488633174283
0.0456785597147
0.276725794614
0.0848755032375
0.0302501818497
0.00767421595913
0.0605124095393
0.18609212513
0.287764114534
0.023296516715
0.246228064107
0.0314264306849
0.118691288404
0.279188243885
0.0773472709121
0.128655293581
0.0783367926978
0.076494417214
0.0471641669644
0.117983951468
0.036036690305
0.0550379614969
0.0664348883207
0.0644814569504
0.142242701893
0.0925780828066
0.0951912227139
0.0425757572697
0.107738233135
0.0133583003881
0.0383785109553
0.0448530525286
0.0583730522566
0.152198011455
0.0480957508562
0.0901125567422
0.0928048499956
0.0685392419729
0.0414750660866
0.0559239036863
0.113805100723
0.0794286042541
0.0456813192506
0.0652658543413
0.0728284227932
0.090380998869
0.0756151115533
