0.0711742423098
0.0877905419147
0.0909693021587
0.0922835399479
0.0967384432898
0.0710890067442
0.0725187559277
0.0776444552788
0.0956935969167
0.0714742437674
0.072508526742
0.0848834815591
0.0868987757674
0.071517290533
0.0752002915917
0.0754138301397
0.076024090369
0.0869146595665
0.0874552718399
0.090324395525
0.10442141432
0.0725083799609
0.0892873697196
0.0786370598472
0.0824877121945
0.0852051785307
0.0878333637122
0.0724673973335
0.0924949741901
0.100907101845
0.0727249142875
1.29570922409
0.0792292988807
0.0834051681734
0.0889977962256
0.100402407077
0.0723192140062
0.072995440759
0.0835572278674
0.0951228006619
0.0987586655587
0.100968789278
0.0782734096175
0.089056703322
0.0967845625587
0.0829267356752
0.0873484474915
0.090313347396
0.0910783014872
0.0709476254434
0.0853247047027
0.0864063327099
0.0891142547089
0.0919898535164
0.0967453252627
0.0995640555072
0.104347046644
0.0719095709245
0.0728568624139
0.0777194129073
0.0797384344779
0.0800335865683
0.081521826474
